01-Feb-2016 10:44:14.734 INFO [main] org.apache.catalina.startup.VersionLoggerListener.log Server version:        Apache Tomcat/8.0.15
01-Feb-2016 10:44:14.736 INFO [main] org.apache.catalina.startup.VersionLoggerListener.log Server built:          Nov 2 2014 19:25:20 UTC
01-Feb-2016 10:44:14.736 INFO [main] org.apache.catalina.startup.VersionLoggerListener.log Server number:         8.0.15.0
01-Feb-2016 10:44:14.736 INFO [main] org.apache.catalina.startup.VersionLoggerListener.log OS Name:               Mac OS X
01-Feb-2016 10:44:14.736 INFO [main] org.apache.catalina.startup.VersionLoggerListener.log OS Version:            10.11.2
01-Feb-2016 10:44:14.736 INFO [main] org.apache.catalina.startup.VersionLoggerListener.log Architecture:          x86_64
01-Feb-2016 10:44:14.737 INFO [main] org.apache.catalina.startup.VersionLoggerListener.log JAVA_HOME:             /Library/Java/JavaVirtualMachines/jdk1.8.0_40.jdk/Contents/Home/jre
01-Feb-2016 10:44:14.737 INFO [main] org.apache.catalina.startup.VersionLoggerListener.log JVM Version:           1.8.0_40-b27
01-Feb-2016 10:44:14.737 INFO [main] org.apache.catalina.startup.VersionLoggerListener.log JVM Vendor:            Oracle Corporation
01-Feb-2016 10:44:14.737 INFO [main] org.apache.catalina.startup.VersionLoggerListener.log CATALINA_BASE:         /Users/tkk/Development/Kredible/tomcatPer
01-Feb-2016 10:44:14.737 INFO [main] org.apache.catalina.startup.VersionLoggerListener.log CATALINA_HOME:         /Users/tkk/Development/Kredible/tomcatPer
01-Feb-2016 10:44:14.738 INFO [main] org.apache.catalina.startup.VersionLoggerListener.log Command line argument: -Djava.util.logging.config.file=/Users/tkk/Development/Kredible/tomcatPer/conf/logging.properties
01-Feb-2016 10:44:14.738 INFO [main] org.apache.catalina.startup.VersionLoggerListener.log Command line argument: -Djava.util.logging.manager=org.apache.juli.ClassLoaderLogManager
01-Feb-2016 10:44:14.738 INFO [main] org.apache.catalina.startup.VersionLoggerListener.log Command line argument: -Djava.endorsed.dirs=/Users/tkk/Development/Kredible/tomcatPer/endorsed
01-Feb-2016 10:44:14.738 INFO [main] org.apache.catalina.startup.VersionLoggerListener.log Command line argument: -Dcatalina.base=/Users/tkk/Development/Kredible/tomcatPer
01-Feb-2016 10:44:14.738 INFO [main] org.apache.catalina.startup.VersionLoggerListener.log Command line argument: -Dcatalina.home=/Users/tkk/Development/Kredible/tomcatPer
01-Feb-2016 10:44:14.738 INFO [main] org.apache.catalina.startup.VersionLoggerListener.log Command line argument: -Djava.io.tmpdir=/Users/tkk/Development/Kredible/tomcatPer/temp
01-Feb-2016 10:44:14.739 INFO [main] org.apache.catalina.core.AprLifecycleListener.lifecycleEvent The APR based Apache Tomcat Native library which allows optimal performance in production environments was not found on the java.library.path: /Users/tkk/Library/Java/Extensions:/Library/Java/Extensions:/Network/Library/Java/Extensions:/System/Library/Java/Extensions:/usr/lib/java:.
01-Feb-2016 10:44:14.904 INFO [main] org.apache.coyote.AbstractProtocol.init Initializing ProtocolHandler ["http-nio-8080"]
01-Feb-2016 10:44:14.944 INFO [main] org.apache.tomcat.util.net.NioSelectorPool.getSharedSelector Using a shared selector for servlet write/read
01-Feb-2016 10:44:14.947 INFO [main] org.apache.coyote.AbstractProtocol.init Initializing ProtocolHandler ["ajp-nio-8009"]
01-Feb-2016 10:44:14.950 INFO [main] org.apache.tomcat.util.net.NioSelectorPool.getSharedSelector Using a shared selector for servlet write/read
01-Feb-2016 10:44:14.950 INFO [main] org.apache.catalina.startup.Catalina.load Initialization processed in 718 ms
01-Feb-2016 10:44:15.020 INFO [main] org.apache.catalina.core.StandardService.startInternal Starting service Catalina
01-Feb-2016 10:44:15.021 INFO [main] org.apache.catalina.core.StandardEngine.startInternal Starting Servlet Engine: Apache Tomcat/8.0.15
01-Feb-2016 10:44:18.796 WARNING [localhost-startStop-1] org.apache.tomcat.jdbc.pool.ConnectionPool.init initialSize is larger than maxActive, setting initialSize to: 5
01-Feb-2016 10:44:18.796 WARNING [localhost-startStop-1] org.apache.tomcat.jdbc.pool.ConnectionPool.init minIdle is larger than maxActive, setting minIdle to: 5
01-Feb-2016 10:44:18.797 WARNING [localhost-startStop-1] org.apache.tomcat.jdbc.pool.ConnectionPool.init maxIdle is smaller than minIdle, setting maxIdle to: 5
01-Feb-2016 10:44:20.955 INFO [main] org.apache.coyote.AbstractProtocol.start Starting ProtocolHandler ["http-nio-8080"]
01-Feb-2016 10:44:20.963 INFO [main] org.apache.coyote.AbstractProtocol.start Starting ProtocolHandler ["ajp-nio-8009"]
01-Feb-2016 10:44:20.964 INFO [main] org.apache.catalina.startup.Catalina.start Server startup in 6013 ms
01-Feb-2016 10:44:58.476 INFO [main] org.apache.catalina.core.StandardServer.await A valid shutdown command was received via the shutdown port. Stopping the Server instance.
01-Feb-2016 10:44:58.477 INFO [main] org.apache.coyote.AbstractProtocol.pause Pausing ProtocolHandler ["http-nio-8080"]
01-Feb-2016 10:44:58.534 INFO [main] org.apache.coyote.AbstractProtocol.pause Pausing ProtocolHandler ["ajp-nio-8009"]
01-Feb-2016 10:44:58.589 INFO [main] org.apache.catalina.core.StandardService.stopInternal Stopping service Catalina
01-Feb-2016 10:44:58.615 WARNING [localhost-startStop-2] org.apache.catalina.loader.WebappClassLoaderBase.clearReferencesThreads The web application [ROOT] appears to have started a thread named [Abandoned connection cleanup thread] but has failed to stop it. This is very likely to create a memory leak. Stack trace of thread:
 java.lang.Object.wait(Native Method)
 java.lang.ref.ReferenceQueue.remove(ReferenceQueue.java:143)
 com.mysql.jdbc.AbandonedConnectionCleanupThread.run(AbandonedConnectionCleanupThread.java:43)
01-Feb-2016 10:44:58.616 WARNING [localhost-startStop-2] org.apache.catalina.loader.WebappClassLoaderBase.clearReferencesThreads The web application [ROOT] appears to have started a thread named [Abandoned connection cleanup thread] but has failed to stop it. This is very likely to create a memory leak. Stack trace of thread:
 java.lang.Object.wait(Native Method)
 java.lang.ref.ReferenceQueue.remove(ReferenceQueue.java:143)
 com.mysql.jdbc.AbandonedConnectionCleanupThread.run(AbandonedConnectionCleanupThread.java:43)
01-Feb-2016 10:44:58.623 INFO [main] org.apache.coyote.AbstractProtocol.stop Stopping ProtocolHandler ["http-nio-8080"]
01-Feb-2016 10:44:58.625 INFO [main] org.apache.coyote.AbstractProtocol.stop Stopping ProtocolHandler ["ajp-nio-8009"]
01-Feb-2016 10:44:58.626 INFO [main] org.apache.coyote.AbstractProtocol.destroy Destroying ProtocolHandler ["http-nio-8080"]
01-Feb-2016 10:44:58.626 INFO [main] org.apache.coyote.AbstractProtocol.destroy Destroying ProtocolHandler ["ajp-nio-8009"]
