09-Feb-2016 12:40:05.947 INFO [main] org.apache.catalina.core.StandardServer.await A valid shutdown command was received via the shutdown port. Stopping the Server instance.
09-Feb-2016 12:40:05.952 INFO [main] org.apache.coyote.AbstractProtocol.pause Pausing ProtocolHandler ["http-nio-8080"]
09-Feb-2016 12:40:06.007 INFO [main] org.apache.coyote.AbstractProtocol.pause Pausing ProtocolHandler ["ajp-nio-8009"]
09-Feb-2016 12:40:06.059 INFO [main] org.apache.catalina.core.StandardService.stopInternal Stopping service Catalina
09-Feb-2016 12:40:06.066 INFO [main] org.apache.coyote.AbstractProtocol.stop Stopping ProtocolHandler ["http-nio-8080"]
09-Feb-2016 12:40:06.070 INFO [main] org.apache.coyote.AbstractProtocol.stop Stopping ProtocolHandler ["ajp-nio-8009"]
09-Feb-2016 12:40:06.071 INFO [main] org.apache.coyote.AbstractProtocol.destroy Destroying ProtocolHandler ["http-nio-8080"]
09-Feb-2016 12:40:06.073 INFO [main] org.apache.coyote.AbstractProtocol.destroy Destroying ProtocolHandler ["ajp-nio-8009"]
09-Feb-2016 12:40:11.267 INFO [main] org.apache.catalina.startup.VersionLoggerListener.log Server version:        Apache Tomcat/8.0.15
09-Feb-2016 12:40:11.268 INFO [main] org.apache.catalina.startup.VersionLoggerListener.log Server built:          Nov 2 2014 19:25:20 UTC
09-Feb-2016 12:40:11.268 INFO [main] org.apache.catalina.startup.VersionLoggerListener.log Server number:         8.0.15.0
09-Feb-2016 12:40:11.268 INFO [main] org.apache.catalina.startup.VersionLoggerListener.log OS Name:               Mac OS X
09-Feb-2016 12:40:11.268 INFO [main] org.apache.catalina.startup.VersionLoggerListener.log OS Version:            10.11.2
09-Feb-2016 12:40:11.268 INFO [main] org.apache.catalina.startup.VersionLoggerListener.log Architecture:          x86_64
09-Feb-2016 12:40:11.269 INFO [main] org.apache.catalina.startup.VersionLoggerListener.log JAVA_HOME:             /Library/Java/JavaVirtualMachines/jdk1.8.0_40.jdk/Contents/Home/jre
09-Feb-2016 12:40:11.269 INFO [main] org.apache.catalina.startup.VersionLoggerListener.log JVM Version:           1.8.0_40-b27
09-Feb-2016 12:40:11.269 INFO [main] org.apache.catalina.startup.VersionLoggerListener.log JVM Vendor:            Oracle Corporation
09-Feb-2016 12:40:11.269 INFO [main] org.apache.catalina.startup.VersionLoggerListener.log CATALINA_BASE:         /Users/tkk/Development/Kredible/tomcatPer
09-Feb-2016 12:40:11.269 INFO [main] org.apache.catalina.startup.VersionLoggerListener.log CATALINA_HOME:         /Users/tkk/Development/Kredible/tomcatPer
09-Feb-2016 12:40:11.269 INFO [main] org.apache.catalina.startup.VersionLoggerListener.log Command line argument: -Djava.util.logging.config.file=/Users/tkk/Development/Kredible/tomcatPer/conf/logging.properties
09-Feb-2016 12:40:11.270 INFO [main] org.apache.catalina.startup.VersionLoggerListener.log Command line argument: -Djava.util.logging.manager=org.apache.juli.ClassLoaderLogManager
09-Feb-2016 12:40:11.270 INFO [main] org.apache.catalina.startup.VersionLoggerListener.log Command line argument: -Djava.endorsed.dirs=/Users/tkk/Development/Kredible/tomcatPer/endorsed
09-Feb-2016 12:40:11.270 INFO [main] org.apache.catalina.startup.VersionLoggerListener.log Command line argument: -Dcatalina.base=/Users/tkk/Development/Kredible/tomcatPer
09-Feb-2016 12:40:11.270 INFO [main] org.apache.catalina.startup.VersionLoggerListener.log Command line argument: -Dcatalina.home=/Users/tkk/Development/Kredible/tomcatPer
09-Feb-2016 12:40:11.270 INFO [main] org.apache.catalina.startup.VersionLoggerListener.log Command line argument: -Djava.io.tmpdir=/Users/tkk/Development/Kredible/tomcatPer/temp
09-Feb-2016 12:40:11.270 INFO [main] org.apache.catalina.core.AprLifecycleListener.lifecycleEvent The APR based Apache Tomcat Native library which allows optimal performance in production environments was not found on the java.library.path: /Users/tkk/Library/Java/Extensions:/Library/Java/Extensions:/Network/Library/Java/Extensions:/System/Library/Java/Extensions:/usr/lib/java:.
09-Feb-2016 12:40:11.442 INFO [main] org.apache.coyote.AbstractProtocol.init Initializing ProtocolHandler ["http-nio-8080"]
09-Feb-2016 12:40:11.481 INFO [main] org.apache.tomcat.util.net.NioSelectorPool.getSharedSelector Using a shared selector for servlet write/read
09-Feb-2016 12:40:11.484 INFO [main] org.apache.coyote.AbstractProtocol.init Initializing ProtocolHandler ["ajp-nio-8009"]
09-Feb-2016 12:40:11.487 INFO [main] org.apache.tomcat.util.net.NioSelectorPool.getSharedSelector Using a shared selector for servlet write/read
09-Feb-2016 12:40:11.487 INFO [main] org.apache.catalina.startup.Catalina.load Initialization processed in 710 ms
09-Feb-2016 12:40:11.513 INFO [main] org.apache.catalina.core.StandardService.startInternal Starting service Catalina
09-Feb-2016 12:40:11.513 INFO [main] org.apache.catalina.core.StandardEngine.startInternal Starting Servlet Engine: Apache Tomcat/8.0.15
09-Feb-2016 12:40:15.533 WARNING [localhost-startStop-1] org.apache.tomcat.jdbc.pool.ConnectionPool.init initialSize is larger than maxActive, setting initialSize to: 5
09-Feb-2016 12:40:15.533 WARNING [localhost-startStop-1] org.apache.tomcat.jdbc.pool.ConnectionPool.init minIdle is larger than maxActive, setting minIdle to: 5
09-Feb-2016 12:40:15.533 WARNING [localhost-startStop-1] org.apache.tomcat.jdbc.pool.ConnectionPool.init maxIdle is smaller than minIdle, setting maxIdle to: 5
09-Feb-2016 12:40:17.333 WARNING [localhost-startStop-1] null.null The following warnings have been detected: HINT: A HTTP GET method, public void com.kredible.services.MembersService.getUrlAuthRedirect(java.lang.String) throws java.lang.Exception, returns a void type. It can be intentional and perfectly fine, but it is a little uncommon that GET method returns always "204 No Content".

09-Feb-2016 12:40:17.362 INFO [main] org.apache.coyote.AbstractProtocol.start Starting ProtocolHandler ["http-nio-8080"]
09-Feb-2016 12:40:17.375 INFO [main] org.apache.coyote.AbstractProtocol.start Starting ProtocolHandler ["ajp-nio-8009"]
09-Feb-2016 12:40:17.376 INFO [main] org.apache.catalina.startup.Catalina.start Server startup in 5888 ms
09-Feb-2016 12:47:16.844 INFO [ContainerBackgroundProcessor[StandardEngine[Catalina]]] org.apache.catalina.core.StandardContext.reload Reloading Context with name [] has started
09-Feb-2016 12:47:16.861 WARNING [ContainerBackgroundProcessor[StandardEngine[Catalina]]] org.apache.catalina.loader.WebappClassLoaderBase.clearReferencesThreads The web application [ROOT] appears to have started a thread named [Abandoned connection cleanup thread] but has failed to stop it. This is very likely to create a memory leak. Stack trace of thread:
 java.lang.Object.wait(Native Method)
 java.lang.ref.ReferenceQueue.remove(ReferenceQueue.java:143)
 com.mysql.jdbc.AbandonedConnectionCleanupThread.run(AbandonedConnectionCleanupThread.java:43)
09-Feb-2016 12:47:16.862 WARNING [ContainerBackgroundProcessor[StandardEngine[Catalina]]] org.apache.catalina.loader.WebappClassLoaderBase.clearReferencesThreads The web application [ROOT] appears to have started a thread named [Abandoned connection cleanup thread] but has failed to stop it. This is very likely to create a memory leak. Stack trace of thread:
 java.lang.Object.wait(Native Method)
 java.lang.ref.ReferenceQueue.remove(ReferenceQueue.java:143)
 com.mysql.jdbc.AbandonedConnectionCleanupThread.run(AbandonedConnectionCleanupThread.java:43)
09-Feb-2016 12:47:16.862 SEVERE [ContainerBackgroundProcessor[StandardEngine[Catalina]]] org.apache.catalina.loader.WebappClassLoaderBase.checkThreadLocalMapForLeaks The web application [ROOT] created a ThreadLocal with key of type [org.jvnet.hk2.internal.PerLocatorUtilities$1] (value [org.jvnet.hk2.internal.PerLocatorUtilities$1@56f25911]) and a value of type [java.util.WeakHashMap] (value [{}]) but failed to remove it when the web application was stopped. Threads are going to be renewed over time to try and avoid a probable memory leak.
09-Feb-2016 12:47:16.863 SEVERE [ContainerBackgroundProcessor[StandardEngine[Catalina]]] org.apache.catalina.loader.WebappClassLoaderBase.checkThreadLocalMapForLeaks The web application [ROOT] created a ThreadLocal with key of type [org.jvnet.hk2.internal.PerLocatorUtilities$1] (value [org.jvnet.hk2.internal.PerLocatorUtilities$1@56f25911]) and a value of type [java.util.WeakHashMap] (value [{}]) but failed to remove it when the web application was stopped. Threads are going to be renewed over time to try and avoid a probable memory leak.
09-Feb-2016 12:47:16.863 SEVERE [ContainerBackgroundProcessor[StandardEngine[Catalina]]] org.apache.catalina.loader.WebappClassLoaderBase.checkThreadLocalMapForLeaks The web application [ROOT] created a ThreadLocal with key of type [org.jvnet.hk2.internal.PerLocatorUtilities$1] (value [org.jvnet.hk2.internal.PerLocatorUtilities$1@56f25911]) and a value of type [java.util.WeakHashMap] (value [{}]) but failed to remove it when the web application was stopped. Threads are going to be renewed over time to try and avoid a probable memory leak.
09-Feb-2016 12:47:16.863 SEVERE [ContainerBackgroundProcessor[StandardEngine[Catalina]]] org.apache.catalina.loader.WebappClassLoaderBase.checkThreadLocalMapForLeaks The web application [ROOT] created a ThreadLocal with key of type [org.jvnet.hk2.internal.PerLocatorUtilities$1] (value [org.jvnet.hk2.internal.PerLocatorUtilities$1@56f25911]) and a value of type [java.util.WeakHashMap] (value [{}]) but failed to remove it when the web application was stopped. Threads are going to be renewed over time to try and avoid a probable memory leak.
09-Feb-2016 12:47:16.863 SEVERE [ContainerBackgroundProcessor[StandardEngine[Catalina]]] org.apache.catalina.loader.WebappClassLoaderBase.checkThreadLocalMapForLeaks The web application [ROOT] created a ThreadLocal with key of type [org.jvnet.hk2.internal.PerLocatorUtilities$2] (value [org.jvnet.hk2.internal.PerLocatorUtilities$2@7a81bfca]) and a value of type [java.util.WeakHashMap] (value [{javax.servlet.http.HttpServletRequest com.kredible.services.MembersService.hsr=org.jvnet.hk2.internal.SoftAnnotatedElementAnnotationInfo@4acd334c}]) but failed to remove it when the web application was stopped. Threads are going to be renewed over time to try and avoid a probable memory leak.
09-Feb-2016 12:47:16.863 SEVERE [ContainerBackgroundProcessor[StandardEngine[Catalina]]] org.apache.catalina.loader.WebappClassLoaderBase.checkThreadLocalMapForLeaks The web application [ROOT] created a ThreadLocal with key of type [org.jvnet.hk2.internal.PerLocatorUtilities$1] (value [org.jvnet.hk2.internal.PerLocatorUtilities$1@56f25911]) and a value of type [java.util.WeakHashMap] (value [{}]) but failed to remove it when the web application was stopped. Threads are going to be renewed over time to try and avoid a probable memory leak.
09-Feb-2016 12:47:16.863 SEVERE [ContainerBackgroundProcessor[StandardEngine[Catalina]]] org.apache.catalina.loader.WebappClassLoaderBase.checkThreadLocalMapForLeaks The web application [ROOT] created a ThreadLocal with key of type [org.jvnet.hk2.internal.PerLocatorUtilities$1] (value [org.jvnet.hk2.internal.PerLocatorUtilities$1@56f25911]) and a value of type [java.util.WeakHashMap] (value [{}]) but failed to remove it when the web application was stopped. Threads are going to be renewed over time to try and avoid a probable memory leak.
09-Feb-2016 12:47:16.864 SEVERE [ContainerBackgroundProcessor[StandardEngine[Catalina]]] org.apache.catalina.loader.WebappClassLoaderBase.checkThreadLocalMapForLeaks The web application [ROOT] created a ThreadLocal with key of type [org.jvnet.hk2.internal.PerLocatorUtilities$2] (value [org.jvnet.hk2.internal.PerLocatorUtilities$2@7a81bfca]) and a value of type [java.util.WeakHashMap] (value [{public org.glassfish.jersey.servlet.WebComponent$HttpServletResponseReferencingFactory(javax.inject.Provider)=org.jvnet.hk2.internal.SoftAnnotatedElementAnnotationInfo@748e79ba, public org.glassfish.jersey.servlet.WebComponent$HttpServletRequestReferencingFactory(javax.inject.Provider)=org.jvnet.hk2.internal.SoftAnnotatedElementAnnotationInfo@30708ceb}]) but failed to remove it when the web application was stopped. Threads are going to be renewed over time to try and avoid a probable memory leak.
09-Feb-2016 12:47:16.864 SEVERE [ContainerBackgroundProcessor[StandardEngine[Catalina]]] org.apache.catalina.loader.WebappClassLoaderBase.checkThreadLocalMapForLeaks The web application [ROOT] created a ThreadLocal with key of type [org.jvnet.hk2.internal.PerLocatorUtilities$1] (value [org.jvnet.hk2.internal.PerLocatorUtilities$1@56f25911]) and a value of type [java.util.WeakHashMap] (value [{}]) but failed to remove it when the web application was stopped. Threads are going to be renewed over time to try and avoid a probable memory leak.
09-Feb-2016 12:47:16.864 SEVERE [ContainerBackgroundProcessor[StandardEngine[Catalina]]] org.apache.catalina.loader.WebappClassLoaderBase.checkThreadLocalMapForLeaks The web application [ROOT] created a ThreadLocal with key of type [org.jvnet.hk2.internal.PerLocatorUtilities$2] (value [org.jvnet.hk2.internal.PerLocatorUtilities$2@7a81bfca]) and a value of type [java.util.WeakHashMap] (value [{javax.servlet.http.HttpServletResponse com.kredible.services.MembersService.hsp=org.jvnet.hk2.internal.SoftAnnotatedElementAnnotationInfo@47f81ac0, protected org.glassfish.jersey.server.internal.process.ServerProcessingBinder$ContainerRequestFactory(javax.inject.Provider)=org.jvnet.hk2.internal.SoftAnnotatedElementAnnotationInfo@640c0620}]) but failed to remove it when the web application was stopped. Threads are going to be renewed over time to try and avoid a probable memory leak.
09-Feb-2016 12:47:16.864 SEVERE [ContainerBackgroundProcessor[StandardEngine[Catalina]]] org.apache.catalina.loader.WebappClassLoaderBase.checkThreadLocalMapForLeaks The web application [ROOT] created a ThreadLocal with key of type [org.jvnet.hk2.internal.PerLocatorUtilities$1] (value [org.jvnet.hk2.internal.PerLocatorUtilities$1@56f25911]) and a value of type [java.util.WeakHashMap] (value [{}]) but failed to remove it when the web application was stopped. Threads are going to be renewed over time to try and avoid a probable memory leak.
09-Feb-2016 12:47:19.429 SEVERE [ContainerBackgroundProcessor[StandardEngine[Catalina]]] org.apache.catalina.core.StandardContext.startInternal Error filterStart
09-Feb-2016 12:47:19.429 SEVERE [ContainerBackgroundProcessor[StandardEngine[Catalina]]] org.apache.catalina.core.StandardContext.startInternal Context [] startup failed due to previous errors
09-Feb-2016 12:47:19.436 WARNING [ContainerBackgroundProcessor[StandardEngine[Catalina]]] org.apache.catalina.loader.WebappClassLoaderBase.clearReferencesThreads The web application [ROOT] appears to have started a thread named [Abandoned connection cleanup thread] but has failed to stop it. This is very likely to create a memory leak. Stack trace of thread:
 java.lang.Object.wait(Native Method)
 java.lang.ref.ReferenceQueue.remove(ReferenceQueue.java:143)
 com.mysql.jdbc.AbandonedConnectionCleanupThread.run(AbandonedConnectionCleanupThread.java:43)
09-Feb-2016 12:47:19.438 INFO [ContainerBackgroundProcessor[StandardEngine[Catalina]]] org.apache.catalina.core.StandardContext.reload Reloading Context with name [] is completed
09-Feb-2016 12:56:36.915 INFO [main] org.apache.catalina.core.StandardServer.await A valid shutdown command was received via the shutdown port. Stopping the Server instance.
09-Feb-2016 12:56:36.915 INFO [main] org.apache.coyote.AbstractProtocol.pause Pausing ProtocolHandler ["http-nio-8080"]
09-Feb-2016 12:56:36.973 INFO [main] org.apache.coyote.AbstractProtocol.pause Pausing ProtocolHandler ["ajp-nio-8009"]
09-Feb-2016 12:56:37.026 INFO [main] org.apache.catalina.core.StandardService.stopInternal Stopping service Catalina
09-Feb-2016 12:56:37.028 INFO [main] org.apache.coyote.AbstractProtocol.stop Stopping ProtocolHandler ["http-nio-8080"]
09-Feb-2016 12:56:37.032 INFO [main] org.apache.coyote.AbstractProtocol.stop Stopping ProtocolHandler ["ajp-nio-8009"]
09-Feb-2016 12:56:37.033 INFO [main] org.apache.coyote.AbstractProtocol.destroy Destroying ProtocolHandler ["http-nio-8080"]
09-Feb-2016 12:56:37.033 INFO [main] org.apache.coyote.AbstractProtocol.destroy Destroying ProtocolHandler ["ajp-nio-8009"]
09-Feb-2016 12:56:40.252 INFO [main] org.apache.catalina.startup.VersionLoggerListener.log Server version:        Apache Tomcat/8.0.15
09-Feb-2016 12:56:40.254 INFO [main] org.apache.catalina.startup.VersionLoggerListener.log Server built:          Nov 2 2014 19:25:20 UTC
09-Feb-2016 12:56:40.254 INFO [main] org.apache.catalina.startup.VersionLoggerListener.log Server number:         8.0.15.0
09-Feb-2016 12:56:40.254 INFO [main] org.apache.catalina.startup.VersionLoggerListener.log OS Name:               Mac OS X
09-Feb-2016 12:56:40.254 INFO [main] org.apache.catalina.startup.VersionLoggerListener.log OS Version:            10.11.2
09-Feb-2016 12:56:40.254 INFO [main] org.apache.catalina.startup.VersionLoggerListener.log Architecture:          x86_64
09-Feb-2016 12:56:40.254 INFO [main] org.apache.catalina.startup.VersionLoggerListener.log JAVA_HOME:             /Library/Java/JavaVirtualMachines/jdk1.8.0_40.jdk/Contents/Home/jre
09-Feb-2016 12:56:40.254 INFO [main] org.apache.catalina.startup.VersionLoggerListener.log JVM Version:           1.8.0_40-b27
09-Feb-2016 12:56:40.255 INFO [main] org.apache.catalina.startup.VersionLoggerListener.log JVM Vendor:            Oracle Corporation
09-Feb-2016 12:56:40.255 INFO [main] org.apache.catalina.startup.VersionLoggerListener.log CATALINA_BASE:         /Users/tkk/Development/Kredible/tomcatPer
09-Feb-2016 12:56:40.255 INFO [main] org.apache.catalina.startup.VersionLoggerListener.log CATALINA_HOME:         /Users/tkk/Development/Kredible/tomcatPer
09-Feb-2016 12:56:40.255 INFO [main] org.apache.catalina.startup.VersionLoggerListener.log Command line argument: -Djava.util.logging.config.file=/Users/tkk/Development/Kredible/tomcatPer/conf/logging.properties
09-Feb-2016 12:56:40.256 INFO [main] org.apache.catalina.startup.VersionLoggerListener.log Command line argument: -Djava.util.logging.manager=org.apache.juli.ClassLoaderLogManager
09-Feb-2016 12:56:40.256 INFO [main] org.apache.catalina.startup.VersionLoggerListener.log Command line argument: -Djava.endorsed.dirs=/Users/tkk/Development/Kredible/tomcatPer/endorsed
09-Feb-2016 12:56:40.256 INFO [main] org.apache.catalina.startup.VersionLoggerListener.log Command line argument: -Dcatalina.base=/Users/tkk/Development/Kredible/tomcatPer
09-Feb-2016 12:56:40.256 INFO [main] org.apache.catalina.startup.VersionLoggerListener.log Command line argument: -Dcatalina.home=/Users/tkk/Development/Kredible/tomcatPer
09-Feb-2016 12:56:40.256 INFO [main] org.apache.catalina.startup.VersionLoggerListener.log Command line argument: -Djava.io.tmpdir=/Users/tkk/Development/Kredible/tomcatPer/temp
09-Feb-2016 12:56:40.256 INFO [main] org.apache.catalina.core.AprLifecycleListener.lifecycleEvent The APR based Apache Tomcat Native library which allows optimal performance in production environments was not found on the java.library.path: /Users/tkk/Library/Java/Extensions:/Library/Java/Extensions:/Network/Library/Java/Extensions:/System/Library/Java/Extensions:/usr/lib/java:.
09-Feb-2016 12:56:40.418 INFO [main] org.apache.coyote.AbstractProtocol.init Initializing ProtocolHandler ["http-nio-8080"]
09-Feb-2016 12:56:40.453 INFO [main] org.apache.tomcat.util.net.NioSelectorPool.getSharedSelector Using a shared selector for servlet write/read
09-Feb-2016 12:56:40.456 INFO [main] org.apache.coyote.AbstractProtocol.init Initializing ProtocolHandler ["ajp-nio-8009"]
09-Feb-2016 12:56:40.459 INFO [main] org.apache.tomcat.util.net.NioSelectorPool.getSharedSelector Using a shared selector for servlet write/read
09-Feb-2016 12:56:40.459 INFO [main] org.apache.catalina.startup.Catalina.load Initialization processed in 625 ms
09-Feb-2016 12:56:40.480 INFO [main] org.apache.catalina.core.StandardService.startInternal Starting service Catalina
09-Feb-2016 12:56:40.480 INFO [main] org.apache.catalina.core.StandardEngine.startInternal Starting Servlet Engine: Apache Tomcat/8.0.15
09-Feb-2016 12:56:43.901 WARNING [localhost-startStop-1] org.apache.tomcat.jdbc.pool.ConnectionPool.init initialSize is larger than maxActive, setting initialSize to: 5
09-Feb-2016 12:56:43.936 WARNING [localhost-startStop-1] org.apache.tomcat.jdbc.pool.ConnectionPool.init minIdle is larger than maxActive, setting minIdle to: 5
09-Feb-2016 12:56:43.936 WARNING [localhost-startStop-1] org.apache.tomcat.jdbc.pool.ConnectionPool.init maxIdle is smaller than minIdle, setting maxIdle to: 5
09-Feb-2016 12:56:45.755 WARNING [localhost-startStop-1] null.null The following warnings have been detected: HINT: A HTTP GET method, public void com.kredible.services.MembersService.getUrlAuthRedirect(java.lang.String) throws java.lang.Exception, returns a void type. It can be intentional and perfectly fine, but it is a little uncommon that GET method returns always "204 No Content".

09-Feb-2016 12:56:45.777 INFO [main] org.apache.coyote.AbstractProtocol.start Starting ProtocolHandler ["http-nio-8080"]
09-Feb-2016 12:56:45.782 INFO [main] org.apache.coyote.AbstractProtocol.start Starting ProtocolHandler ["ajp-nio-8009"]
09-Feb-2016 12:56:45.783 INFO [main] org.apache.catalina.startup.Catalina.start Server startup in 5323 ms
09-Feb-2016 13:04:47.524 INFO [ContainerBackgroundProcessor[StandardEngine[Catalina]]] org.apache.catalina.core.StandardContext.reload Reloading Context with name [] has started
09-Feb-2016 13:04:47.561 WARNING [ContainerBackgroundProcessor[StandardEngine[Catalina]]] org.apache.catalina.loader.WebappClassLoaderBase.clearReferencesThreads The web application [ROOT] appears to have started a thread named [Abandoned connection cleanup thread] but has failed to stop it. This is very likely to create a memory leak. Stack trace of thread:
 java.lang.Object.wait(Native Method)
 java.lang.ref.ReferenceQueue.remove(ReferenceQueue.java:143)
 com.mysql.jdbc.AbandonedConnectionCleanupThread.run(AbandonedConnectionCleanupThread.java:43)
09-Feb-2016 13:04:47.561 WARNING [ContainerBackgroundProcessor[StandardEngine[Catalina]]] org.apache.catalina.loader.WebappClassLoaderBase.clearReferencesThreads The web application [ROOT] appears to have started a thread named [Abandoned connection cleanup thread] but has failed to stop it. This is very likely to create a memory leak. Stack trace of thread:
 java.lang.Object.wait(Native Method)
 java.lang.ref.ReferenceQueue.remove(ReferenceQueue.java:143)
 com.mysql.jdbc.AbandonedConnectionCleanupThread.run(AbandonedConnectionCleanupThread.java:43)
09-Feb-2016 13:04:50.828 WARNING [ContainerBackgroundProcessor[StandardEngine[Catalina]]] null.null The following warnings have been detected: HINT: A HTTP GET method, public void com.kredible.services.MembersService.getUrlAuthRedirect(java.lang.String) throws java.lang.Exception, returns a void type. It can be intentional and perfectly fine, but it is a little uncommon that GET method returns always "204 No Content".

09-Feb-2016 13:04:50.837 INFO [ContainerBackgroundProcessor[StandardEngine[Catalina]]] org.apache.catalina.core.StandardContext.reload Reloading Context with name [] is completed
09-Feb-2016 13:05:17.963 INFO [main] org.apache.catalina.core.StandardServer.await A valid shutdown command was received via the shutdown port. Stopping the Server instance.
09-Feb-2016 13:05:17.964 INFO [main] org.apache.coyote.AbstractProtocol.pause Pausing ProtocolHandler ["http-nio-8080"]
09-Feb-2016 13:05:18.019 INFO [main] org.apache.coyote.AbstractProtocol.pause Pausing ProtocolHandler ["ajp-nio-8009"]
09-Feb-2016 13:05:18.074 INFO [main] org.apache.catalina.core.StandardService.stopInternal Stopping service Catalina
09-Feb-2016 13:05:18.094 WARNING [localhost-startStop-2] org.apache.catalina.loader.WebappClassLoaderBase.clearReferencesThreads The web application [ROOT] appears to have started a thread named [Abandoned connection cleanup thread] but has failed to stop it. This is very likely to create a memory leak. Stack trace of thread:
 java.lang.Object.wait(Native Method)
 java.lang.ref.ReferenceQueue.remove(ReferenceQueue.java:143)
 com.mysql.jdbc.AbandonedConnectionCleanupThread.run(AbandonedConnectionCleanupThread.java:43)
09-Feb-2016 13:05:18.098 INFO [main] org.apache.coyote.AbstractProtocol.stop Stopping ProtocolHandler ["http-nio-8080"]
09-Feb-2016 13:05:18.139 INFO [main] org.apache.coyote.AbstractProtocol.stop Stopping ProtocolHandler ["ajp-nio-8009"]
09-Feb-2016 13:05:18.240 INFO [main] org.apache.coyote.AbstractProtocol.destroy Destroying ProtocolHandler ["http-nio-8080"]
09-Feb-2016 13:05:18.241 INFO [main] org.apache.coyote.AbstractProtocol.destroy Destroying ProtocolHandler ["ajp-nio-8009"]
09-Feb-2016 13:05:21.157 INFO [main] org.apache.catalina.startup.VersionLoggerListener.log Server version:        Apache Tomcat/8.0.15
09-Feb-2016 13:05:21.158 INFO [main] org.apache.catalina.startup.VersionLoggerListener.log Server built:          Nov 2 2014 19:25:20 UTC
09-Feb-2016 13:05:21.158 INFO [main] org.apache.catalina.startup.VersionLoggerListener.log Server number:         8.0.15.0
09-Feb-2016 13:05:21.158 INFO [main] org.apache.catalina.startup.VersionLoggerListener.log OS Name:               Mac OS X
09-Feb-2016 13:05:21.158 INFO [main] org.apache.catalina.startup.VersionLoggerListener.log OS Version:            10.11.2
09-Feb-2016 13:05:21.158 INFO [main] org.apache.catalina.startup.VersionLoggerListener.log Architecture:          x86_64
09-Feb-2016 13:05:21.159 INFO [main] org.apache.catalina.startup.VersionLoggerListener.log JAVA_HOME:             /Library/Java/JavaVirtualMachines/jdk1.8.0_40.jdk/Contents/Home/jre
09-Feb-2016 13:05:21.159 INFO [main] org.apache.catalina.startup.VersionLoggerListener.log JVM Version:           1.8.0_40-b27
09-Feb-2016 13:05:21.159 INFO [main] org.apache.catalina.startup.VersionLoggerListener.log JVM Vendor:            Oracle Corporation
09-Feb-2016 13:05:21.159 INFO [main] org.apache.catalina.startup.VersionLoggerListener.log CATALINA_BASE:         /Users/tkk/Development/Kredible/tomcatPer
09-Feb-2016 13:05:21.159 INFO [main] org.apache.catalina.startup.VersionLoggerListener.log CATALINA_HOME:         /Users/tkk/Development/Kredible/tomcatPer
09-Feb-2016 13:05:21.160 INFO [main] org.apache.catalina.startup.VersionLoggerListener.log Command line argument: -Djava.util.logging.config.file=/Users/tkk/Development/Kredible/tomcatPer/conf/logging.properties
09-Feb-2016 13:05:21.160 INFO [main] org.apache.catalina.startup.VersionLoggerListener.log Command line argument: -Djava.util.logging.manager=org.apache.juli.ClassLoaderLogManager
09-Feb-2016 13:05:21.160 INFO [main] org.apache.catalina.startup.VersionLoggerListener.log Command line argument: -Djava.endorsed.dirs=/Users/tkk/Development/Kredible/tomcatPer/endorsed
09-Feb-2016 13:05:21.160 INFO [main] org.apache.catalina.startup.VersionLoggerListener.log Command line argument: -Dcatalina.base=/Users/tkk/Development/Kredible/tomcatPer
09-Feb-2016 13:05:21.160 INFO [main] org.apache.catalina.startup.VersionLoggerListener.log Command line argument: -Dcatalina.home=/Users/tkk/Development/Kredible/tomcatPer
09-Feb-2016 13:05:21.160 INFO [main] org.apache.catalina.startup.VersionLoggerListener.log Command line argument: -Djava.io.tmpdir=/Users/tkk/Development/Kredible/tomcatPer/temp
09-Feb-2016 13:05:21.160 INFO [main] org.apache.catalina.core.AprLifecycleListener.lifecycleEvent The APR based Apache Tomcat Native library which allows optimal performance in production environments was not found on the java.library.path: /Users/tkk/Library/Java/Extensions:/Library/Java/Extensions:/Network/Library/Java/Extensions:/System/Library/Java/Extensions:/usr/lib/java:.
09-Feb-2016 13:05:21.307 INFO [main] org.apache.coyote.AbstractProtocol.init Initializing ProtocolHandler ["http-nio-8080"]
09-Feb-2016 13:05:21.341 INFO [main] org.apache.tomcat.util.net.NioSelectorPool.getSharedSelector Using a shared selector for servlet write/read
09-Feb-2016 13:05:21.343 INFO [main] org.apache.coyote.AbstractProtocol.init Initializing ProtocolHandler ["ajp-nio-8009"]
09-Feb-2016 13:05:21.346 INFO [main] org.apache.tomcat.util.net.NioSelectorPool.getSharedSelector Using a shared selector for servlet write/read
09-Feb-2016 13:05:21.346 INFO [main] org.apache.catalina.startup.Catalina.load Initialization processed in 611 ms
09-Feb-2016 13:05:21.364 INFO [main] org.apache.catalina.core.StandardService.startInternal Starting service Catalina
09-Feb-2016 13:05:21.364 INFO [main] org.apache.catalina.core.StandardEngine.startInternal Starting Servlet Engine: Apache Tomcat/8.0.15
09-Feb-2016 13:05:24.760 WARNING [localhost-startStop-1] org.apache.tomcat.jdbc.pool.ConnectionPool.init initialSize is larger than maxActive, setting initialSize to: 5
09-Feb-2016 13:05:24.761 WARNING [localhost-startStop-1] org.apache.tomcat.jdbc.pool.ConnectionPool.init minIdle is larger than maxActive, setting minIdle to: 5
09-Feb-2016 13:05:24.761 WARNING [localhost-startStop-1] org.apache.tomcat.jdbc.pool.ConnectionPool.init maxIdle is smaller than minIdle, setting maxIdle to: 5
09-Feb-2016 13:05:26.679 WARNING [localhost-startStop-1] null.null The following warnings have been detected: HINT: A HTTP GET method, public void com.kredible.services.MembersService.getUrlAuthRedirect(java.lang.String) throws java.lang.Exception, returns a void type. It can be intentional and perfectly fine, but it is a little uncommon that GET method returns always "204 No Content".

09-Feb-2016 13:05:26.707 INFO [main] org.apache.coyote.AbstractProtocol.start Starting ProtocolHandler ["http-nio-8080"]
09-Feb-2016 13:05:26.713 INFO [main] org.apache.coyote.AbstractProtocol.start Starting ProtocolHandler ["ajp-nio-8009"]
09-Feb-2016 13:05:26.714 INFO [main] org.apache.catalina.startup.Catalina.start Server startup in 5367 ms
09-Feb-2016 13:15:56.400 INFO [ContainerBackgroundProcessor[StandardEngine[Catalina]]] org.apache.catalina.core.StandardContext.reload Reloading Context with name [] has started
09-Feb-2016 13:15:56.436 WARNING [ContainerBackgroundProcessor[StandardEngine[Catalina]]] org.apache.catalina.loader.WebappClassLoaderBase.clearReferencesThreads The web application [ROOT] appears to have started a thread named [Abandoned connection cleanup thread] but has failed to stop it. This is very likely to create a memory leak. Stack trace of thread:
 java.lang.Object.wait(Native Method)
 java.lang.ref.ReferenceQueue.remove(ReferenceQueue.java:143)
 com.mysql.jdbc.AbandonedConnectionCleanupThread.run(AbandonedConnectionCleanupThread.java:43)
09-Feb-2016 13:15:56.437 WARNING [ContainerBackgroundProcessor[StandardEngine[Catalina]]] org.apache.catalina.loader.WebappClassLoaderBase.clearReferencesThreads The web application [ROOT] appears to have started a thread named [Abandoned connection cleanup thread] but has failed to stop it. This is very likely to create a memory leak. Stack trace of thread:
 java.lang.Object.wait(Native Method)
 java.lang.ref.ReferenceQueue.remove(ReferenceQueue.java:143)
 com.mysql.jdbc.AbandonedConnectionCleanupThread.run(AbandonedConnectionCleanupThread.java:43)
09-Feb-2016 13:16:00.081 WARNING [ContainerBackgroundProcessor[StandardEngine[Catalina]]] org.glassfish.jersey.internal.Errors.logErrors The following warnings have been detected: HINT: A HTTP GET method, public void com.kredible.services.MembersService.getUrlAuthRedirect(java.lang.String) throws java.lang.Exception, returns a void type. It can be intentional and perfectly fine, but it is a little uncommon that GET method returns always "204 No Content".

09-Feb-2016 13:16:00.090 INFO [ContainerBackgroundProcessor[StandardEngine[Catalina]]] org.apache.catalina.core.StandardContext.reload Reloading Context with name [] is completed
09-Feb-2016 13:16:10.181 INFO [ContainerBackgroundProcessor[StandardEngine[Catalina]]] org.apache.catalina.core.StandardContext.reload Reloading Context with name [] has started
09-Feb-2016 13:16:10.191 WARNING [ContainerBackgroundProcessor[StandardEngine[Catalina]]] org.apache.catalina.loader.WebappClassLoaderBase.clearReferencesThreads The web application [ROOT] appears to have started a thread named [Abandoned connection cleanup thread] but has failed to stop it. This is very likely to create a memory leak. Stack trace of thread:
 java.lang.Object.wait(Native Method)
 java.lang.ref.ReferenceQueue.remove(ReferenceQueue.java:143)
 com.mysql.jdbc.AbandonedConnectionCleanupThread.run(AbandonedConnectionCleanupThread.java:43)
09-Feb-2016 13:16:10.192 SEVERE [ContainerBackgroundProcessor[StandardEngine[Catalina]]] org.apache.catalina.loader.WebappClassLoaderBase.checkThreadLocalMapForLeaks The web application [ROOT] created a ThreadLocal with key of type [org.jvnet.hk2.internal.PerLocatorUtilities$1] (value [org.jvnet.hk2.internal.PerLocatorUtilities$1@641cdf11]) and a value of type [java.util.WeakHashMap] (value [{}]) but failed to remove it when the web application was stopped. Threads are going to be renewed over time to try and avoid a probable memory leak.
09-Feb-2016 13:16:10.192 SEVERE [ContainerBackgroundProcessor[StandardEngine[Catalina]]] org.apache.catalina.loader.WebappClassLoaderBase.checkThreadLocalMapForLeaks The web application [ROOT] created a ThreadLocal with key of type [org.jvnet.hk2.internal.PerLocatorUtilities$2] (value [org.jvnet.hk2.internal.PerLocatorUtilities$2@2e49824f]) and a value of type [java.util.WeakHashMap] (value [{private org.jvnet.hk2.internal.DynamicConfigurationServiceImpl(org.glassfish.hk2.api.ServiceLocator)=org.jvnet.hk2.internal.SoftAnnotatedElementAnnotationInfo@25e90f69}]) but failed to remove it when the web application was stopped. Threads are going to be renewed over time to try and avoid a probable memory leak.
09-Feb-2016 13:16:10.192 SEVERE [ContainerBackgroundProcessor[StandardEngine[Catalina]]] org.apache.catalina.loader.WebappClassLoaderBase.checkThreadLocalMapForLeaks The web application [ROOT] created a ThreadLocal with key of type [org.jvnet.hk2.internal.PerLocatorUtilities$2] (value [org.jvnet.hk2.internal.PerLocatorUtilities$2@254b2c2e]) and a value of type [java.util.WeakHashMap] (value [{public org.glassfish.jersey.jaxb.internal.XmlRootObjectJaxbProvider$Text(org.glassfish.hk2.api.Factory,javax.ws.rs.ext.Providers)=org.jvnet.hk2.internal.SoftAnnotatedElementAnnotationInfo@27ad8bc1, public org.glassfish.jersey.server.internal.inject.BeanParamValueFactoryProvider(org.glassfish.jersey.server.internal.inject.MultivaluedParameterExtractorProvider,org.glassfish.hk2.api.ServiceLocator)=org.jvnet.hk2.internal.SoftAnnotatedElementAnnotationInfo@45143e81, private javax.ws.rs.container.ResourceContext org.glassfish.jersey.server.model.internal.VoidVoidDispatcherProvider.resourceContext=org.jvnet.hk2.internal.SoftAnnotatedElementAnnotationInfo@286be30d, private org.glassfish.jersey.server.model.internal.ResourceMethodDispatcherFactory org.glassfish.jersey.server.model.ResourceMethodInvoker$Builder.dispatcherProviderFactory=org.jvnet.hk2.internal.SoftAnnotatedElementAnnotationInfo@54bd8072, public org.glassfish.jersey.server.internal.inject.HeaderParamValueFactoryProvider(org.glassfish.jersey.server.internal.inject.MultivaluedParameterExtractorProvider,org.glassfish.hk2.api.ServiceLocator)=org.jvnet.hk2.internal.SoftAnnotatedElementAnnotationInfo@1f85faa7, private org.glassfish.jersey.process.internal.RequestScope org.glassfish.jersey.server.ServerRuntime$Builder.requestScope=org.jvnet.hk2.internal.SoftAnnotatedElementAnnotationInfo@7b813fe0, public org.glassfish.jersey.jaxb.internal.XmlRootObjectJaxbProvider$App(org.glassfish.hk2.api.Factory,javax.ws.rs.ext.Providers)=org.jvnet.hk2.internal.SoftAnnotatedElementAnnotationInfo@c05c816, public org.glassfish.jersey.message.internal.SourceProvider$SourceWriter(org.glassfish.hk2.api.Factory,org.glassfish.hk2.api.Factory)=org.jvnet.hk2.internal.SoftAnnotatedElementAnnotationInfo@340377f4, private org.glassfish.hk2.api.ServiceLocator org.glassfish.jersey.server.model.internal.JavaResourceMethodDispatcherProvider.serviceLocator=org.jvnet.hk2.internal.SoftAnnotatedElementAnnotationInfo@4e3e311, private javax.inject.Provider org.glassfish.jersey.internal.JaxrsProviders.workers=org.jvnet.hk2.internal.SoftAnnotatedElementAnnotationInfo@76efb252, public org.glassfish.jersey.server.internal.RuntimeExecutorsBinder$BackgroundSchedulerFactory(org.glassfish.jersey.spi.RuntimeThreadProvider)=org.jvnet.hk2.internal.SoftAnnotatedElementAnnotationInfo@540891e1, public org.glassfish.jersey.server.internal.inject.FormParamValueFactoryProvider(org.glassfish.jersey.server.internal.inject.MultivaluedParameterExtractorProvider,org.glassfish.hk2.api.ServiceLocator)=org.jvnet.hk2.internal.SoftAnnotatedElementAnnotationInfo@7b9bf043, private javax.inject.Provider org.glassfish.jersey.server.internal.inject.AbstractContainerRequestValueFactory.request=org.jvnet.hk2.internal.SoftAnnotatedElementAnnotationInfo@60fb6f4a, org.glassfish.jersey.server.internal.JerseyResourceContext(org.glassfish.hk2.api.ServiceLocator)=org.jvnet.hk2.internal.SoftAnnotatedElementAnnotationInfo@6b0d2c25, public org.glassfish.jersey.server.internal.inject.AsyncResponseValueFactoryProvider(javax.inject.Provider)=org.jvnet.hk2.internal.SoftAnnotatedElementAnnotationInfo@7b9a3f3c, public org.glassfish.jersey.server.internal.inject.ParamConverters$AggregatedProvider(org.glassfish.hk2.api.ServiceLocator)=org.jvnet.hk2.internal.SoftAnnotatedElementAnnotationInfo@5f27c1e4, public org.glassfish.jersey.jaxb.internal.XmlRootElementJaxbProvider$General(org.glassfish.hk2.api.Factory,javax.ws.rs.ext.Providers)=org.jvnet.hk2.internal.SoftAnnotatedElementAnnotationInfo@649d6475, private org.glassfish.hk2.api.ServiceLocator org.glassfish.jersey.server.internal.inject.ParamInjectionResolver.locator=org.jvnet.hk2.internal.SoftAnnotatedElementAnnotationInfo@66f310c7, private org.glassfish.hk2.api.ServiceLocator org.glassfish.jersey.server.internal.inject.BeanParamValueFactoryProvider.locator=org.jvnet.hk2.internal.SoftAnnotatedElementAnnotationInfo@4c3ab0fa, private javax.ws.rs.core.Configuration org.glassfish.jersey.server.ServerRuntime$Builder.configuration=org.jvnet.hk2.internal.SoftAnnotatedElementAnnotationInfo@2df37078, private org.glassfish.jersey.server.spi.ExternalRequestScope org.glassfish.jersey.server.ServerRuntime$Builder.externalRequestScope=org.jvnet.hk2.internal.SoftAnnotatedElementAnnotationInfo@2242177f, private org.glassfish.hk2.api.ServiceLocator org.glassfish.jersey.server.model.ResourceMethodInvoker$Builder.locator=org.jvnet.hk2.internal.SoftAnnotatedElementAnnotationInfo@5c495ed8, private org.glassfish.jersey.spi.ExceptionMappers org.glassfish.jersey.server.ServerRuntime$Builder.exceptionMappers=org.jvnet.hk2.internal.SoftAnnotatedElementAnnotationInfo@456d98cb, public org.glassfish.jersey.message.internal.SourceProvider$DomSourceReader(org.glassfish.hk2.api.Factory)=org.jvnet.hk2.internal.SoftAnnotatedElementAnnotationInfo@732b50ae, org.glassfish.jersey.server.model.internal.ResourceMethodDispatcherFactory(org.glassfish.hk2.api.ServiceLocator)=org.jvnet.hk2.internal.SoftAnnotatedElementAnnotationInfo@4160485b, org.glassfish.hk2.api.ServiceLocator org.glassfish.jersey.jaxb.internal.JaxbAutoDiscoverable.locator=org.jvnet.hk2.internal.SoftAnnotatedElementAnnotationInfo@57497131, private javax.inject.Provider org.glassfish.jersey.server.internal.JsonWithPaddingInterceptor.containerRequestProvider=org.jvnet.hk2.internal.SoftAnnotatedElementAnnotationInfo@7ecb10d3, public org.glassfish.jersey.jaxb.internal.XmlJaxbElementProvider$Text(org.glassfish.hk2.api.Factory,javax.ws.rs.ext.Providers)=org.jvnet.hk2.internal.SoftAnnotatedElementAnnotationInfo@574c9184, private javax.inject.Provider org.glassfish.jersey.jaxb.internal.DocumentProvider.dbf=org.jvnet.hk2.internal.SoftAnnotatedElementAnnotationInfo@14ad29a6, public org.glassfish.jersey.jaxb.internal.XmlRootElementJaxbProvider$App(org.glassfish.hk2.api.Factory,javax.ws.rs.ext.Providers)=org.jvnet.hk2.internal.SoftAnnotatedElementAnnotationInfo@87102fb, private javax.inject.Provider org.glassfish.jersey.jaxb.internal.DocumentProvider.tf=org.jvnet.hk2.internal.SoftAnnotatedElementAnnotationInfo@2e1ad6ae, private org.glassfish.jersey.process.internal.RequestExecutorFactory org.glassfish.jersey.server.ServerRuntime$Builder.asyncExecutorFactory=org.jvnet.hk2.internal.SoftAnnotatedElementAnnotationInfo@1de9b258, public org.glassfish.jersey.server.internal.inject.WebTargetValueFactoryProvider(org.glassfish.hk2.api.ServiceLocator,javax.ws.rs.core.Configuration)=org.jvnet.hk2.internal.SoftAnnotatedElementAnnotationInfo@60f4585a, public org.glassfish.jersey.jaxb.internal.XmlJaxbElementProvider$General(org.glassfish.hk2.api.Factory,javax.ws.rs.ext.Providers)=org.jvnet.hk2.internal.SoftAnnotatedElementAnnotationInfo@6092e865, public org.glassfish.jersey.message.internal.SourceProvider$SaxSourceReader(javax.inject.Provider)=org.jvnet.hk2.internal.SoftAnnotatedElementAnnotationInfo@1845ed7f, private java.util.concurrent.ScheduledExecutorService org.glassfish.jersey.server.ServerRuntime$Builder.backgroundScheduler=org.jvnet.hk2.internal.SoftAnnotatedElementAnnotationInfo@48eee75d, org.glassfish.jersey.server.model.internal.ResourceMethodInvocationHandlerFactory(org.glassfish.hk2.api.ServiceLocator)=org.jvnet.hk2.internal.SoftAnnotatedElementAnnotationInfo@a1a4092, public org.glassfish.jersey.server.internal.inject.MultivaluedParameterExtractorFactory(org.glassfish.jersey.server.internal.inject.ParamConverterFactory)=org.jvnet.hk2.internal.SoftAnnotatedElementAnnotationInfo@7d3c5074, public org.glassfish.jersey.jaxb.internal.XmlCollectionJaxbProvider$App(org.glassfish.hk2.api.Factory,javax.ws.rs.ext.Providers)=org.jvnet.hk2.internal.SoftAnnotatedElementAnnotationInfo@4a2574b9, public org.glassfish.jersey.jaxb.internal.JaxbStringReaderProvider$RootElementProvider(javax.inject.Provider,javax.ws.rs.ext.Providers)=org.jvnet.hk2.internal.SoftAnnotatedElementAnnotationInfo@754eb6af, public org.glassfish.jersey.server.internal.inject.DelegatedInjectionValueFactoryProvider(org.glassfish.hk2.api.ServiceLocator)=org.jvnet.hk2.internal.SoftAnnotatedElementAnnotationInfo@2d887644, public org.glassfish.jersey.server.internal.inject.QueryParamValueFactoryProvider(org.glassfish.jersey.server.internal.inject.MultivaluedParameterExtractorProvider,org.glassfish.hk2.api.ServiceLocator)=org.jvnet.hk2.internal.SoftAnnotatedElementAnnotationInfo@32282c71, public org.glassfish.jersey.internal.ExceptionMapperFactory(org.glassfish.hk2.api.ServiceLocator)=org.jvnet.hk2.internal.SoftAnnotatedElementAnnotationInfo@53490631, public org.glassfish.jersey.server.internal.inject.MatrixParamValueFactoryProvider(org.glassfish.jersey.server.internal.inject.MultivaluedParameterExtractorProvider,org.glassfish.hk2.api.ServiceLocator)=org.jvnet.hk2.internal.SoftAnnotatedElementAnnotationInfo@53b23939, private javax.inject.Provider org.glassfish.jersey.internal.JaxrsProviders.mappers=org.jvnet.hk2.internal.SoftAnnotatedElementAnnotationInfo@3d665f5d, public org.glassfish.jersey.server.internal.inject.PathParamValueFactoryProvider(org.glassfish.jersey.server.internal.inject.MultivaluedParameterExtractorProvider,org.glassfish.hk2.api.ServiceLocator)=org.jvnet.hk2.internal.SoftAnnotatedElementAnnotationInfo@4edea724, private javax.inject.Provider org.glassfish.jersey.internal.JaxrsProviders.resolvers=org.jvnet.hk2.internal.SoftAnnotatedElementAnnotationInfo@55bd5840, private org.jvnet.hk2.internal.DynamicConfigurationServiceImpl(org.glassfish.hk2.api.ServiceLocator)=org.jvnet.hk2.internal.SoftAnnotatedElementAnnotationInfo@1704d83f, private org.glassfish.hk2.api.ServiceLocator org.glassfish.jersey.internal.inject.ContextInjectionResolver.serviceLocator=org.jvnet.hk2.internal.SoftAnnotatedElementAnnotationInfo@1817e135, public org.glassfish.jersey.jaxb.internal.XmlRootObjectJaxbProvider$General(org.glassfish.hk2.api.Factory,javax.ws.rs.ext.Providers)=org.jvnet.hk2.internal.SoftAnnotatedElementAnnotationInfo@234b8294, public org.glassfish.jersey.jaxb.internal.XmlCollectionJaxbProvider$Text(org.glassfish.hk2.api.Factory,javax.ws.rs.ext.Providers)=org.jvnet.hk2.internal.SoftAnnotatedElementAnnotationInfo@1c8bb1e5, org.glassfish.jersey.internal.inject.JerseyClassAnalyzer(org.glassfish.hk2.api.ClassAnalyzer,org.glassfish.hk2.api.IterableProvider)=org.jvnet.hk2.internal.SoftAnnotatedElementAnnotationInfo@2dff576b, org.glassfish.jersey.server.internal.inject.ParamConverterFactory(org.glassfish.hk2.api.ServiceLocator)=org.jvnet.hk2.internal.SoftAnnotatedElementAnnotationInfo@a4615a8, public void org.glassfish.jersey.jaxb.internal.AbstractJaxbProvider.setConfiguration(javax.ws.rs.core.Configuration)=org.jvnet.hk2.internal.SoftAnnotatedElementAnnotationInfo@75e66956, private javax.inject.Provider org.glassfish.jersey.server.model.ResourceMethodInvoker$Builder.validatorProvider=org.jvnet.hk2.internal.SoftAnnotatedElementAnnotationInfo@34a3ea96, org.glassfish.jersey.server.internal.inject.EntityParamValueFactoryProvider(org.glassfish.jersey.server.internal.inject.MultivaluedParameterExtractorProvider,org.glassfish.hk2.api.ServiceLocator)=org.jvnet.hk2.internal.SoftAnnotatedElementAnnotationInfo@63b0b766, public org.glassfish.jersey.server.internal.process.ServerManagedAsyncExecutorFactory(org.glassfish.hk2.api.ServiceLocator)=org.jvnet.hk2.internal.SoftAnnotatedElementAnnotationInfo@596115ed, private org.glassfish.jersey.server.model.internal.ResourceMethodInvocationHandlerFactory org.glassfish.jersey.server.model.ResourceMethodInvoker$Builder.invocationHandlerProviderFactory=org.jvnet.hk2.internal.SoftAnnotatedElementAnnotationInfo@1f0b7b4e, public org.glassfish.jersey.server.internal.inject.CookieParamValueFactoryProvider(org.glassfish.jersey.server.internal.inject.MultivaluedParameterExtractorProvider,org.glassfish.hk2.api.ServiceLocator)=org.jvnet.hk2.internal.SoftAnnotatedElementAnnotationInfo@3457d563, public org.glassfish.jersey.message.internal.MessageBodyFactory(org.glassfish.hk2.api.ServiceLocator,javax.ws.rs.core.Configuration)=org.jvnet.hk2.internal.SoftAnnotatedElementAnnotationInfo@523a4f08, public org.glassfish.jersey.jaxb.internal.XmlJaxbElementProvider$App(org.glassfish.hk2.api.Factory,javax.ws.rs.ext.Providers)=org.jvnet.hk2.internal.SoftAnnotatedElementAnnotationInfo@325e6df, org.glassfish.jersey.server.internal.process.ReferencesInitializer(org.glassfish.hk2.api.ServiceLocator,javax.inject.Provider)=org.jvnet.hk2.internal.SoftAnnotatedElementAnnotationInfo@47b03cfe, private javax.ws.rs.core.Configuration org.glassfish.jersey.server.model.ResourceMethodInvoker$Builder.globalConfig=org.jvnet.hk2.internal.SoftAnnotatedElementAnnotationInfo@4d4605a6, private org.glassfish.hk2.api.ServiceLocator org.glassfish.jersey.server.ServerRuntime$Builder.locator=org.jvnet.hk2.internal.SoftAnnotatedElementAnnotationInfo@4d044109, public org.glassfish.jersey.jaxb.internal.XmlRootElementJaxbProvider$Text(org.glassfish.hk2.api.Factory,javax.ws.rs.ext.Providers)=org.jvnet.hk2.internal.SoftAnnotatedElementAnnotationInfo@613b4568, public org.glassfish.jersey.jaxb.internal.XmlCollectionJaxbProvider$General(org.glassfish.hk2.api.Factory,javax.ws.rs.ext.Providers)=org.jvnet.hk2.internal.SoftAnnotatedElementAnnotationInfo@27aad27d}]) but failed to remove it when the web application was stopped. Threads are going to be renewed over time to try and avoid a probable memory leak.
09-Feb-2016 13:16:12.186 SEVERE [ContainerBackgroundProcessor[StandardEngine[Catalina]]] org.apache.catalina.core.StandardContext.startInternal Error filterStart
09-Feb-2016 13:16:12.186 SEVERE [ContainerBackgroundProcessor[StandardEngine[Catalina]]] org.apache.catalina.core.StandardContext.startInternal Context [] startup failed due to previous errors
09-Feb-2016 13:16:12.195 WARNING [ContainerBackgroundProcessor[StandardEngine[Catalina]]] org.apache.catalina.loader.WebappClassLoaderBase.clearReferencesThreads The web application [ROOT] appears to have started a thread named [Abandoned connection cleanup thread] but has failed to stop it. This is very likely to create a memory leak. Stack trace of thread:
 java.lang.Object.wait(Native Method)
 java.lang.ref.ReferenceQueue.remove(ReferenceQueue.java:143)
 com.mysql.jdbc.AbandonedConnectionCleanupThread.run(AbandonedConnectionCleanupThread.java:43)
09-Feb-2016 13:16:12.197 INFO [ContainerBackgroundProcessor[StandardEngine[Catalina]]] org.apache.catalina.core.StandardContext.reload Reloading Context with name [] is completed
09-Feb-2016 13:18:26.214 INFO [main] org.apache.catalina.core.StandardServer.await A valid shutdown command was received via the shutdown port. Stopping the Server instance.
09-Feb-2016 13:18:26.215 INFO [main] org.apache.coyote.AbstractProtocol.pause Pausing ProtocolHandler ["http-nio-8080"]
09-Feb-2016 13:18:26.269 INFO [main] org.apache.coyote.AbstractProtocol.pause Pausing ProtocolHandler ["ajp-nio-8009"]
09-Feb-2016 13:18:26.323 INFO [main] org.apache.catalina.core.StandardService.stopInternal Stopping service Catalina
09-Feb-2016 13:18:26.325 INFO [main] org.apache.coyote.AbstractProtocol.stop Stopping ProtocolHandler ["http-nio-8080"]
09-Feb-2016 13:18:26.328 INFO [main] org.apache.coyote.AbstractProtocol.stop Stopping ProtocolHandler ["ajp-nio-8009"]
09-Feb-2016 13:18:26.329 INFO [main] org.apache.coyote.AbstractProtocol.destroy Destroying ProtocolHandler ["http-nio-8080"]
09-Feb-2016 13:18:26.330 INFO [main] org.apache.coyote.AbstractProtocol.destroy Destroying ProtocolHandler ["ajp-nio-8009"]
09-Feb-2016 13:18:28.903 INFO [main] org.apache.catalina.startup.VersionLoggerListener.log Server version:        Apache Tomcat/8.0.15
09-Feb-2016 13:18:28.905 INFO [main] org.apache.catalina.startup.VersionLoggerListener.log Server built:          Nov 2 2014 19:25:20 UTC
09-Feb-2016 13:18:28.905 INFO [main] org.apache.catalina.startup.VersionLoggerListener.log Server number:         8.0.15.0
09-Feb-2016 13:18:28.905 INFO [main] org.apache.catalina.startup.VersionLoggerListener.log OS Name:               Mac OS X
09-Feb-2016 13:18:28.905 INFO [main] org.apache.catalina.startup.VersionLoggerListener.log OS Version:            10.11.2
09-Feb-2016 13:18:28.906 INFO [main] org.apache.catalina.startup.VersionLoggerListener.log Architecture:          x86_64
09-Feb-2016 13:18:28.906 INFO [main] org.apache.catalina.startup.VersionLoggerListener.log JAVA_HOME:             /Library/Java/JavaVirtualMachines/jdk1.8.0_40.jdk/Contents/Home/jre
09-Feb-2016 13:18:28.906 INFO [main] org.apache.catalina.startup.VersionLoggerListener.log JVM Version:           1.8.0_40-b27
09-Feb-2016 13:18:28.906 INFO [main] org.apache.catalina.startup.VersionLoggerListener.log JVM Vendor:            Oracle Corporation
09-Feb-2016 13:18:28.906 INFO [main] org.apache.catalina.startup.VersionLoggerListener.log CATALINA_BASE:         /Users/tkk/Development/Kredible/tomcatPer
09-Feb-2016 13:18:28.906 INFO [main] org.apache.catalina.startup.VersionLoggerListener.log CATALINA_HOME:         /Users/tkk/Development/Kredible/tomcatPer
09-Feb-2016 13:18:28.907 INFO [main] org.apache.catalina.startup.VersionLoggerListener.log Command line argument: -Djava.util.logging.config.file=/Users/tkk/Development/Kredible/tomcatPer/conf/logging.properties
09-Feb-2016 13:18:28.907 INFO [main] org.apache.catalina.startup.VersionLoggerListener.log Command line argument: -Djava.util.logging.manager=org.apache.juli.ClassLoaderLogManager
09-Feb-2016 13:18:28.907 INFO [main] org.apache.catalina.startup.VersionLoggerListener.log Command line argument: -Djava.endorsed.dirs=/Users/tkk/Development/Kredible/tomcatPer/endorsed
09-Feb-2016 13:18:28.907 INFO [main] org.apache.catalina.startup.VersionLoggerListener.log Command line argument: -Dcatalina.base=/Users/tkk/Development/Kredible/tomcatPer
09-Feb-2016 13:18:28.908 INFO [main] org.apache.catalina.startup.VersionLoggerListener.log Command line argument: -Dcatalina.home=/Users/tkk/Development/Kredible/tomcatPer
09-Feb-2016 13:18:28.908 INFO [main] org.apache.catalina.startup.VersionLoggerListener.log Command line argument: -Djava.io.tmpdir=/Users/tkk/Development/Kredible/tomcatPer/temp
09-Feb-2016 13:18:28.908 INFO [main] org.apache.catalina.core.AprLifecycleListener.lifecycleEvent The APR based Apache Tomcat Native library which allows optimal performance in production environments was not found on the java.library.path: /Users/tkk/Library/Java/Extensions:/Library/Java/Extensions:/Network/Library/Java/Extensions:/System/Library/Java/Extensions:/usr/lib/java:.
09-Feb-2016 13:18:29.054 INFO [main] org.apache.coyote.AbstractProtocol.init Initializing ProtocolHandler ["http-nio-8080"]
09-Feb-2016 13:18:29.090 INFO [main] org.apache.tomcat.util.net.NioSelectorPool.getSharedSelector Using a shared selector for servlet write/read
09-Feb-2016 13:18:29.093 INFO [main] org.apache.coyote.AbstractProtocol.init Initializing ProtocolHandler ["ajp-nio-8009"]
09-Feb-2016 13:18:29.096 INFO [main] org.apache.tomcat.util.net.NioSelectorPool.getSharedSelector Using a shared selector for servlet write/read
09-Feb-2016 13:18:29.096 INFO [main] org.apache.catalina.startup.Catalina.load Initialization processed in 622 ms
09-Feb-2016 13:18:29.117 INFO [main] org.apache.catalina.core.StandardService.startInternal Starting service Catalina
09-Feb-2016 13:18:29.118 INFO [main] org.apache.catalina.core.StandardEngine.startInternal Starting Servlet Engine: Apache Tomcat/8.0.15
09-Feb-2016 13:18:32.372 WARNING [localhost-startStop-1] org.apache.tomcat.jdbc.pool.ConnectionPool.init initialSize is larger than maxActive, setting initialSize to: 5
09-Feb-2016 13:18:32.372 WARNING [localhost-startStop-1] org.apache.tomcat.jdbc.pool.ConnectionPool.init minIdle is larger than maxActive, setting minIdle to: 5
09-Feb-2016 13:18:32.372 WARNING [localhost-startStop-1] org.apache.tomcat.jdbc.pool.ConnectionPool.init maxIdle is smaller than minIdle, setting maxIdle to: 5
09-Feb-2016 13:18:34.082 WARNING [localhost-startStop-1] org.glassfish.jersey.internal.Errors.logErrors The following warnings have been detected: HINT: A HTTP GET method, public void com.kredible.services.MembersService.getUrlAuthRedirect(java.lang.String) throws java.lang.Exception, returns a void type. It can be intentional and perfectly fine, but it is a little uncommon that GET method returns always "204 No Content".

09-Feb-2016 13:18:34.103 INFO [main] org.apache.coyote.AbstractProtocol.start Starting ProtocolHandler ["http-nio-8080"]
09-Feb-2016 13:18:34.110 INFO [main] org.apache.coyote.AbstractProtocol.start Starting ProtocolHandler ["ajp-nio-8009"]
09-Feb-2016 13:18:34.110 INFO [main] org.apache.catalina.startup.Catalina.start Server startup in 5013 ms
09-Feb-2016 13:47:22.856 INFO [ContainerBackgroundProcessor[StandardEngine[Catalina]]] org.apache.catalina.core.StandardContext.reload Reloading Context with name [] has started
09-Feb-2016 13:47:22.875 WARNING [ContainerBackgroundProcessor[StandardEngine[Catalina]]] org.apache.catalina.loader.WebappClassLoaderBase.clearReferencesThreads The web application [ROOT] appears to have started a thread named [Abandoned connection cleanup thread] but has failed to stop it. This is very likely to create a memory leak. Stack trace of thread:
 java.lang.Object.wait(Native Method)
 java.lang.ref.ReferenceQueue.remove(ReferenceQueue.java:143)
 com.mysql.jdbc.AbandonedConnectionCleanupThread.run(AbandonedConnectionCleanupThread.java:43)
09-Feb-2016 13:47:22.875 WARNING [ContainerBackgroundProcessor[StandardEngine[Catalina]]] org.apache.catalina.loader.WebappClassLoaderBase.clearReferencesThreads The web application [ROOT] appears to have started a thread named [Abandoned connection cleanup thread] but has failed to stop it. This is very likely to create a memory leak. Stack trace of thread:
 java.lang.Object.wait(Native Method)
 java.lang.ref.ReferenceQueue.remove(ReferenceQueue.java:143)
 com.mysql.jdbc.AbandonedConnectionCleanupThread.run(AbandonedConnectionCleanupThread.java:43)
09-Feb-2016 13:47:22.876 SEVERE [ContainerBackgroundProcessor[StandardEngine[Catalina]]] org.apache.catalina.loader.WebappClassLoaderBase.checkThreadLocalMapForLeaks The web application [ROOT] created a ThreadLocal with key of type [org.jvnet.hk2.internal.PerLocatorUtilities$1] (value [org.jvnet.hk2.internal.PerLocatorUtilities$1@5c592a44]) and a value of type [java.util.WeakHashMap] (value [{}]) but failed to remove it when the web application was stopped. Threads are going to be renewed over time to try and avoid a probable memory leak.
09-Feb-2016 13:47:22.876 SEVERE [ContainerBackgroundProcessor[StandardEngine[Catalina]]] org.apache.catalina.loader.WebappClassLoaderBase.checkThreadLocalMapForLeaks The web application [ROOT] created a ThreadLocal with key of type [org.jvnet.hk2.internal.PerLocatorUtilities$1] (value [org.jvnet.hk2.internal.PerLocatorUtilities$1@5c592a44]) and a value of type [java.util.WeakHashMap] (value [{}]) but failed to remove it when the web application was stopped. Threads are going to be renewed over time to try and avoid a probable memory leak.
09-Feb-2016 13:47:22.877 SEVERE [ContainerBackgroundProcessor[StandardEngine[Catalina]]] org.apache.catalina.loader.WebappClassLoaderBase.checkThreadLocalMapForLeaks The web application [ROOT] created a ThreadLocal with key of type [org.jvnet.hk2.internal.PerLocatorUtilities$2] (value [org.jvnet.hk2.internal.PerLocatorUtilities$2@647e262d]) and a value of type [java.util.WeakHashMap] (value [{javax.servlet.http.HttpServletRequest com.kredible.services.MembersService.hsr=org.jvnet.hk2.internal.SoftAnnotatedElementAnnotationInfo@5571e709, javax.servlet.http.HttpServletResponse com.kredible.services.MembersService.hsp=org.jvnet.hk2.internal.SoftAnnotatedElementAnnotationInfo@2b6d3a47, public org.glassfish.jersey.servlet.WebComponent$HttpServletResponseReferencingFactory(javax.inject.Provider)=org.jvnet.hk2.internal.SoftAnnotatedElementAnnotationInfo@3ef32e64, public org.glassfish.jersey.servlet.WebComponent$HttpServletRequestReferencingFactory(javax.inject.Provider)=org.jvnet.hk2.internal.SoftAnnotatedElementAnnotationInfo@2ba928d9, protected org.glassfish.jersey.server.internal.process.ServerProcessingBinder$ContainerRequestFactory(javax.inject.Provider)=org.jvnet.hk2.internal.SoftAnnotatedElementAnnotationInfo@71bacb0a}]) but failed to remove it when the web application was stopped. Threads are going to be renewed over time to try and avoid a probable memory leak.
09-Feb-2016 13:47:22.877 SEVERE [ContainerBackgroundProcessor[StandardEngine[Catalina]]] org.apache.catalina.loader.WebappClassLoaderBase.checkThreadLocalMapForLeaks The web application [ROOT] created a ThreadLocal with key of type [org.jvnet.hk2.internal.PerLocatorUtilities$1] (value [org.jvnet.hk2.internal.PerLocatorUtilities$1@5c592a44]) and a value of type [java.util.WeakHashMap] (value [{}]) but failed to remove it when the web application was stopped. Threads are going to be renewed over time to try and avoid a probable memory leak.
09-Feb-2016 13:47:22.877 SEVERE [ContainerBackgroundProcessor[StandardEngine[Catalina]]] org.apache.catalina.loader.WebappClassLoaderBase.checkThreadLocalMapForLeaks The web application [ROOT] created a ThreadLocal with key of type [org.jvnet.hk2.internal.PerLocatorUtilities$1] (value [org.jvnet.hk2.internal.PerLocatorUtilities$1@5c592a44]) and a value of type [java.util.WeakHashMap] (value [{}]) but failed to remove it when the web application was stopped. Threads are going to be renewed over time to try and avoid a probable memory leak.
09-Feb-2016 13:47:22.877 SEVERE [ContainerBackgroundProcessor[StandardEngine[Catalina]]] org.apache.catalina.loader.WebappClassLoaderBase.checkThreadLocalMapForLeaks The web application [ROOT] created a ThreadLocal with key of type [org.jvnet.hk2.internal.PerLocatorUtilities$1] (value [org.jvnet.hk2.internal.PerLocatorUtilities$1@5c592a44]) and a value of type [java.util.WeakHashMap] (value [{}]) but failed to remove it when the web application was stopped. Threads are going to be renewed over time to try and avoid a probable memory leak.
09-Feb-2016 13:47:22.877 SEVERE [ContainerBackgroundProcessor[StandardEngine[Catalina]]] org.apache.catalina.loader.WebappClassLoaderBase.checkThreadLocalMapForLeaks The web application [ROOT] created a ThreadLocal with key of type [org.jvnet.hk2.internal.PerLocatorUtilities$1] (value [org.jvnet.hk2.internal.PerLocatorUtilities$1@5c592a44]) and a value of type [java.util.WeakHashMap] (value [{}]) but failed to remove it when the web application was stopped. Threads are going to be renewed over time to try and avoid a probable memory leak.
09-Feb-2016 13:47:22.877 SEVERE [ContainerBackgroundProcessor[StandardEngine[Catalina]]] org.apache.catalina.loader.WebappClassLoaderBase.checkThreadLocalMapForLeaks The web application [ROOT] created a ThreadLocal with key of type [org.jvnet.hk2.internal.PerLocatorUtilities$1] (value [org.jvnet.hk2.internal.PerLocatorUtilities$1@5c592a44]) and a value of type [java.util.WeakHashMap] (value [{}]) but failed to remove it when the web application was stopped. Threads are going to be renewed over time to try and avoid a probable memory leak.
09-Feb-2016 13:47:22.878 SEVERE [ContainerBackgroundProcessor[StandardEngine[Catalina]]] org.apache.catalina.loader.WebappClassLoaderBase.checkThreadLocalMapForLeaks The web application [ROOT] created a ThreadLocal with key of type [org.jvnet.hk2.internal.PerLocatorUtilities$1] (value [org.jvnet.hk2.internal.PerLocatorUtilities$1@5c592a44]) and a value of type [java.util.WeakHashMap] (value [{}]) but failed to remove it when the web application was stopped. Threads are going to be renewed over time to try and avoid a probable memory leak.
09-Feb-2016 13:47:22.878 SEVERE [ContainerBackgroundProcessor[StandardEngine[Catalina]]] org.apache.catalina.loader.WebappClassLoaderBase.checkThreadLocalMapForLeaks The web application [ROOT] created a ThreadLocal with key of type [org.jvnet.hk2.internal.PerLocatorUtilities$1] (value [org.jvnet.hk2.internal.PerLocatorUtilities$1@5c592a44]) and a value of type [java.util.WeakHashMap] (value [{}]) but failed to remove it when the web application was stopped. Threads are going to be renewed over time to try and avoid a probable memory leak.
09-Feb-2016 13:47:22.878 SEVERE [ContainerBackgroundProcessor[StandardEngine[Catalina]]] org.apache.catalina.loader.WebappClassLoaderBase.checkThreadLocalMapForLeaks The web application [ROOT] created a ThreadLocal with key of type [org.jvnet.hk2.internal.PerLocatorUtilities$1] (value [org.jvnet.hk2.internal.PerLocatorUtilities$1@5c592a44]) and a value of type [java.util.WeakHashMap] (value [{}]) but failed to remove it when the web application was stopped. Threads are going to be renewed over time to try and avoid a probable memory leak.
09-Feb-2016 13:47:25.284 SEVERE [ContainerBackgroundProcessor[StandardEngine[Catalina]]] org.apache.catalina.core.StandardContext.startInternal Error filterStart
09-Feb-2016 13:47:25.284 SEVERE [ContainerBackgroundProcessor[StandardEngine[Catalina]]] org.apache.catalina.core.StandardContext.startInternal Context [] startup failed due to previous errors
09-Feb-2016 13:47:25.291 WARNING [ContainerBackgroundProcessor[StandardEngine[Catalina]]] org.apache.catalina.loader.WebappClassLoaderBase.clearReferencesThreads The web application [ROOT] appears to have started a thread named [Abandoned connection cleanup thread] but has failed to stop it. This is very likely to create a memory leak. Stack trace of thread:
 java.lang.Object.wait(Native Method)
 java.lang.ref.ReferenceQueue.remove(ReferenceQueue.java:143)
 com.mysql.jdbc.AbandonedConnectionCleanupThread.run(AbandonedConnectionCleanupThread.java:43)
09-Feb-2016 13:47:25.293 INFO [ContainerBackgroundProcessor[StandardEngine[Catalina]]] org.apache.catalina.core.StandardContext.reload Reloading Context with name [] is completed
