Sep 16, 2013 2:04:20 PM org.apache.catalina.core.AprLifecycleListener init
INFO: The APR based Apache Tomcat Native library which allows optimal performance in production environments was not found on the java.library.path: .:/Library/Java/Extensions:/System/Library/Java/Extensions:/usr/lib/java
Sep 16, 2013 2:04:20 PM org.apache.coyote.AbstractProtocol init
INFO: Initializing ProtocolHandler ["http-bio-8080"]
Sep 16, 2013 2:04:20 PM org.apache.coyote.AbstractProtocol init
INFO: Initializing ProtocolHandler ["ajp-bio-8009"]
Sep 16, 2013 2:04:20 PM org.apache.catalina.startup.Catalina load
INFO: Initialization processed in 438 ms
Sep 16, 2013 2:04:20 PM org.apache.catalina.core.StandardService startInternal
INFO: Starting service Catalina
Sep 16, 2013 2:04:20 PM org.apache.catalina.core.StandardEngine startInternal
INFO: Starting Servlet Engine: Apache Tomcat/7.0.37
Sep 16, 2013 2:04:21 PM org.apache.tomcat.jdbc.pool.ConnectionPool init
WARNING: initialSize is larger than maxActive, setting initialSize to: 5
Sep 16, 2013 2:04:21 PM org.apache.tomcat.jdbc.pool.ConnectionPool init
WARNING: minIdle is larger than maxActive, setting minIdle to: 5
Sep 16, 2013 2:04:21 PM org.apache.tomcat.jdbc.pool.ConnectionPool init
WARNING: maxIdle is smaller than minIdle, setting maxIdle to: 5
Sep 16, 2013 2:04:25 PM org.apache.coyote.AbstractProtocol start
INFO: Starting ProtocolHandler ["http-bio-8080"]
Sep 16, 2013 2:04:25 PM org.apache.coyote.AbstractProtocol start
INFO: Starting ProtocolHandler ["ajp-bio-8009"]
Sep 16, 2013 2:04:25 PM org.apache.catalina.startup.Catalina start
INFO: Server startup in 4845 ms
Sep 16, 2013 2:04:28 PM org.apache.jasper.compiler.TldLocationsCache tldScanJar
INFO: At least one JAR was scanned for TLDs yet contained no TLDs. Enable debug logging for this logger for a complete list of JARs that were scanned but no TLDs were found in them. Skipping unneeded JARs during scanning can improve startup time and JSP compilation time.
Sep 16, 2013 2:04:51 PM org.apache.catalina.core.StandardServer await
INFO: A valid shutdown command was received via the shutdown port. Stopping the Server instance.
Sep 16, 2013 2:04:51 PM org.apache.coyote.AbstractProtocol pause
INFO: Pausing ProtocolHandler ["http-bio-8080"]
Sep 16, 2013 2:04:51 PM org.apache.coyote.AbstractProtocol pause
INFO: Pausing ProtocolHandler ["ajp-bio-8009"]
Sep 16, 2013 2:04:51 PM org.apache.catalina.core.StandardService stopInternal
INFO: Stopping service Catalina
Sep 16, 2013 2:04:51 PM org.apache.coyote.AbstractProtocol stop
INFO: Stopping ProtocolHandler ["http-bio-8080"]
Sep 16, 2013 2:04:51 PM org.apache.coyote.AbstractProtocol stop
INFO: Stopping ProtocolHandler ["ajp-bio-8009"]
Sep 16, 2013 2:04:51 PM org.apache.coyote.AbstractProtocol destroy
INFO: Destroying ProtocolHandler ["http-bio-8080"]
Sep 16, 2013 2:04:51 PM org.apache.coyote.AbstractProtocol destroy
INFO: Destroying ProtocolHandler ["ajp-bio-8009"]
Sep 16, 2013 2:05:46 PM org.apache.catalina.core.AprLifecycleListener init
INFO: The APR based Apache Tomcat Native library which allows optimal performance in production environments was not found on the java.library.path: .:/Library/Java/Extensions:/System/Library/Java/Extensions:/usr/lib/java
Sep 16, 2013 2:05:46 PM org.apache.coyote.AbstractProtocol init
INFO: Initializing ProtocolHandler ["http-bio-8080"]
Sep 16, 2013 2:05:46 PM org.apache.coyote.AbstractProtocol init
INFO: Initializing ProtocolHandler ["ajp-bio-8009"]
Sep 16, 2013 2:05:46 PM org.apache.catalina.startup.Catalina load
INFO: Initialization processed in 396 ms
Sep 16, 2013 2:05:46 PM org.apache.catalina.core.StandardService startInternal
INFO: Starting service Catalina
Sep 16, 2013 2:05:46 PM org.apache.catalina.core.StandardEngine startInternal
INFO: Starting Servlet Engine: Apache Tomcat/7.0.37
Sep 16, 2013 2:05:46 PM org.apache.tomcat.jdbc.pool.ConnectionPool init
WARNING: initialSize is larger than maxActive, setting initialSize to: 5
Sep 16, 2013 2:05:46 PM org.apache.tomcat.jdbc.pool.ConnectionPool init
WARNING: minIdle is larger than maxActive, setting minIdle to: 5
Sep 16, 2013 2:05:46 PM org.apache.tomcat.jdbc.pool.ConnectionPool init
WARNING: maxIdle is smaller than minIdle, setting maxIdle to: 5
Sep 16, 2013 2:05:49 PM org.apache.coyote.AbstractProtocol start
INFO: Starting ProtocolHandler ["http-bio-8080"]
Sep 16, 2013 2:05:49 PM org.apache.coyote.AbstractProtocol start
INFO: Starting ProtocolHandler ["ajp-bio-8009"]
Sep 16, 2013 2:05:49 PM org.apache.catalina.startup.Catalina start
INFO: Server startup in 3025 ms
Sep 16, 2013 2:06:44 PM org.apache.jasper.compiler.TldLocationsCache tldScanJar
INFO: At least one JAR was scanned for TLDs yet contained no TLDs. Enable debug logging for this logger for a complete list of JARs that were scanned but no TLDs were found in them. Skipping unneeded JARs during scanning can improve startup time and JSP compilation time.
Sep 16, 2013 2:17:49 PM org.apache.catalina.startup.HostConfig deployDirectory
INFO: Deploying web application directory /Users/tomkat/Development/clients/ECS/Source/trunk/tomcat/webapps/.svn
