03-May-2016 11:48:31.584 INFO [main] org.apache.catalina.startup.VersionLoggerListener.log Server version:        Apache Tomcat/8.0.15
03-May-2016 11:48:31.585 INFO [main] org.apache.catalina.startup.VersionLoggerListener.log Server built:          Nov 2 2014 19:25:20 UTC
03-May-2016 11:48:31.586 INFO [main] org.apache.catalina.startup.VersionLoggerListener.log Server number:         8.0.15.0
03-May-2016 11:48:31.586 INFO [main] org.apache.catalina.startup.VersionLoggerListener.log OS Name:               Mac OS X
03-May-2016 11:48:31.586 INFO [main] org.apache.catalina.startup.VersionLoggerListener.log OS Version:            10.11.2
03-May-2016 11:48:31.586 INFO [main] org.apache.catalina.startup.VersionLoggerListener.log Architecture:          x86_64
03-May-2016 11:48:31.586 INFO [main] org.apache.catalina.startup.VersionLoggerListener.log JAVA_HOME:             /Library/Java/JavaVirtualMachines/jdk1.8.0_40.jdk/Contents/Home/jre
03-May-2016 11:48:31.586 INFO [main] org.apache.catalina.startup.VersionLoggerListener.log JVM Version:           1.8.0_40-b27
03-May-2016 11:48:31.586 INFO [main] org.apache.catalina.startup.VersionLoggerListener.log JVM Vendor:            Oracle Corporation
03-May-2016 11:48:31.586 INFO [main] org.apache.catalina.startup.VersionLoggerListener.log CATALINA_BASE:         /Users/tkk/Development/Kredible/tomcatPer
03-May-2016 11:48:31.587 INFO [main] org.apache.catalina.startup.VersionLoggerListener.log CATALINA_HOME:         /Users/tkk/Development/Kredible/tomcatPer
03-May-2016 11:48:31.587 INFO [main] org.apache.catalina.startup.VersionLoggerListener.log Command line argument: -Djava.util.logging.config.file=/Users/tkk/Development/Kredible/tomcatPer/conf/logging.properties
03-May-2016 11:48:31.588 INFO [main] org.apache.catalina.startup.VersionLoggerListener.log Command line argument: -Djava.util.logging.manager=org.apache.juli.ClassLoaderLogManager
03-May-2016 11:48:31.588 INFO [main] org.apache.catalina.startup.VersionLoggerListener.log Command line argument: -Djava.endorsed.dirs=/Users/tkk/Development/Kredible/tomcatPer/endorsed
03-May-2016 11:48:31.588 INFO [main] org.apache.catalina.startup.VersionLoggerListener.log Command line argument: -Dcatalina.base=/Users/tkk/Development/Kredible/tomcatPer
03-May-2016 11:48:31.588 INFO [main] org.apache.catalina.startup.VersionLoggerListener.log Command line argument: -Dcatalina.home=/Users/tkk/Development/Kredible/tomcatPer
03-May-2016 11:48:31.588 INFO [main] org.apache.catalina.startup.VersionLoggerListener.log Command line argument: -Djava.io.tmpdir=/Users/tkk/Development/Kredible/tomcatPer/temp
03-May-2016 11:48:31.588 INFO [main] org.apache.catalina.core.AprLifecycleListener.lifecycleEvent The APR based Apache Tomcat Native library which allows optimal performance in production environments was not found on the java.library.path: /Users/tkk/Library/Java/Extensions:/Library/Java/Extensions:/Network/Library/Java/Extensions:/System/Library/Java/Extensions:/usr/lib/java:.
03-May-2016 11:48:31.768 INFO [main] org.apache.coyote.AbstractProtocol.init Initializing ProtocolHandler ["http-nio-8080"]
03-May-2016 11:48:31.808 INFO [main] org.apache.tomcat.util.net.NioSelectorPool.getSharedSelector Using a shared selector for servlet write/read
03-May-2016 11:48:31.810 INFO [main] org.apache.coyote.AbstractProtocol.init Initializing ProtocolHandler ["ajp-nio-8009"]
03-May-2016 11:48:31.813 INFO [main] org.apache.tomcat.util.net.NioSelectorPool.getSharedSelector Using a shared selector for servlet write/read
03-May-2016 11:48:31.813 INFO [main] org.apache.catalina.startup.Catalina.load Initialization processed in 754 ms
03-May-2016 11:48:31.838 INFO [main] org.apache.catalina.core.StandardService.startInternal Starting service Catalina
03-May-2016 11:48:31.838 INFO [main] org.apache.catalina.core.StandardEngine.startInternal Starting Servlet Engine: Apache Tomcat/8.0.15
03-May-2016 11:48:35.807 WARNING [localhost-startStop-1] org.apache.tomcat.jdbc.pool.ConnectionPool.init initialSize is larger than maxActive, setting initialSize to: 5
03-May-2016 11:48:35.807 WARNING [localhost-startStop-1] org.apache.tomcat.jdbc.pool.ConnectionPool.init minIdle is larger than maxActive, setting minIdle to: 5
03-May-2016 11:48:35.807 WARNING [localhost-startStop-1] org.apache.tomcat.jdbc.pool.ConnectionPool.init maxIdle is smaller than minIdle, setting maxIdle to: 5
03-May-2016 11:48:38.101 WARNING [localhost-startStop-1] null.null The following warnings have been detected: HINT: A HTTP GET method, public void com.kredible.services.MembersService.getUrlAuthRedirect(java.lang.String) throws java.lang.Exception, returns a void type. It can be intentional and perfectly fine, but it is a little uncommon that GET method returns always "204 No Content".

03-May-2016 11:48:38.167 WARNING [localhost-startStop-1] org.glassfish.jersey.internal.Errors.logErrors The following warnings have been detected: HINT: A HTTP GET method, public void com.kredible.services_links.LinksService.processLink(java.lang.String) throws java.lang.Exception, returns a void type. It can be intentional and perfectly fine, but it is a little uncommon that GET method returns always "204 No Content".

03-May-2016 11:48:38.207 INFO [main] org.apache.coyote.AbstractProtocol.start Starting ProtocolHandler ["http-nio-8080"]
03-May-2016 11:48:38.215 INFO [main] org.apache.coyote.AbstractProtocol.start Starting ProtocolHandler ["ajp-nio-8009"]
03-May-2016 11:48:38.216 INFO [main] org.apache.catalina.startup.Catalina.start Server startup in 6401 ms
03-May-2016 12:15:47.002 INFO [main] org.apache.catalina.core.StandardServer.await A valid shutdown command was received via the shutdown port. Stopping the Server instance.
03-May-2016 12:15:47.003 INFO [main] org.apache.coyote.AbstractProtocol.pause Pausing ProtocolHandler ["http-nio-8080"]
03-May-2016 12:15:47.059 INFO [main] org.apache.coyote.AbstractProtocol.pause Pausing ProtocolHandler ["ajp-nio-8009"]
03-May-2016 12:15:47.110 INFO [main] org.apache.catalina.core.StandardService.stopInternal Stopping service Catalina
03-May-2016 12:15:47.142 WARNING [localhost-startStop-2] org.apache.catalina.loader.WebappClassLoaderBase.clearReferencesThreads The web application [ROOT] appears to have started a thread named [Abandoned connection cleanup thread] but has failed to stop it. This is very likely to create a memory leak. Stack trace of thread:
 java.lang.Object.wait(Native Method)
 java.lang.ref.ReferenceQueue.remove(ReferenceQueue.java:143)
 com.mysql.jdbc.AbandonedConnectionCleanupThread.run(AbandonedConnectionCleanupThread.java:43)
03-May-2016 12:15:47.143 WARNING [localhost-startStop-2] org.apache.catalina.loader.WebappClassLoaderBase.clearReferencesThreads The web application [ROOT] appears to have started a thread named [Abandoned connection cleanup thread] but has failed to stop it. This is very likely to create a memory leak. Stack trace of thread:
 java.lang.Object.wait(Native Method)
 java.lang.ref.ReferenceQueue.remove(ReferenceQueue.java:143)
 com.mysql.jdbc.AbandonedConnectionCleanupThread.run(AbandonedConnectionCleanupThread.java:43)
03-May-2016 12:15:47.149 INFO [main] org.apache.coyote.AbstractProtocol.stop Stopping ProtocolHandler ["http-nio-8080"]
03-May-2016 12:15:47.152 INFO [main] org.apache.coyote.AbstractProtocol.stop Stopping ProtocolHandler ["ajp-nio-8009"]
03-May-2016 12:15:47.153 INFO [main] org.apache.coyote.AbstractProtocol.destroy Destroying ProtocolHandler ["http-nio-8080"]
03-May-2016 12:15:47.153 INFO [main] org.apache.coyote.AbstractProtocol.destroy Destroying ProtocolHandler ["ajp-nio-8009"]
03-May-2016 12:37:46.915 INFO [main] org.apache.catalina.startup.VersionLoggerListener.log Server version:        Apache Tomcat/8.0.15
03-May-2016 12:37:46.916 INFO [main] org.apache.catalina.startup.VersionLoggerListener.log Server built:          Nov 2 2014 19:25:20 UTC
03-May-2016 12:37:46.916 INFO [main] org.apache.catalina.startup.VersionLoggerListener.log Server number:         8.0.15.0
03-May-2016 12:37:46.916 INFO [main] org.apache.catalina.startup.VersionLoggerListener.log OS Name:               Mac OS X
03-May-2016 12:37:46.916 INFO [main] org.apache.catalina.startup.VersionLoggerListener.log OS Version:            10.11.2
03-May-2016 12:37:46.916 INFO [main] org.apache.catalina.startup.VersionLoggerListener.log Architecture:          x86_64
03-May-2016 12:37:46.916 INFO [main] org.apache.catalina.startup.VersionLoggerListener.log JAVA_HOME:             /Library/Java/JavaVirtualMachines/jdk1.8.0_40.jdk/Contents/Home/jre
03-May-2016 12:37:46.916 INFO [main] org.apache.catalina.startup.VersionLoggerListener.log JVM Version:           1.8.0_40-b27
03-May-2016 12:37:46.917 INFO [main] org.apache.catalina.startup.VersionLoggerListener.log JVM Vendor:            Oracle Corporation
03-May-2016 12:37:46.917 INFO [main] org.apache.catalina.startup.VersionLoggerListener.log CATALINA_BASE:         /Users/tkk/Development/Kredible/tomcatPer
03-May-2016 12:37:46.917 INFO [main] org.apache.catalina.startup.VersionLoggerListener.log CATALINA_HOME:         /Users/tkk/Development/Kredible/tomcatPer
03-May-2016 12:37:46.917 INFO [main] org.apache.catalina.startup.VersionLoggerListener.log Command line argument: -Djava.util.logging.config.file=/Users/tkk/Development/Kredible/tomcatPer/conf/logging.properties
03-May-2016 12:37:46.917 INFO [main] org.apache.catalina.startup.VersionLoggerListener.log Command line argument: -Djava.util.logging.manager=org.apache.juli.ClassLoaderLogManager
03-May-2016 12:37:46.917 INFO [main] org.apache.catalina.startup.VersionLoggerListener.log Command line argument: -Djava.endorsed.dirs=/Users/tkk/Development/Kredible/tomcatPer/endorsed
03-May-2016 12:37:46.918 INFO [main] org.apache.catalina.startup.VersionLoggerListener.log Command line argument: -Dcatalina.base=/Users/tkk/Development/Kredible/tomcatPer
03-May-2016 12:37:46.918 INFO [main] org.apache.catalina.startup.VersionLoggerListener.log Command line argument: -Dcatalina.home=/Users/tkk/Development/Kredible/tomcatPer
03-May-2016 12:37:46.918 INFO [main] org.apache.catalina.startup.VersionLoggerListener.log Command line argument: -Djava.io.tmpdir=/Users/tkk/Development/Kredible/tomcatPer/temp
03-May-2016 12:37:46.918 INFO [main] org.apache.catalina.core.AprLifecycleListener.lifecycleEvent The APR based Apache Tomcat Native library which allows optimal performance in production environments was not found on the java.library.path: /Users/tkk/Library/Java/Extensions:/Library/Java/Extensions:/Network/Library/Java/Extensions:/System/Library/Java/Extensions:/usr/lib/java:.
03-May-2016 12:37:47.053 INFO [main] org.apache.coyote.AbstractProtocol.init Initializing ProtocolHandler ["http-nio-8080"]
03-May-2016 12:37:47.087 INFO [main] org.apache.tomcat.util.net.NioSelectorPool.getSharedSelector Using a shared selector for servlet write/read
03-May-2016 12:37:47.089 INFO [main] org.apache.coyote.AbstractProtocol.init Initializing ProtocolHandler ["ajp-nio-8009"]
03-May-2016 12:37:47.092 INFO [main] org.apache.tomcat.util.net.NioSelectorPool.getSharedSelector Using a shared selector for servlet write/read
03-May-2016 12:37:47.092 INFO [main] org.apache.catalina.startup.Catalina.load Initialization processed in 630 ms
03-May-2016 12:37:47.114 INFO [main] org.apache.catalina.core.StandardService.startInternal Starting service Catalina
03-May-2016 12:37:47.114 INFO [main] org.apache.catalina.core.StandardEngine.startInternal Starting Servlet Engine: Apache Tomcat/8.0.15
03-May-2016 12:37:51.120 WARNING [localhost-startStop-1] org.apache.tomcat.jdbc.pool.ConnectionPool.init initialSize is larger than maxActive, setting initialSize to: 5
03-May-2016 12:37:51.121 WARNING [localhost-startStop-1] org.apache.tomcat.jdbc.pool.ConnectionPool.init minIdle is larger than maxActive, setting minIdle to: 5
03-May-2016 12:37:51.121 WARNING [localhost-startStop-1] org.apache.tomcat.jdbc.pool.ConnectionPool.init maxIdle is smaller than minIdle, setting maxIdle to: 5
03-May-2016 12:37:53.133 WARNING [localhost-startStop-1] null.null The following warnings have been detected: HINT: A HTTP GET method, public void com.kredible.services.MembersService.getUrlAuthRedirect(java.lang.String) throws java.lang.Exception, returns a void type. It can be intentional and perfectly fine, but it is a little uncommon that GET method returns always "204 No Content".

03-May-2016 12:37:53.227 WARNING [localhost-startStop-1] org.glassfish.jersey.internal.Errors.logErrors The following warnings have been detected: HINT: A HTTP GET method, public void com.kredible.services_links.LinksService.processLink(java.lang.String) throws java.lang.Exception, returns a void type. It can be intentional and perfectly fine, but it is a little uncommon that GET method returns always "204 No Content".

03-May-2016 12:37:53.245 INFO [main] org.apache.coyote.AbstractProtocol.start Starting ProtocolHandler ["http-nio-8080"]
03-May-2016 12:37:53.251 INFO [main] org.apache.coyote.AbstractProtocol.start Starting ProtocolHandler ["ajp-nio-8009"]
03-May-2016 12:37:53.251 INFO [main] org.apache.catalina.startup.Catalina.start Server startup in 6159 ms
03-May-2016 12:38:21.567 INFO [http-nio-8080-exec-6] org.apache.coyote.http11.AbstractHttp11Processor.process Error parsing HTTP request header
 Note: further occurrences of HTTP header parsing errors will be logged at DEBUG level.
03-May-2016 12:38:21.567 INFO [http-nio-8080-exec-3] org.apache.coyote.http11.AbstractHttp11Processor.process Error parsing HTTP request header
 Note: further occurrences of HTTP header parsing errors will be logged at DEBUG level.
03-May-2016 12:59:48.863 INFO [ContainerBackgroundProcessor[StandardEngine[Catalina]]] org.apache.catalina.core.StandardContext.reload Reloading Context with name [] has started
03-May-2016 12:59:48.890 WARNING [ContainerBackgroundProcessor[StandardEngine[Catalina]]] org.apache.catalina.loader.WebappClassLoaderBase.clearReferencesThreads The web application [ROOT] appears to have started a thread named [Abandoned connection cleanup thread] but has failed to stop it. This is very likely to create a memory leak. Stack trace of thread:
 java.lang.Object.wait(Native Method)
 java.lang.ref.ReferenceQueue.remove(ReferenceQueue.java:143)
 com.mysql.jdbc.AbandonedConnectionCleanupThread.run(AbandonedConnectionCleanupThread.java:43)
03-May-2016 12:59:48.891 WARNING [ContainerBackgroundProcessor[StandardEngine[Catalina]]] org.apache.catalina.loader.WebappClassLoaderBase.clearReferencesThreads The web application [ROOT] appears to have started a thread named [Abandoned connection cleanup thread] but has failed to stop it. This is very likely to create a memory leak. Stack trace of thread:
 java.lang.Object.wait(Native Method)
 java.lang.ref.ReferenceQueue.remove(ReferenceQueue.java:143)
 com.mysql.jdbc.AbandonedConnectionCleanupThread.run(AbandonedConnectionCleanupThread.java:43)
03-May-2016 12:59:51.495 SEVERE [ContainerBackgroundProcessor[StandardEngine[Catalina]]] org.apache.catalina.core.StandardContext.startInternal Error filterStart
03-May-2016 12:59:51.495 SEVERE [ContainerBackgroundProcessor[StandardEngine[Catalina]]] org.apache.catalina.core.StandardContext.startInternal Context [] startup failed due to previous errors
03-May-2016 12:59:51.504 WARNING [ContainerBackgroundProcessor[StandardEngine[Catalina]]] org.apache.catalina.loader.WebappClassLoaderBase.clearReferencesThreads The web application [ROOT] appears to have started a thread named [Abandoned connection cleanup thread] but has failed to stop it. This is very likely to create a memory leak. Stack trace of thread:
 java.lang.Object.wait(Native Method)
 java.lang.ref.ReferenceQueue.remove(ReferenceQueue.java:143)
 com.mysql.jdbc.AbandonedConnectionCleanupThread.run(AbandonedConnectionCleanupThread.java:43)
03-May-2016 12:59:51.506 INFO [ContainerBackgroundProcessor[StandardEngine[Catalina]]] org.apache.catalina.core.StandardContext.reload Reloading Context with name [] is completed
03-May-2016 13:26:34.633 INFO [main] org.apache.catalina.core.StandardServer.await A valid shutdown command was received via the shutdown port. Stopping the Server instance.
03-May-2016 13:26:34.633 INFO [main] org.apache.coyote.AbstractProtocol.pause Pausing ProtocolHandler ["http-nio-8080"]
03-May-2016 13:26:34.686 INFO [main] org.apache.coyote.AbstractProtocol.pause Pausing ProtocolHandler ["ajp-nio-8009"]
03-May-2016 13:26:34.738 INFO [main] org.apache.catalina.core.StandardService.stopInternal Stopping service Catalina
03-May-2016 13:26:34.740 INFO [main] org.apache.coyote.AbstractProtocol.stop Stopping ProtocolHandler ["http-nio-8080"]
03-May-2016 13:26:34.744 INFO [main] org.apache.coyote.AbstractProtocol.stop Stopping ProtocolHandler ["ajp-nio-8009"]
03-May-2016 13:26:34.745 INFO [main] org.apache.coyote.AbstractProtocol.destroy Destroying ProtocolHandler ["http-nio-8080"]
03-May-2016 13:26:34.745 INFO [main] org.apache.coyote.AbstractProtocol.destroy Destroying ProtocolHandler ["ajp-nio-8009"]
