11-Mar-2016 11:48:17.006 INFO [main] org.apache.catalina.startup.VersionLoggerListener.log Server version:        Apache Tomcat/8.0.15
11-Mar-2016 11:48:17.015 INFO [main] org.apache.catalina.startup.VersionLoggerListener.log Server built:          Nov 2 2014 19:25:20 UTC
11-Mar-2016 11:48:17.015 INFO [main] org.apache.catalina.startup.VersionLoggerListener.log Server number:         8.0.15.0
11-Mar-2016 11:48:17.015 INFO [main] org.apache.catalina.startup.VersionLoggerListener.log OS Name:               Mac OS X
11-Mar-2016 11:48:17.015 INFO [main] org.apache.catalina.startup.VersionLoggerListener.log OS Version:            10.11.2
11-Mar-2016 11:48:17.015 INFO [main] org.apache.catalina.startup.VersionLoggerListener.log Architecture:          x86_64
11-Mar-2016 11:48:17.015 INFO [main] org.apache.catalina.startup.VersionLoggerListener.log JAVA_HOME:             /Library/Java/JavaVirtualMachines/jdk1.8.0_40.jdk/Contents/Home/jre
11-Mar-2016 11:48:17.015 INFO [main] org.apache.catalina.startup.VersionLoggerListener.log JVM Version:           1.8.0_40-b27
11-Mar-2016 11:48:17.016 INFO [main] org.apache.catalina.startup.VersionLoggerListener.log JVM Vendor:            Oracle Corporation
11-Mar-2016 11:48:17.016 INFO [main] org.apache.catalina.startup.VersionLoggerListener.log CATALINA_BASE:         /Users/tkk/Development/Kredible/tomcatPer
11-Mar-2016 11:48:17.016 INFO [main] org.apache.catalina.startup.VersionLoggerListener.log CATALINA_HOME:         /Users/tkk/Development/Kredible/tomcatPer
11-Mar-2016 11:48:17.016 INFO [main] org.apache.catalina.startup.VersionLoggerListener.log Command line argument: -Djava.util.logging.config.file=/Users/tkk/Development/Kredible/tomcatPer/conf/logging.properties
11-Mar-2016 11:48:17.017 INFO [main] org.apache.catalina.startup.VersionLoggerListener.log Command line argument: -Djava.util.logging.manager=org.apache.juli.ClassLoaderLogManager
11-Mar-2016 11:48:17.017 INFO [main] org.apache.catalina.startup.VersionLoggerListener.log Command line argument: -Djava.endorsed.dirs=/Users/tkk/Development/Kredible/tomcatPer/endorsed
11-Mar-2016 11:48:17.017 INFO [main] org.apache.catalina.startup.VersionLoggerListener.log Command line argument: -Dcatalina.base=/Users/tkk/Development/Kredible/tomcatPer
11-Mar-2016 11:48:17.017 INFO [main] org.apache.catalina.startup.VersionLoggerListener.log Command line argument: -Dcatalina.home=/Users/tkk/Development/Kredible/tomcatPer
11-Mar-2016 11:48:17.017 INFO [main] org.apache.catalina.startup.VersionLoggerListener.log Command line argument: -Djava.io.tmpdir=/Users/tkk/Development/Kredible/tomcatPer/temp
11-Mar-2016 11:48:17.017 INFO [main] org.apache.catalina.core.AprLifecycleListener.lifecycleEvent The APR based Apache Tomcat Native library which allows optimal performance in production environments was not found on the java.library.path: /Users/tkk/Library/Java/Extensions:/Library/Java/Extensions:/Network/Library/Java/Extensions:/System/Library/Java/Extensions:/usr/lib/java:.
11-Mar-2016 11:48:17.195 INFO [main] org.apache.coyote.AbstractProtocol.init Initializing ProtocolHandler ["http-nio-8080"]
11-Mar-2016 11:48:17.240 INFO [main] org.apache.tomcat.util.net.NioSelectorPool.getSharedSelector Using a shared selector for servlet write/read
11-Mar-2016 11:48:17.243 INFO [main] org.apache.coyote.AbstractProtocol.init Initializing ProtocolHandler ["ajp-nio-8009"]
11-Mar-2016 11:48:17.245 INFO [main] org.apache.tomcat.util.net.NioSelectorPool.getSharedSelector Using a shared selector for servlet write/read
11-Mar-2016 11:48:17.246 INFO [main] org.apache.catalina.startup.Catalina.load Initialization processed in 810 ms
11-Mar-2016 11:48:17.282 INFO [main] org.apache.catalina.core.StandardService.startInternal Starting service Catalina
11-Mar-2016 11:48:17.282 INFO [main] org.apache.catalina.core.StandardEngine.startInternal Starting Servlet Engine: Apache Tomcat/8.0.15
11-Mar-2016 11:48:22.299 WARNING [localhost-startStop-1] org.apache.tomcat.jdbc.pool.ConnectionPool.init initialSize is larger than maxActive, setting initialSize to: 5
11-Mar-2016 11:48:22.300 WARNING [localhost-startStop-1] org.apache.tomcat.jdbc.pool.ConnectionPool.init minIdle is larger than maxActive, setting minIdle to: 5
11-Mar-2016 11:48:22.300 WARNING [localhost-startStop-1] org.apache.tomcat.jdbc.pool.ConnectionPool.init maxIdle is smaller than minIdle, setting maxIdle to: 5
11-Mar-2016 11:48:24.405 WARNING [localhost-startStop-1] null.null The following warnings have been detected: HINT: A HTTP GET method, public void com.kredible.services.MembersService.getUrlAuthRedirect(java.lang.String) throws java.lang.Exception, returns a void type. It can be intentional and perfectly fine, but it is a little uncommon that GET method returns always "204 No Content".

11-Mar-2016 11:48:24.448 INFO [main] org.apache.coyote.AbstractProtocol.start Starting ProtocolHandler ["http-nio-8080"]
11-Mar-2016 11:48:24.472 INFO [main] org.apache.coyote.AbstractProtocol.start Starting ProtocolHandler ["ajp-nio-8009"]
11-Mar-2016 11:48:24.473 INFO [main] org.apache.catalina.startup.Catalina.start Server startup in 7226 ms
11-Mar-2016 12:54:22.303 WARNING [Tomcat JDBC Pool Cleaner[989110044:1457714902302]] org.apache.tomcat.jdbc.pool.ConnectionPool.abandon Connection has been abandoned PooledConnection[com.mysql.jdbc.JDBC4Connection@1d82b0d1]:java.lang.Exception
	at org.apache.tomcat.jdbc.pool.ConnectionPool.getThreadDump(ConnectionPool.java:1052)
	at org.apache.tomcat.jdbc.pool.ConnectionPool.borrowConnection(ConnectionPool.java:768)
	at org.apache.tomcat.jdbc.pool.ConnectionPool.borrowConnection(ConnectionPool.java:617)
	at org.apache.tomcat.jdbc.pool.ConnectionPool.getConnection(ConnectionPool.java:186)
	at org.apache.tomcat.jdbc.pool.DataSourceProxy.getConnection(DataSourceProxy.java:127)
	at com.monumental.trampoline.datasources.DbResources.getConnection(Unknown Source)
	at com.monumental.trampoline.component.CompDbController.<init>(Unknown Source)
	at com.monumental.trampoline.component.CompManager.newCompController(Unknown Source)
	at com.monumental.trampoline.component.CompManager.init(Unknown Source)
	at com.monumental.trampoline.component.CompManager.init(Unknown Source)
	at com.kredible.services.MembersService.<init>(MembersService.java:34)
	at sun.reflect.NativeConstructorAccessorImpl.newInstance0(Native Method)
	at sun.reflect.NativeConstructorAccessorImpl.newInstance(NativeConstructorAccessorImpl.java:62)
	at sun.reflect.DelegatingConstructorAccessorImpl.newInstance(DelegatingConstructorAccessorImpl.java:45)
	at java.lang.reflect.Constructor.newInstance(Constructor.java:422)
	at org.glassfish.hk2.utilities.reflection.ReflectionHelper.makeMe(ReflectionHelper.java:1129)
	at org.jvnet.hk2.internal.ClazzCreator.createMe(ClazzCreator.java:274)
	at org.jvnet.hk2.internal.ClazzCreator.create(ClazzCreator.java:368)
	at org.jvnet.hk2.internal.SystemDescriptor.create(SystemDescriptor.java:471)
	at org.glassfish.jersey.process.internal.RequestScope.findOrCreate(RequestScope.java:162)
	at org.jvnet.hk2.internal.Utilities.createService(Utilities.java:2064)
	at org.jvnet.hk2.internal.ServiceLocatorImpl.internalGetService(ServiceLocatorImpl.java:711)
	at org.jvnet.hk2.internal.ServiceLocatorImpl.getService(ServiceLocatorImpl.java:653)
	at org.glassfish.jersey.internal.inject.Injections.getOrCreate(Injections.java:169)
	at org.glassfish.jersey.server.model.MethodHandler$ClassBasedMethodHandler.getInstance(MethodHandler.java:185)
	at org.glassfish.jersey.server.internal.routing.PushMethodHandlerRouter.apply(PushMethodHandlerRouter.java:74)
	at org.glassfish.jersey.server.internal.routing.RoutingStage._apply(RoutingStage.java:109)
	at org.glassfish.jersey.server.internal.routing.RoutingStage._apply(RoutingStage.java:112)
	at org.glassfish.jersey.server.internal.routing.RoutingStage._apply(RoutingStage.java:112)
	at org.glassfish.jersey.server.internal.routing.RoutingStage._apply(RoutingStage.java:112)
	at org.glassfish.jersey.server.internal.routing.RoutingStage._apply(RoutingStage.java:112)
	at org.glassfish.jersey.server.internal.routing.RoutingStage.apply(RoutingStage.java:92)
	at org.glassfish.jersey.server.internal.routing.RoutingStage.apply(RoutingStage.java:61)
	at org.glassfish.jersey.process.internal.Stages.process(Stages.java:197)
	at org.glassfish.jersey.server.ServerRuntime$2.run(ServerRuntime.java:297)
	at org.glassfish.jersey.internal.Errors$1.call(Errors.java:271)
	at org.glassfish.jersey.internal.Errors$1.call(Errors.java:267)
	at org.glassfish.jersey.internal.Errors.process(Errors.java:315)
	at org.glassfish.jersey.internal.Errors.process(Errors.java:297)
	at org.glassfish.jersey.internal.Errors.process(Errors.java:267)
	at org.glassfish.jersey.process.internal.RequestScope.runInScope(RequestScope.java:317)
	at org.glassfish.jersey.server.ServerRuntime.process(ServerRuntime.java:288)
	at org.glassfish.jersey.server.ApplicationHandler.handle(ApplicationHandler.java:1110)
	at org.glassfish.jersey.servlet.WebComponent.service(WebComponent.java:401)
	at org.glassfish.jersey.servlet.ServletContainer.service(ServletContainer.java:386)
	at org.glassfish.jersey.servlet.ServletContainer.service(ServletContainer.java:335)
	at org.glassfish.jersey.servlet.ServletContainer.service(ServletContainer.java:222)
	at org.apache.catalina.core.ApplicationFilterChain.internalDoFilter(ApplicationFilterChain.java:291)
	at org.apache.catalina.core.ApplicationFilterChain.doFilter(ApplicationFilterChain.java:206)
	at org.apache.tomcat.websocket.server.WsFilter.doFilter(WsFilter.java:52)
	at org.apache.catalina.core.ApplicationFilterChain.internalDoFilter(ApplicationFilterChain.java:239)
	at org.apache.catalina.core.ApplicationFilterChain.doFilter(ApplicationFilterChain.java:206)
	at com.kredible.services.AuthenticationFilter.doFilter(AuthenticationFilter.java:32)
	at org.apache.catalina.core.ApplicationFilterChain.internalDoFilter(ApplicationFilterChain.java:239)
	at org.apache.catalina.core.ApplicationFilterChain.doFilter(ApplicationFilterChain.java:206)
	at com.thetransactioncompany.cors.CORSFilter.doFilter(CORSFilter.java:208)
	at com.thetransactioncompany.cors.CORSFilter.doFilter(CORSFilter.java:274)
	at org.apache.catalina.core.ApplicationFilterChain.internalDoFilter(ApplicationFilterChain.java:239)
	at org.apache.catalina.core.ApplicationFilterChain.doFilter(ApplicationFilterChain.java:206)
	at org.apache.catalina.core.StandardWrapperValve.invoke(StandardWrapperValve.java:219)
	at org.apache.catalina.core.StandardContextValve.invoke(StandardContextValve.java:106)
	at org.apache.catalina.authenticator.AuthenticatorBase.invoke(AuthenticatorBase.java:501)
	at org.apache.catalina.core.StandardHostValve.invoke(StandardHostValve.java:142)
	at org.apache.catalina.valves.ErrorReportValve.invoke(ErrorReportValve.java:79)
	at org.apache.catalina.core.StandardEngineValve.invoke(StandardEngineValve.java:88)
	at org.apache.catalina.connector.CoyoteAdapter.service(CoyoteAdapter.java:537)
	at org.apache.coyote.http11.AbstractHttp11Processor.process(AbstractHttp11Processor.java:1085)
	at org.apache.coyote.AbstractProtocol$AbstractConnectionHandler.process(AbstractProtocol.java:658)
	at org.apache.coyote.http11.Http11NioProtocol$Http11ConnectionHandler.process(Http11NioProtocol.java:222)
	at org.apache.tomcat.util.net.NioEndpoint$SocketProcessor.doRun(NioEndpoint.java:1556)
	at org.apache.tomcat.util.net.NioEndpoint$SocketProcessor.run(NioEndpoint.java:1513)
	at java.util.concurrent.ThreadPoolExecutor.runWorker(ThreadPoolExecutor.java:1142)
	at java.util.concurrent.ThreadPoolExecutor$Worker.run(ThreadPoolExecutor.java:617)
	at org.apache.tomcat.util.threads.TaskThread$WrappingRunnable.run(TaskThread.java:61)
	at java.lang.Thread.run(Thread.java:745)

11-Mar-2016 13:17:47.214 INFO [ContainerBackgroundProcessor[StandardEngine[Catalina]]] org.apache.catalina.core.StandardContext.reload Reloading Context with name [] has started
11-Mar-2016 13:17:47.233 WARNING [ContainerBackgroundProcessor[StandardEngine[Catalina]]] org.apache.catalina.loader.WebappClassLoaderBase.clearReferencesThreads The web application [ROOT] appears to have started a thread named [Abandoned connection cleanup thread] but has failed to stop it. This is very likely to create a memory leak. Stack trace of thread:
 java.lang.Object.wait(Native Method)
 java.lang.ref.ReferenceQueue.remove(ReferenceQueue.java:143)
 com.mysql.jdbc.AbandonedConnectionCleanupThread.run(AbandonedConnectionCleanupThread.java:43)
11-Mar-2016 13:17:47.233 WARNING [ContainerBackgroundProcessor[StandardEngine[Catalina]]] org.apache.catalina.loader.WebappClassLoaderBase.clearReferencesThreads The web application [ROOT] appears to have started a thread named [Abandoned connection cleanup thread] but has failed to stop it. This is very likely to create a memory leak. Stack trace of thread:
 java.lang.Object.wait(Native Method)
 java.lang.ref.ReferenceQueue.remove(ReferenceQueue.java:143)
 com.mysql.jdbc.AbandonedConnectionCleanupThread.run(AbandonedConnectionCleanupThread.java:43)
11-Mar-2016 13:17:47.235 SEVERE [ContainerBackgroundProcessor[StandardEngine[Catalina]]] org.apache.catalina.loader.WebappClassLoaderBase.checkThreadLocalMapForLeaks The web application [ROOT] created a ThreadLocal with key of type [org.jvnet.hk2.internal.PerLocatorUtilities$1] (value [org.jvnet.hk2.internal.PerLocatorUtilities$1@2c6d0f7]) and a value of type [java.util.WeakHashMap] (value [{}]) but failed to remove it when the web application was stopped. Threads are going to be renewed over time to try and avoid a probable memory leak.
11-Mar-2016 13:17:47.235 SEVERE [ContainerBackgroundProcessor[StandardEngine[Catalina]]] org.apache.catalina.loader.WebappClassLoaderBase.checkThreadLocalMapForLeaks The web application [ROOT] created a ThreadLocal with key of type [org.jvnet.hk2.internal.PerLocatorUtilities$1] (value [org.jvnet.hk2.internal.PerLocatorUtilities$1@2c6d0f7]) and a value of type [java.util.WeakHashMap] (value [{}]) but failed to remove it when the web application was stopped. Threads are going to be renewed over time to try and avoid a probable memory leak.
11-Mar-2016 13:17:47.235 SEVERE [ContainerBackgroundProcessor[StandardEngine[Catalina]]] org.apache.catalina.loader.WebappClassLoaderBase.checkThreadLocalMapForLeaks The web application [ROOT] created a ThreadLocal with key of type [org.jvnet.hk2.internal.PerLocatorUtilities$1] (value [org.jvnet.hk2.internal.PerLocatorUtilities$1@2c6d0f7]) and a value of type [java.util.WeakHashMap] (value [{}]) but failed to remove it when the web application was stopped. Threads are going to be renewed over time to try and avoid a probable memory leak.
11-Mar-2016 13:17:47.235 SEVERE [ContainerBackgroundProcessor[StandardEngine[Catalina]]] org.apache.catalina.loader.WebappClassLoaderBase.checkThreadLocalMapForLeaks The web application [ROOT] created a ThreadLocal with key of type [org.jvnet.hk2.internal.PerLocatorUtilities$1] (value [org.jvnet.hk2.internal.PerLocatorUtilities$1@2c6d0f7]) and a value of type [java.util.WeakHashMap] (value [{}]) but failed to remove it when the web application was stopped. Threads are going to be renewed over time to try and avoid a probable memory leak.
11-Mar-2016 13:17:47.236 SEVERE [ContainerBackgroundProcessor[StandardEngine[Catalina]]] org.apache.catalina.loader.WebappClassLoaderBase.checkThreadLocalMapForLeaks The web application [ROOT] created a ThreadLocal with key of type [org.jvnet.hk2.internal.PerLocatorUtilities$2] (value [org.jvnet.hk2.internal.PerLocatorUtilities$2@2d646fa6]) and a value of type [java.util.WeakHashMap] (value [{protected org.glassfish.jersey.server.internal.process.ServerProcessingBinder$ContainerRequestFactory(javax.inject.Provider)=org.jvnet.hk2.internal.SoftAnnotatedElementAnnotationInfo@7fae8cce}]) but failed to remove it when the web application was stopped. Threads are going to be renewed over time to try and avoid a probable memory leak.
11-Mar-2016 13:17:47.236 SEVERE [ContainerBackgroundProcessor[StandardEngine[Catalina]]] org.apache.catalina.loader.WebappClassLoaderBase.checkThreadLocalMapForLeaks The web application [ROOT] created a ThreadLocal with key of type [org.jvnet.hk2.internal.PerLocatorUtilities$1] (value [org.jvnet.hk2.internal.PerLocatorUtilities$1@2c6d0f7]) and a value of type [java.util.WeakHashMap] (value [{}]) but failed to remove it when the web application was stopped. Threads are going to be renewed over time to try and avoid a probable memory leak.
11-Mar-2016 13:17:47.236 SEVERE [ContainerBackgroundProcessor[StandardEngine[Catalina]]] org.apache.catalina.loader.WebappClassLoaderBase.checkThreadLocalMapForLeaks The web application [ROOT] created a ThreadLocal with key of type [org.jvnet.hk2.internal.PerLocatorUtilities$1] (value [org.jvnet.hk2.internal.PerLocatorUtilities$1@2c6d0f7]) and a value of type [java.util.WeakHashMap] (value [{}]) but failed to remove it when the web application was stopped. Threads are going to be renewed over time to try and avoid a probable memory leak.
11-Mar-2016 13:17:47.236 SEVERE [ContainerBackgroundProcessor[StandardEngine[Catalina]]] org.apache.catalina.loader.WebappClassLoaderBase.checkThreadLocalMapForLeaks The web application [ROOT] created a ThreadLocal with key of type [org.jvnet.hk2.internal.PerLocatorUtilities$1] (value [org.jvnet.hk2.internal.PerLocatorUtilities$1@2c6d0f7]) and a value of type [java.util.WeakHashMap] (value [{}]) but failed to remove it when the web application was stopped. Threads are going to be renewed over time to try and avoid a probable memory leak.
11-Mar-2016 13:17:47.237 SEVERE [ContainerBackgroundProcessor[StandardEngine[Catalina]]] org.apache.catalina.loader.WebappClassLoaderBase.checkThreadLocalMapForLeaks The web application [ROOT] created a ThreadLocal with key of type [org.jvnet.hk2.internal.PerLocatorUtilities$2] (value [org.jvnet.hk2.internal.PerLocatorUtilities$2@2d646fa6]) and a value of type [java.util.WeakHashMap] (value [{javax.servlet.http.HttpServletRequest com.kredible.services.MembersService.hsr=org.jvnet.hk2.internal.SoftAnnotatedElementAnnotationInfo@3c3d9a39, javax.servlet.http.HttpServletResponse com.kredible.services.MembersService.hsp=org.jvnet.hk2.internal.SoftAnnotatedElementAnnotationInfo@848a421, public org.glassfish.jersey.servlet.WebComponent$HttpServletResponseReferencingFactory(javax.inject.Provider)=org.jvnet.hk2.internal.SoftAnnotatedElementAnnotationInfo@65ff3d1, public org.glassfish.jersey.servlet.WebComponent$HttpServletRequestReferencingFactory(javax.inject.Provider)=org.jvnet.hk2.internal.SoftAnnotatedElementAnnotationInfo@d9cd728}]) but failed to remove it when the web application was stopped. Threads are going to be renewed over time to try and avoid a probable memory leak.
11-Mar-2016 13:17:53.232 WARNING [ContainerBackgroundProcessor[StandardEngine[Catalina]]] null.null The following warnings have been detected: HINT: A HTTP GET method, public void com.kredible.services.MembersService.getUrlAuthRedirect(java.lang.String) throws java.lang.Exception, returns a void type. It can be intentional and perfectly fine, but it is a little uncommon that GET method returns always "204 No Content".

11-Mar-2016 13:17:53.253 INFO [ContainerBackgroundProcessor[StandardEngine[Catalina]]] org.apache.catalina.core.StandardContext.reload Reloading Context with name [] is completed
11-Mar-2016 13:19:16.521 INFO [ContainerBackgroundProcessor[StandardEngine[Catalina]]] org.apache.catalina.core.StandardContext.reload Reloading Context with name [] has started
11-Mar-2016 13:19:16.533 WARNING [ContainerBackgroundProcessor[StandardEngine[Catalina]]] org.apache.catalina.loader.WebappClassLoaderBase.clearReferencesThreads The web application [ROOT] appears to have started a thread named [Abandoned connection cleanup thread] but has failed to stop it. This is very likely to create a memory leak. Stack trace of thread:
 java.lang.Object.wait(Native Method)
 java.lang.ref.ReferenceQueue.remove(ReferenceQueue.java:143)
 com.mysql.jdbc.AbandonedConnectionCleanupThread.run(AbandonedConnectionCleanupThread.java:43)
11-Mar-2016 13:19:16.534 SEVERE [ContainerBackgroundProcessor[StandardEngine[Catalina]]] org.apache.catalina.loader.WebappClassLoaderBase.checkThreadLocalMapForLeaks The web application [ROOT] created a ThreadLocal with key of type [org.jvnet.hk2.internal.PerLocatorUtilities$1] (value [org.jvnet.hk2.internal.PerLocatorUtilities$1@7e85707d]) and a value of type [java.util.WeakHashMap] (value [{}]) but failed to remove it when the web application was stopped. Threads are going to be renewed over time to try and avoid a probable memory leak.
11-Mar-2016 13:19:16.535 SEVERE [ContainerBackgroundProcessor[StandardEngine[Catalina]]] org.apache.catalina.loader.WebappClassLoaderBase.checkThreadLocalMapForLeaks The web application [ROOT] created a ThreadLocal with key of type [org.jvnet.hk2.internal.PerLocatorUtilities$2] (value [org.jvnet.hk2.internal.PerLocatorUtilities$2@56d47a1c]) and a value of type [java.util.WeakHashMap] (value [{private org.jvnet.hk2.internal.DynamicConfigurationServiceImpl(org.glassfish.hk2.api.ServiceLocator)=org.jvnet.hk2.internal.SoftAnnotatedElementAnnotationInfo@239fd3a2}]) but failed to remove it when the web application was stopped. Threads are going to be renewed over time to try and avoid a probable memory leak.
11-Mar-2016 13:19:16.536 SEVERE [ContainerBackgroundProcessor[StandardEngine[Catalina]]] org.apache.catalina.loader.WebappClassLoaderBase.checkThreadLocalMapForLeaks The web application [ROOT] created a ThreadLocal with key of type [org.jvnet.hk2.internal.PerLocatorUtilities$2] (value [org.jvnet.hk2.internal.PerLocatorUtilities$2@4fc0c509]) and a value of type [java.util.WeakHashMap] (value [{public org.glassfish.jersey.jaxb.internal.XmlRootObjectJaxbProvider$Text(org.glassfish.hk2.api.Factory,javax.ws.rs.ext.Providers)=org.jvnet.hk2.internal.SoftAnnotatedElementAnnotationInfo@1a935214, public org.glassfish.jersey.server.internal.inject.BeanParamValueFactoryProvider(org.glassfish.jersey.server.internal.inject.MultivaluedParameterExtractorProvider,org.glassfish.hk2.api.ServiceLocator)=org.jvnet.hk2.internal.SoftAnnotatedElementAnnotationInfo@6f62cfc0, private javax.ws.rs.container.ResourceContext org.glassfish.jersey.server.model.internal.VoidVoidDispatcherProvider.resourceContext=org.jvnet.hk2.internal.SoftAnnotatedElementAnnotationInfo@323d134d, private org.glassfish.jersey.server.model.internal.ResourceMethodDispatcherFactory org.glassfish.jersey.server.model.ResourceMethodInvoker$Builder.dispatcherProviderFactory=org.jvnet.hk2.internal.SoftAnnotatedElementAnnotationInfo@7b9c608e, public org.glassfish.jersey.server.internal.inject.HeaderParamValueFactoryProvider(org.glassfish.jersey.server.internal.inject.MultivaluedParameterExtractorProvider,org.glassfish.hk2.api.ServiceLocator)=org.jvnet.hk2.internal.SoftAnnotatedElementAnnotationInfo@7b1f8e1b, private org.glassfish.jersey.process.internal.RequestScope org.glassfish.jersey.server.ServerRuntime$Builder.requestScope=org.jvnet.hk2.internal.SoftAnnotatedElementAnnotationInfo@2fa5277, public org.glassfish.jersey.jaxb.internal.XmlRootObjectJaxbProvider$App(org.glassfish.hk2.api.Factory,javax.ws.rs.ext.Providers)=org.jvnet.hk2.internal.SoftAnnotatedElementAnnotationInfo@58079e1e, public org.glassfish.jersey.message.internal.SourceProvider$SourceWriter(org.glassfish.hk2.api.Factory,org.glassfish.hk2.api.Factory)=org.jvnet.hk2.internal.SoftAnnotatedElementAnnotationInfo@40870d80, private org.glassfish.hk2.api.ServiceLocator org.glassfish.jersey.server.model.internal.JavaResourceMethodDispatcherProvider.serviceLocator=org.jvnet.hk2.internal.SoftAnnotatedElementAnnotationInfo@476f2cdd, private javax.inject.Provider org.glassfish.jersey.internal.JaxrsProviders.workers=org.jvnet.hk2.internal.SoftAnnotatedElementAnnotationInfo@1756a7ad, public org.glassfish.jersey.server.internal.RuntimeExecutorsBinder$BackgroundSchedulerFactory(org.glassfish.jersey.spi.RuntimeThreadProvider)=org.jvnet.hk2.internal.SoftAnnotatedElementAnnotationInfo@73453c37, public org.glassfish.jersey.server.internal.inject.FormParamValueFactoryProvider(org.glassfish.jersey.server.internal.inject.MultivaluedParameterExtractorProvider,org.glassfish.hk2.api.ServiceLocator)=org.jvnet.hk2.internal.SoftAnnotatedElementAnnotationInfo@b56c4d2, private javax.inject.Provider org.glassfish.jersey.server.internal.inject.AbstractContainerRequestValueFactory.request=org.jvnet.hk2.internal.SoftAnnotatedElementAnnotationInfo@356108a1, org.glassfish.jersey.server.internal.JerseyResourceContext(org.glassfish.hk2.api.ServiceLocator)=org.jvnet.hk2.internal.SoftAnnotatedElementAnnotationInfo@17a8aa6f, public org.glassfish.jersey.server.internal.inject.AsyncResponseValueFactoryProvider(javax.inject.Provider)=org.jvnet.hk2.internal.SoftAnnotatedElementAnnotationInfo@4dd69829, public org.glassfish.jersey.server.internal.inject.ParamConverters$AggregatedProvider(org.glassfish.hk2.api.ServiceLocator)=org.jvnet.hk2.internal.SoftAnnotatedElementAnnotationInfo@701bb515, public org.glassfish.jersey.jaxb.internal.XmlRootElementJaxbProvider$General(org.glassfish.hk2.api.Factory,javax.ws.rs.ext.Providers)=org.jvnet.hk2.internal.SoftAnnotatedElementAnnotationInfo@4d028fb7, private org.glassfish.hk2.api.ServiceLocator org.glassfish.jersey.server.internal.inject.ParamInjectionResolver.locator=org.jvnet.hk2.internal.SoftAnnotatedElementAnnotationInfo@1f2bbfaa, private org.glassfish.hk2.api.ServiceLocator org.glassfish.jersey.server.internal.inject.BeanParamValueFactoryProvider.locator=org.jvnet.hk2.internal.SoftAnnotatedElementAnnotationInfo@66c57bb6, private javax.ws.rs.core.Configuration org.glassfish.jersey.server.ServerRuntime$Builder.configuration=org.jvnet.hk2.internal.SoftAnnotatedElementAnnotationInfo@4b5bc966, private org.glassfish.jersey.server.spi.ExternalRequestScope org.glassfish.jersey.server.ServerRuntime$Builder.externalRequestScope=org.jvnet.hk2.internal.SoftAnnotatedElementAnnotationInfo@12fd988d, private org.glassfish.hk2.api.ServiceLocator org.glassfish.jersey.server.model.ResourceMethodInvoker$Builder.locator=org.jvnet.hk2.internal.SoftAnnotatedElementAnnotationInfo@5069a397, private org.glassfish.jersey.spi.ExceptionMappers org.glassfish.jersey.server.ServerRuntime$Builder.exceptionMappers=org.jvnet.hk2.internal.SoftAnnotatedElementAnnotationInfo@1dbc7ae7, public org.glassfish.jersey.message.internal.SourceProvider$DomSourceReader(org.glassfish.hk2.api.Factory)=org.jvnet.hk2.internal.SoftAnnotatedElementAnnotationInfo@8b980cf, org.glassfish.jersey.server.model.internal.ResourceMethodDispatcherFactory(org.glassfish.hk2.api.ServiceLocator)=org.jvnet.hk2.internal.SoftAnnotatedElementAnnotationInfo@767e58a5, org.glassfish.hk2.api.ServiceLocator org.glassfish.jersey.jaxb.internal.JaxbAutoDiscoverable.locator=org.jvnet.hk2.internal.SoftAnnotatedElementAnnotationInfo@6b1638e6, private javax.inject.Provider org.glassfish.jersey.server.internal.JsonWithPaddingInterceptor.containerRequestProvider=org.jvnet.hk2.internal.SoftAnnotatedElementAnnotationInfo@15031c21, public org.glassfish.jersey.jaxb.internal.XmlJaxbElementProvider$Text(org.glassfish.hk2.api.Factory,javax.ws.rs.ext.Providers)=org.jvnet.hk2.internal.SoftAnnotatedElementAnnotationInfo@51f859b6, private javax.inject.Provider org.glassfish.jersey.jaxb.internal.DocumentProvider.dbf=org.jvnet.hk2.internal.SoftAnnotatedElementAnnotationInfo@55c7985c, public org.glassfish.jersey.jaxb.internal.XmlRootElementJaxbProvider$App(org.glassfish.hk2.api.Factory,javax.ws.rs.ext.Providers)=org.jvnet.hk2.internal.SoftAnnotatedElementAnnotationInfo@fcc5b0a, private javax.inject.Provider org.glassfish.jersey.jaxb.internal.DocumentProvider.tf=org.jvnet.hk2.internal.SoftAnnotatedElementAnnotationInfo@223acc6, private org.glassfish.jersey.process.internal.RequestExecutorFactory org.glassfish.jersey.server.ServerRuntime$Builder.asyncExecutorFactory=org.jvnet.hk2.internal.SoftAnnotatedElementAnnotationInfo@118570dd, public org.glassfish.jersey.server.internal.inject.WebTargetValueFactoryProvider(org.glassfish.hk2.api.ServiceLocator,javax.ws.rs.core.Configuration)=org.jvnet.hk2.internal.SoftAnnotatedElementAnnotationInfo@78691fc9, public org.glassfish.jersey.jaxb.internal.XmlJaxbElementProvider$General(org.glassfish.hk2.api.Factory,javax.ws.rs.ext.Providers)=org.jvnet.hk2.internal.SoftAnnotatedElementAnnotationInfo@15100fc5, public org.glassfish.jersey.message.internal.SourceProvider$SaxSourceReader(javax.inject.Provider)=org.jvnet.hk2.internal.SoftAnnotatedElementAnnotationInfo@a4ad43d, private java.util.concurrent.ScheduledExecutorService org.glassfish.jersey.server.ServerRuntime$Builder.backgroundScheduler=org.jvnet.hk2.internal.SoftAnnotatedElementAnnotationInfo@30f34e31, org.glassfish.jersey.server.model.internal.ResourceMethodInvocationHandlerFactory(org.glassfish.hk2.api.ServiceLocator)=org.jvnet.hk2.internal.SoftAnnotatedElementAnnotationInfo@5498b1, public org.glassfish.jersey.server.internal.inject.MultivaluedParameterExtractorFactory(org.glassfish.jersey.server.internal.inject.ParamConverterFactory)=org.jvnet.hk2.internal.SoftAnnotatedElementAnnotationInfo@15afc159, public org.glassfish.jersey.jaxb.internal.XmlCollectionJaxbProvider$App(org.glassfish.hk2.api.Factory,javax.ws.rs.ext.Providers)=org.jvnet.hk2.internal.SoftAnnotatedElementAnnotationInfo@491814ed, public org.glassfish.jersey.jaxb.internal.JaxbStringReaderProvider$RootElementProvider(javax.inject.Provider,javax.ws.rs.ext.Providers)=org.jvnet.hk2.internal.SoftAnnotatedElementAnnotationInfo@63b05939, public org.glassfish.jersey.server.internal.inject.DelegatedInjectionValueFactoryProvider(org.glassfish.hk2.api.ServiceLocator)=org.jvnet.hk2.internal.SoftAnnotatedElementAnnotationInfo@4705d4ee, public org.glassfish.jersey.server.internal.inject.QueryParamValueFactoryProvider(org.glassfish.jersey.server.internal.inject.MultivaluedParameterExtractorProvider,org.glassfish.hk2.api.ServiceLocator)=org.jvnet.hk2.internal.SoftAnnotatedElementAnnotationInfo@2ccb705e, public org.glassfish.jersey.internal.ExceptionMapperFactory(org.glassfish.hk2.api.ServiceLocator)=org.jvnet.hk2.internal.SoftAnnotatedElementAnnotationInfo@25fdb656, public org.glassfish.jersey.server.internal.inject.MatrixParamValueFactoryProvider(org.glassfish.jersey.server.internal.inject.MultivaluedParameterExtractorProvider,org.glassfish.hk2.api.ServiceLocator)=org.jvnet.hk2.internal.SoftAnnotatedElementAnnotationInfo@44654a41, private javax.inject.Provider org.glassfish.jersey.internal.JaxrsProviders.mappers=org.jvnet.hk2.internal.SoftAnnotatedElementAnnotationInfo@2dae4487, public org.glassfish.jersey.server.internal.inject.PathParamValueFactoryProvider(org.glassfish.jersey.server.internal.inject.MultivaluedParameterExtractorProvider,org.glassfish.hk2.api.ServiceLocator)=org.jvnet.hk2.internal.SoftAnnotatedElementAnnotationInfo@5a9088ec, private javax.inject.Provider org.glassfish.jersey.internal.JaxrsProviders.resolvers=org.jvnet.hk2.internal.SoftAnnotatedElementAnnotationInfo@1297caee, private org.jvnet.hk2.internal.DynamicConfigurationServiceImpl(org.glassfish.hk2.api.ServiceLocator)=org.jvnet.hk2.internal.SoftAnnotatedElementAnnotationInfo@7ccebdbf, private org.glassfish.hk2.api.ServiceLocator org.glassfish.jersey.internal.inject.ContextInjectionResolver.serviceLocator=org.jvnet.hk2.internal.SoftAnnotatedElementAnnotationInfo@231b44dd, public org.glassfish.jersey.jaxb.internal.XmlRootObjectJaxbProvider$General(org.glassfish.hk2.api.Factory,javax.ws.rs.ext.Providers)=org.jvnet.hk2.internal.SoftAnnotatedElementAnnotationInfo@7d127fba, public org.glassfish.jersey.jaxb.internal.XmlCollectionJaxbProvider$Text(org.glassfish.hk2.api.Factory,javax.ws.rs.ext.Providers)=org.jvnet.hk2.internal.SoftAnnotatedElementAnnotationInfo@517e1a4c, org.glassfish.jersey.internal.inject.JerseyClassAnalyzer(org.glassfish.hk2.api.ClassAnalyzer,org.glassfish.hk2.api.IterableProvider)=org.jvnet.hk2.internal.SoftAnnotatedElementAnnotationInfo@58547699, org.glassfish.jersey.server.internal.inject.ParamConverterFactory(org.glassfish.hk2.api.ServiceLocator)=org.jvnet.hk2.internal.SoftAnnotatedElementAnnotationInfo@2190ece2, public void org.glassfish.jersey.jaxb.internal.AbstractJaxbProvider.setConfiguration(javax.ws.rs.core.Configuration)=org.jvnet.hk2.internal.SoftAnnotatedElementAnnotationInfo@4f11b8c5, private javax.inject.Provider org.glassfish.jersey.server.model.ResourceMethodInvoker$Builder.validatorProvider=org.jvnet.hk2.internal.SoftAnnotatedElementAnnotationInfo@6e1c7711, org.glassfish.jersey.server.internal.inject.EntityParamValueFactoryProvider(org.glassfish.jersey.server.internal.inject.MultivaluedParameterExtractorProvider,org.glassfish.hk2.api.ServiceLocator)=org.jvnet.hk2.internal.SoftAnnotatedElementAnnotationInfo@150724f5, public org.glassfish.jersey.server.internal.process.ServerManagedAsyncExecutorFactory(org.glassfish.hk2.api.ServiceLocator)=org.jvnet.hk2.internal.SoftAnnotatedElementAnnotationInfo@33d63d4b, private org.glassfish.jersey.server.model.internal.ResourceMethodInvocationHandlerFactory org.glassfish.jersey.server.model.ResourceMethodInvoker$Builder.invocationHandlerProviderFactory=org.jvnet.hk2.internal.SoftAnnotatedElementAnnotationInfo@71436c64, public org.glassfish.jersey.server.internal.inject.CookieParamValueFactoryProvider(org.glassfish.jersey.server.internal.inject.MultivaluedParameterExtractorProvider,org.glassfish.hk2.api.ServiceLocator)=org.jvnet.hk2.internal.SoftAnnotatedElementAnnotationInfo@7c6a29a2, public org.glassfish.jersey.message.internal.MessageBodyFactory(org.glassfish.hk2.api.ServiceLocator,javax.ws.rs.core.Configuration)=org.jvnet.hk2.internal.SoftAnnotatedElementAnnotationInfo@50e68a56, public org.glassfish.jersey.jaxb.internal.XmlJaxbElementProvider$App(org.glassfish.hk2.api.Factory,javax.ws.rs.ext.Providers)=org.jvnet.hk2.internal.SoftAnnotatedElementAnnotationInfo@52d8c964, org.glassfish.jersey.server.internal.process.ReferencesInitializer(org.glassfish.hk2.api.ServiceLocator,javax.inject.Provider)=org.jvnet.hk2.internal.SoftAnnotatedElementAnnotationInfo@3812bf17, private javax.ws.rs.core.Configuration org.glassfish.jersey.server.model.ResourceMethodInvoker$Builder.globalConfig=org.jvnet.hk2.internal.SoftAnnotatedElementAnnotationInfo@1518a68e, private org.glassfish.hk2.api.ServiceLocator org.glassfish.jersey.server.ServerRuntime$Builder.locator=org.jvnet.hk2.internal.SoftAnnotatedElementAnnotationInfo@71482a41, public org.glassfish.jersey.jaxb.internal.XmlRootElementJaxbProvider$Text(org.glassfish.hk2.api.Factory,javax.ws.rs.ext.Providers)=org.jvnet.hk2.internal.SoftAnnotatedElementAnnotationInfo@65cf4ee5, public org.glassfish.jersey.jaxb.internal.XmlCollectionJaxbProvider$General(org.glassfish.hk2.api.Factory,javax.ws.rs.ext.Providers)=org.jvnet.hk2.internal.SoftAnnotatedElementAnnotationInfo@4888bf4c}]) but failed to remove it when the web application was stopped. Threads are going to be renewed over time to try and avoid a probable memory leak.
11-Mar-2016 13:19:18.885 SEVERE [ContainerBackgroundProcessor[StandardEngine[Catalina]]] org.apache.catalina.core.StandardContext.startInternal Error filterStart
11-Mar-2016 13:19:18.885 SEVERE [ContainerBackgroundProcessor[StandardEngine[Catalina]]] org.apache.catalina.core.StandardContext.startInternal Context [] startup failed due to previous errors
11-Mar-2016 13:19:18.892 WARNING [ContainerBackgroundProcessor[StandardEngine[Catalina]]] org.apache.catalina.loader.WebappClassLoaderBase.clearReferencesThreads The web application [ROOT] appears to have started a thread named [Abandoned connection cleanup thread] but has failed to stop it. This is very likely to create a memory leak. Stack trace of thread:
 java.lang.Object.wait(Native Method)
 java.lang.ref.ReferenceQueue.remove(ReferenceQueue.java:143)
 com.mysql.jdbc.AbandonedConnectionCleanupThread.run(AbandonedConnectionCleanupThread.java:43)
11-Mar-2016 13:19:18.894 INFO [ContainerBackgroundProcessor[StandardEngine[Catalina]]] org.apache.catalina.core.StandardContext.reload Reloading Context with name [] is completed
