19-May-2016 09:21:28.136 INFO [main] org.apache.catalina.startup.VersionLoggerListener.log Server version:        Apache Tomcat/8.0.15
19-May-2016 09:21:28.138 INFO [main] org.apache.catalina.startup.VersionLoggerListener.log Server built:          Nov 2 2014 19:25:20 UTC
19-May-2016 09:21:28.138 INFO [main] org.apache.catalina.startup.VersionLoggerListener.log Server number:         8.0.15.0
19-May-2016 09:21:28.138 INFO [main] org.apache.catalina.startup.VersionLoggerListener.log OS Name:               Mac OS X
19-May-2016 09:21:28.138 INFO [main] org.apache.catalina.startup.VersionLoggerListener.log OS Version:            10.11.2
19-May-2016 09:21:28.138 INFO [main] org.apache.catalina.startup.VersionLoggerListener.log Architecture:          x86_64
19-May-2016 09:21:28.139 INFO [main] org.apache.catalina.startup.VersionLoggerListener.log JAVA_HOME:             /Library/Java/JavaVirtualMachines/jdk1.8.0_40.jdk/Contents/Home/jre
19-May-2016 09:21:28.139 INFO [main] org.apache.catalina.startup.VersionLoggerListener.log JVM Version:           1.8.0_40-b27
19-May-2016 09:21:28.139 INFO [main] org.apache.catalina.startup.VersionLoggerListener.log JVM Vendor:            Oracle Corporation
19-May-2016 09:21:28.139 INFO [main] org.apache.catalina.startup.VersionLoggerListener.log CATALINA_BASE:         /Users/tkk/Development/Kredible/tomcatPer
19-May-2016 09:21:28.139 INFO [main] org.apache.catalina.startup.VersionLoggerListener.log CATALINA_HOME:         /Users/tkk/Development/Kredible/tomcatPer
19-May-2016 09:21:28.139 INFO [main] org.apache.catalina.startup.VersionLoggerListener.log Command line argument: -Djava.util.logging.config.file=/Users/tkk/Development/Kredible/tomcatPer/conf/logging.properties
19-May-2016 09:21:28.140 INFO [main] org.apache.catalina.startup.VersionLoggerListener.log Command line argument: -Djava.util.logging.manager=org.apache.juli.ClassLoaderLogManager
19-May-2016 09:21:28.140 INFO [main] org.apache.catalina.startup.VersionLoggerListener.log Command line argument: -Djava.endorsed.dirs=/Users/tkk/Development/Kredible/tomcatPer/endorsed
19-May-2016 09:21:28.140 INFO [main] org.apache.catalina.startup.VersionLoggerListener.log Command line argument: -Dcatalina.base=/Users/tkk/Development/Kredible/tomcatPer
19-May-2016 09:21:28.140 INFO [main] org.apache.catalina.startup.VersionLoggerListener.log Command line argument: -Dcatalina.home=/Users/tkk/Development/Kredible/tomcatPer
19-May-2016 09:21:28.140 INFO [main] org.apache.catalina.startup.VersionLoggerListener.log Command line argument: -Djava.io.tmpdir=/Users/tkk/Development/Kredible/tomcatPer/temp
19-May-2016 09:21:28.140 INFO [main] org.apache.catalina.core.AprLifecycleListener.lifecycleEvent The APR based Apache Tomcat Native library which allows optimal performance in production environments was not found on the java.library.path: /Users/tkk/Library/Java/Extensions:/Library/Java/Extensions:/Network/Library/Java/Extensions:/System/Library/Java/Extensions:/usr/lib/java:.
19-May-2016 09:21:28.296 INFO [main] org.apache.coyote.AbstractProtocol.init Initializing ProtocolHandler ["http-nio-8080"]
19-May-2016 09:21:28.338 SEVERE [main] org.apache.coyote.AbstractProtocol.init Failed to initialize end point associated with ProtocolHandler ["http-nio-8080"]
 java.net.BindException: Address already in use
	at sun.nio.ch.Net.bind0(Native Method)
	at sun.nio.ch.Net.bind(Net.java:437)
	at sun.nio.ch.Net.bind(Net.java:429)
	at sun.nio.ch.ServerSocketChannelImpl.bind(ServerSocketChannelImpl.java:223)
	at sun.nio.ch.ServerSocketAdaptor.bind(ServerSocketAdaptor.java:74)
	at org.apache.tomcat.util.net.NioEndpoint.bind(NioEndpoint.java:343)
	at org.apache.tomcat.util.net.AbstractEndpoint.init(AbstractEndpoint.java:730)
	at org.apache.coyote.AbstractProtocol.init(AbstractProtocol.java:456)
	at org.apache.coyote.http11.AbstractHttp11JsseProtocol.init(AbstractHttp11JsseProtocol.java:120)
	at org.apache.catalina.connector.Connector.initInternal(Connector.java:960)
	at org.apache.catalina.util.LifecycleBase.init(LifecycleBase.java:102)
	at org.apache.catalina.core.StandardService.initInternal(StandardService.java:567)
	at org.apache.catalina.util.LifecycleBase.init(LifecycleBase.java:102)
	at org.apache.catalina.core.StandardServer.initInternal(StandardServer.java:842)
	at org.apache.catalina.util.LifecycleBase.init(LifecycleBase.java:102)
	at org.apache.catalina.startup.Catalina.load(Catalina.java:576)
	at org.apache.catalina.startup.Catalina.load(Catalina.java:599)
	at sun.reflect.NativeMethodAccessorImpl.invoke0(Native Method)
	at sun.reflect.NativeMethodAccessorImpl.invoke(NativeMethodAccessorImpl.java:62)
	at sun.reflect.DelegatingMethodAccessorImpl.invoke(DelegatingMethodAccessorImpl.java:43)
	at java.lang.reflect.Method.invoke(Method.java:497)
	at org.apache.catalina.startup.Bootstrap.load(Bootstrap.java:310)
	at org.apache.catalina.startup.Bootstrap.main(Bootstrap.java:484)

19-May-2016 09:21:28.339 SEVERE [main] org.apache.catalina.core.StandardService.initInternal Failed to initialize connector [Connector[HTTP/1.1-8080]]
 org.apache.catalina.LifecycleException: Failed to initialize component [Connector[HTTP/1.1-8080]]
	at org.apache.catalina.util.LifecycleBase.init(LifecycleBase.java:106)
	at org.apache.catalina.core.StandardService.initInternal(StandardService.java:567)
	at org.apache.catalina.util.LifecycleBase.init(LifecycleBase.java:102)
	at org.apache.catalina.core.StandardServer.initInternal(StandardServer.java:842)
	at org.apache.catalina.util.LifecycleBase.init(LifecycleBase.java:102)
	at org.apache.catalina.startup.Catalina.load(Catalina.java:576)
	at org.apache.catalina.startup.Catalina.load(Catalina.java:599)
	at sun.reflect.NativeMethodAccessorImpl.invoke0(Native Method)
	at sun.reflect.NativeMethodAccessorImpl.invoke(NativeMethodAccessorImpl.java:62)
	at sun.reflect.DelegatingMethodAccessorImpl.invoke(DelegatingMethodAccessorImpl.java:43)
	at java.lang.reflect.Method.invoke(Method.java:497)
	at org.apache.catalina.startup.Bootstrap.load(Bootstrap.java:310)
	at org.apache.catalina.startup.Bootstrap.main(Bootstrap.java:484)
Caused by: org.apache.catalina.LifecycleException: Protocol handler initialization failed
	at org.apache.catalina.connector.Connector.initInternal(Connector.java:962)
	at org.apache.catalina.util.LifecycleBase.init(LifecycleBase.java:102)
	... 12 more
Caused by: java.net.BindException: Address already in use
	at sun.nio.ch.Net.bind0(Native Method)
	at sun.nio.ch.Net.bind(Net.java:437)
	at sun.nio.ch.Net.bind(Net.java:429)
	at sun.nio.ch.ServerSocketChannelImpl.bind(ServerSocketChannelImpl.java:223)
	at sun.nio.ch.ServerSocketAdaptor.bind(ServerSocketAdaptor.java:74)
	at org.apache.tomcat.util.net.NioEndpoint.bind(NioEndpoint.java:343)
	at org.apache.tomcat.util.net.AbstractEndpoint.init(AbstractEndpoint.java:730)
	at org.apache.coyote.AbstractProtocol.init(AbstractProtocol.java:456)
	at org.apache.coyote.http11.AbstractHttp11JsseProtocol.init(AbstractHttp11JsseProtocol.java:120)
	at org.apache.catalina.connector.Connector.initInternal(Connector.java:960)
	... 13 more

19-May-2016 09:21:28.340 INFO [main] org.apache.coyote.AbstractProtocol.init Initializing ProtocolHandler ["ajp-nio-8009"]
19-May-2016 09:21:28.342 SEVERE [main] org.apache.coyote.AbstractProtocol.init Failed to initialize end point associated with ProtocolHandler ["ajp-nio-8009"]
 java.net.BindException: Address already in use
	at sun.nio.ch.Net.bind0(Native Method)
	at sun.nio.ch.Net.bind(Net.java:437)
	at sun.nio.ch.Net.bind(Net.java:429)
	at sun.nio.ch.ServerSocketChannelImpl.bind(ServerSocketChannelImpl.java:223)
	at sun.nio.ch.ServerSocketAdaptor.bind(ServerSocketAdaptor.java:74)
	at org.apache.tomcat.util.net.NioEndpoint.bind(NioEndpoint.java:343)
	at org.apache.tomcat.util.net.AbstractEndpoint.init(AbstractEndpoint.java:730)
	at org.apache.coyote.AbstractProtocol.init(AbstractProtocol.java:456)
	at org.apache.catalina.connector.Connector.initInternal(Connector.java:960)
	at org.apache.catalina.util.LifecycleBase.init(LifecycleBase.java:102)
	at org.apache.catalina.core.StandardService.initInternal(StandardService.java:567)
	at org.apache.catalina.util.LifecycleBase.init(LifecycleBase.java:102)
	at org.apache.catalina.core.StandardServer.initInternal(StandardServer.java:842)
	at org.apache.catalina.util.LifecycleBase.init(LifecycleBase.java:102)
	at org.apache.catalina.startup.Catalina.load(Catalina.java:576)
	at org.apache.catalina.startup.Catalina.load(Catalina.java:599)
	at sun.reflect.NativeMethodAccessorImpl.invoke0(Native Method)
	at sun.reflect.NativeMethodAccessorImpl.invoke(NativeMethodAccessorImpl.java:62)
	at sun.reflect.DelegatingMethodAccessorImpl.invoke(DelegatingMethodAccessorImpl.java:43)
	at java.lang.reflect.Method.invoke(Method.java:497)
	at org.apache.catalina.startup.Bootstrap.load(Bootstrap.java:310)
	at org.apache.catalina.startup.Bootstrap.main(Bootstrap.java:484)

19-May-2016 09:21:28.343 SEVERE [main] org.apache.catalina.core.StandardService.initInternal Failed to initialize connector [Connector[AJP/1.3-8009]]
 org.apache.catalina.LifecycleException: Failed to initialize component [Connector[AJP/1.3-8009]]
	at org.apache.catalina.util.LifecycleBase.init(LifecycleBase.java:106)
	at org.apache.catalina.core.StandardService.initInternal(StandardService.java:567)
	at org.apache.catalina.util.LifecycleBase.init(LifecycleBase.java:102)
	at org.apache.catalina.core.StandardServer.initInternal(StandardServer.java:842)
	at org.apache.catalina.util.LifecycleBase.init(LifecycleBase.java:102)
	at org.apache.catalina.startup.Catalina.load(Catalina.java:576)
	at org.apache.catalina.startup.Catalina.load(Catalina.java:599)
	at sun.reflect.NativeMethodAccessorImpl.invoke0(Native Method)
	at sun.reflect.NativeMethodAccessorImpl.invoke(NativeMethodAccessorImpl.java:62)
	at sun.reflect.DelegatingMethodAccessorImpl.invoke(DelegatingMethodAccessorImpl.java:43)
	at java.lang.reflect.Method.invoke(Method.java:497)
	at org.apache.catalina.startup.Bootstrap.load(Bootstrap.java:310)
	at org.apache.catalina.startup.Bootstrap.main(Bootstrap.java:484)
Caused by: org.apache.catalina.LifecycleException: Protocol handler initialization failed
	at org.apache.catalina.connector.Connector.initInternal(Connector.java:962)
	at org.apache.catalina.util.LifecycleBase.init(LifecycleBase.java:102)
	... 12 more
Caused by: java.net.BindException: Address already in use
	at sun.nio.ch.Net.bind0(Native Method)
	at sun.nio.ch.Net.bind(Net.java:437)
	at sun.nio.ch.Net.bind(Net.java:429)
	at sun.nio.ch.ServerSocketChannelImpl.bind(ServerSocketChannelImpl.java:223)
	at sun.nio.ch.ServerSocketAdaptor.bind(ServerSocketAdaptor.java:74)
	at org.apache.tomcat.util.net.NioEndpoint.bind(NioEndpoint.java:343)
	at org.apache.tomcat.util.net.AbstractEndpoint.init(AbstractEndpoint.java:730)
	at org.apache.coyote.AbstractProtocol.init(AbstractProtocol.java:456)
	at org.apache.catalina.connector.Connector.initInternal(Connector.java:960)
	... 13 more

19-May-2016 09:21:28.343 INFO [main] org.apache.catalina.startup.Catalina.load Initialization processed in 701 ms
19-May-2016 09:21:28.376 INFO [main] org.apache.catalina.core.StandardService.startInternal Starting service Catalina
19-May-2016 09:21:28.376 INFO [main] org.apache.catalina.core.StandardEngine.startInternal Starting Servlet Engine: Apache Tomcat/8.0.15
19-May-2016 09:21:32.587 WARNING [localhost-startStop-1] org.apache.tomcat.jdbc.pool.ConnectionPool.init initialSize is larger than maxActive, setting initialSize to: 5
19-May-2016 09:21:32.587 WARNING [localhost-startStop-1] org.apache.tomcat.jdbc.pool.ConnectionPool.init minIdle is larger than maxActive, setting minIdle to: 5
19-May-2016 09:21:32.588 WARNING [localhost-startStop-1] org.apache.tomcat.jdbc.pool.ConnectionPool.init maxIdle is smaller than minIdle, setting maxIdle to: 5
19-May-2016 09:21:34.445 WARNING [localhost-startStop-1] null.null The following warnings have been detected: HINT: A HTTP GET method, public void com.kredible.services.MembersService.getUrlAuthRedirect(java.lang.String) throws java.lang.Exception, returns a void type. It can be intentional and perfectly fine, but it is a little uncommon that GET method returns always "204 No Content".

19-May-2016 09:21:34.509 WARNING [localhost-startStop-1] org.glassfish.jersey.internal.Errors.logErrors The following warnings have been detected: HINT: A HTTP GET method, public void com.kredible.services_links.LinksService.processLink(java.lang.String) throws java.lang.Exception, returns a void type. It can be intentional and perfectly fine, but it is a little uncommon that GET method returns always "204 No Content".

19-May-2016 09:21:34.526 INFO [main] org.apache.catalina.startup.Catalina.start Server startup in 6183 ms
19-May-2016 09:21:34.531 SEVERE [main] org.apache.catalina.core.StandardServer.await StandardServer.await: create[localhost:8005]: 
 java.net.BindException: Address already in use
	at java.net.PlainSocketImpl.socketBind(Native Method)
	at java.net.AbstractPlainSocketImpl.bind(AbstractPlainSocketImpl.java:382)
	at java.net.ServerSocket.bind(ServerSocket.java:375)
	at java.net.ServerSocket.<init>(ServerSocket.java:237)
	at org.apache.catalina.core.StandardServer.await(StandardServer.java:420)
	at org.apache.catalina.startup.Catalina.await(Catalina.java:713)
	at org.apache.catalina.startup.Catalina.start(Catalina.java:659)
	at sun.reflect.NativeMethodAccessorImpl.invoke0(Native Method)
	at sun.reflect.NativeMethodAccessorImpl.invoke(NativeMethodAccessorImpl.java:62)
	at sun.reflect.DelegatingMethodAccessorImpl.invoke(DelegatingMethodAccessorImpl.java:43)
	at java.lang.reflect.Method.invoke(Method.java:497)
	at org.apache.catalina.startup.Bootstrap.start(Bootstrap.java:351)
	at org.apache.catalina.startup.Bootstrap.main(Bootstrap.java:485)

19-May-2016 09:21:34.531 INFO [main] org.apache.coyote.AbstractProtocol.pause Pausing ProtocolHandler ["http-nio-8080"]
19-May-2016 09:21:34.532 INFO [main] org.apache.coyote.AbstractProtocol.pause Pausing ProtocolHandler ["ajp-nio-8009"]
19-May-2016 09:21:34.532 INFO [main] org.apache.catalina.core.StandardService.stopInternal Stopping service Catalina
19-May-2016 09:21:34.552 WARNING [localhost-startStop-1] org.apache.catalina.loader.WebappClassLoaderBase.clearReferencesThreads The web application [ROOT] appears to have started a thread named [Abandoned connection cleanup thread] but has failed to stop it. This is very likely to create a memory leak. Stack trace of thread:
 java.lang.Object.wait(Native Method)
 java.lang.ref.ReferenceQueue.remove(ReferenceQueue.java:143)
 com.mysql.jdbc.AbandonedConnectionCleanupThread.run(AbandonedConnectionCleanupThread.java:43)
19-May-2016 09:21:34.552 WARNING [localhost-startStop-1] org.apache.catalina.loader.WebappClassLoaderBase.clearReferencesThreads The web application [ROOT] appears to have started a thread named [Abandoned connection cleanup thread] but has failed to stop it. This is very likely to create a memory leak. Stack trace of thread:
 java.lang.Object.wait(Native Method)
 java.lang.ref.ReferenceQueue.remove(ReferenceQueue.java:143)
 com.mysql.jdbc.AbandonedConnectionCleanupThread.run(AbandonedConnectionCleanupThread.java:43)
19-May-2016 09:21:34.553 SEVERE [localhost-startStop-1] org.apache.catalina.loader.WebappClassLoaderBase.checkThreadLocalMapForLeaks The web application [ROOT] created a ThreadLocal with key of type [org.jvnet.hk2.internal.PerLocatorUtilities$1] (value [org.jvnet.hk2.internal.PerLocatorUtilities$1@3fb5f140]) and a value of type [java.util.WeakHashMap] (value [{}]) but failed to remove it when the web application was stopped. Threads are going to be renewed over time to try and avoid a probable memory leak.
19-May-2016 09:21:34.553 SEVERE [localhost-startStop-1] org.apache.catalina.loader.WebappClassLoaderBase.checkThreadLocalMapForLeaks The web application [ROOT] created a ThreadLocal with key of type [org.jvnet.hk2.internal.PerLocatorUtilities$2] (value [org.jvnet.hk2.internal.PerLocatorUtilities$2@7c9d0cbc]) and a value of type [java.util.WeakHashMap] (value [{private org.jvnet.hk2.internal.DynamicConfigurationServiceImpl(org.glassfish.hk2.api.ServiceLocator)=org.jvnet.hk2.internal.SoftAnnotatedElementAnnotationInfo@2019a0b1}]) but failed to remove it when the web application was stopped. Threads are going to be renewed over time to try and avoid a probable memory leak.
19-May-2016 09:21:34.554 SEVERE [localhost-startStop-1] org.apache.catalina.loader.WebappClassLoaderBase.checkThreadLocalMapForLeaks The web application [ROOT] created a ThreadLocal with key of type [org.jvnet.hk2.internal.PerLocatorUtilities$2] (value [org.jvnet.hk2.internal.PerLocatorUtilities$2@5f9dc1ed]) and a value of type [java.util.WeakHashMap] (value [{public org.glassfish.jersey.jaxb.internal.XmlRootObjectJaxbProvider$Text(org.glassfish.hk2.api.Factory,javax.ws.rs.ext.Providers)=org.jvnet.hk2.internal.SoftAnnotatedElementAnnotationInfo@4fb214af, public org.glassfish.jersey.server.internal.inject.BeanParamValueFactoryProvider(org.glassfish.jersey.server.internal.inject.MultivaluedParameterExtractorProvider,org.glassfish.hk2.api.ServiceLocator)=org.jvnet.hk2.internal.SoftAnnotatedElementAnnotationInfo@5b5e1909, private javax.ws.rs.container.ResourceContext org.glassfish.jersey.server.model.internal.VoidVoidDispatcherProvider.resourceContext=org.jvnet.hk2.internal.SoftAnnotatedElementAnnotationInfo@36af36fb, private org.glassfish.jersey.server.model.internal.ResourceMethodDispatcherFactory org.glassfish.jersey.server.model.ResourceMethodInvoker$Builder.dispatcherProviderFactory=org.jvnet.hk2.internal.SoftAnnotatedElementAnnotationInfo@70c0b6a, public org.glassfish.jersey.server.internal.inject.HeaderParamValueFactoryProvider(org.glassfish.jersey.server.internal.inject.MultivaluedParameterExtractorProvider,org.glassfish.hk2.api.ServiceLocator)=org.jvnet.hk2.internal.SoftAnnotatedElementAnnotationInfo@58447048, private org.glassfish.jersey.process.internal.RequestScope org.glassfish.jersey.server.ServerRuntime$Builder.requestScope=org.jvnet.hk2.internal.SoftAnnotatedElementAnnotationInfo@73f9bc18, public org.glassfish.jersey.jaxb.internal.XmlRootObjectJaxbProvider$App(org.glassfish.hk2.api.Factory,javax.ws.rs.ext.Providers)=org.jvnet.hk2.internal.SoftAnnotatedElementAnnotationInfo@3cae4472, public org.glassfish.jersey.message.internal.SourceProvider$SourceWriter(org.glassfish.hk2.api.Factory,org.glassfish.hk2.api.Factory)=org.jvnet.hk2.internal.SoftAnnotatedElementAnnotationInfo@5b9e4fd6, private org.glassfish.hk2.api.ServiceLocator org.glassfish.jersey.server.model.internal.JavaResourceMethodDispatcherProvider.serviceLocator=org.jvnet.hk2.internal.SoftAnnotatedElementAnnotationInfo@2023b2dd, private javax.inject.Provider org.glassfish.jersey.internal.JaxrsProviders.workers=org.jvnet.hk2.internal.SoftAnnotatedElementAnnotationInfo@1e84d3bd, public org.glassfish.jersey.server.internal.RuntimeExecutorsBinder$BackgroundSchedulerFactory(org.glassfish.jersey.spi.RuntimeThreadProvider)=org.jvnet.hk2.internal.SoftAnnotatedElementAnnotationInfo@504799cb, public org.glassfish.jersey.server.internal.inject.FormParamValueFactoryProvider(org.glassfish.jersey.server.internal.inject.MultivaluedParameterExtractorProvider,org.glassfish.hk2.api.ServiceLocator)=org.jvnet.hk2.internal.SoftAnnotatedElementAnnotationInfo@790e9cea, private javax.inject.Provider org.glassfish.jersey.server.internal.inject.AbstractContainerRequestValueFactory.request=org.jvnet.hk2.internal.SoftAnnotatedElementAnnotationInfo@44867c4c, org.glassfish.jersey.server.internal.JerseyResourceContext(org.glassfish.hk2.api.ServiceLocator)=org.jvnet.hk2.internal.SoftAnnotatedElementAnnotationInfo@7c27565a, public org.glassfish.jersey.server.internal.inject.AsyncResponseValueFactoryProvider(javax.inject.Provider)=org.jvnet.hk2.internal.SoftAnnotatedElementAnnotationInfo@104201d4, public org.glassfish.jersey.server.internal.inject.ParamConverters$AggregatedProvider(org.glassfish.hk2.api.ServiceLocator)=org.jvnet.hk2.internal.SoftAnnotatedElementAnnotationInfo@1da626fa, public org.glassfish.jersey.jaxb.internal.XmlRootElementJaxbProvider$General(org.glassfish.hk2.api.Factory,javax.ws.rs.ext.Providers)=org.jvnet.hk2.internal.SoftAnnotatedElementAnnotationInfo@6ab55d1e, private org.glassfish.hk2.api.ServiceLocator org.glassfish.jersey.server.internal.inject.ParamInjectionResolver.locator=org.jvnet.hk2.internal.SoftAnnotatedElementAnnotationInfo@2ce64394, private org.glassfish.hk2.api.ServiceLocator org.glassfish.jersey.server.internal.inject.BeanParamValueFactoryProvider.locator=org.jvnet.hk2.internal.SoftAnnotatedElementAnnotationInfo@2caabb7d, private javax.ws.rs.core.Configuration org.glassfish.jersey.server.ServerRuntime$Builder.configuration=org.jvnet.hk2.internal.SoftAnnotatedElementAnnotationInfo@17c9e4, private org.glassfish.jersey.server.spi.ExternalRequestScope org.glassfish.jersey.server.ServerRuntime$Builder.externalRequestScope=org.jvnet.hk2.internal.SoftAnnotatedElementAnnotationInfo@408a2955, private org.glassfish.hk2.api.ServiceLocator org.glassfish.jersey.server.model.ResourceMethodInvoker$Builder.locator=org.jvnet.hk2.internal.SoftAnnotatedElementAnnotationInfo@5eee3833, private org.glassfish.jersey.spi.ExceptionMappers org.glassfish.jersey.server.ServerRuntime$Builder.exceptionMappers=org.jvnet.hk2.internal.SoftAnnotatedElementAnnotationInfo@276601c0, public org.glassfish.jersey.message.internal.SourceProvider$DomSourceReader(org.glassfish.hk2.api.Factory)=org.jvnet.hk2.internal.SoftAnnotatedElementAnnotationInfo@1900b421, org.glassfish.jersey.server.model.internal.ResourceMethodDispatcherFactory(org.glassfish.hk2.api.ServiceLocator)=org.jvnet.hk2.internal.SoftAnnotatedElementAnnotationInfo@8d1f6d5, org.glassfish.hk2.api.ServiceLocator org.glassfish.jersey.jaxb.internal.JaxbAutoDiscoverable.locator=org.jvnet.hk2.internal.SoftAnnotatedElementAnnotationInfo@2751785c, private javax.inject.Provider org.glassfish.jersey.server.internal.JsonWithPaddingInterceptor.containerRequestProvider=org.jvnet.hk2.internal.SoftAnnotatedElementAnnotationInfo@302e0577, public org.glassfish.jersey.jaxb.internal.XmlJaxbElementProvider$Text(org.glassfish.hk2.api.Factory,javax.ws.rs.ext.Providers)=org.jvnet.hk2.internal.SoftAnnotatedElementAnnotationInfo@2c930eef, private javax.inject.Provider org.glassfish.jersey.jaxb.internal.DocumentProvider.dbf=org.jvnet.hk2.internal.SoftAnnotatedElementAnnotationInfo@2b7322f6, public org.glassfish.jersey.jaxb.internal.XmlRootElementJaxbProvider$App(org.glassfish.hk2.api.Factory,javax.ws.rs.ext.Providers)=org.jvnet.hk2.internal.SoftAnnotatedElementAnnotationInfo@7cc2c5c, private javax.inject.Provider org.glassfish.jersey.jaxb.internal.DocumentProvider.tf=org.jvnet.hk2.internal.SoftAnnotatedElementAnnotationInfo@4709946f, private org.glassfish.jersey.process.internal.RequestExecutorFactory org.glassfish.jersey.server.ServerRuntime$Builder.asyncExecutorFactory=org.jvnet.hk2.internal.SoftAnnotatedElementAnnotationInfo@73d91e17, public org.glassfish.jersey.server.internal.inject.WebTargetValueFactoryProvider(org.glassfish.hk2.api.ServiceLocator,javax.ws.rs.core.Configuration)=org.jvnet.hk2.internal.SoftAnnotatedElementAnnotationInfo@410ff608, public org.glassfish.jersey.jaxb.internal.XmlJaxbElementProvider$General(org.glassfish.hk2.api.Factory,javax.ws.rs.ext.Providers)=org.jvnet.hk2.internal.SoftAnnotatedElementAnnotationInfo@27c79cb9, public org.glassfish.jersey.message.internal.SourceProvider$SaxSourceReader(javax.inject.Provider)=org.jvnet.hk2.internal.SoftAnnotatedElementAnnotationInfo@2ce6dec2, private java.util.concurrent.ScheduledExecutorService org.glassfish.jersey.server.ServerRuntime$Builder.backgroundScheduler=org.jvnet.hk2.internal.SoftAnnotatedElementAnnotationInfo@17f444ef, org.glassfish.jersey.server.model.internal.ResourceMethodInvocationHandlerFactory(org.glassfish.hk2.api.ServiceLocator)=org.jvnet.hk2.internal.SoftAnnotatedElementAnnotationInfo@29755faf, public org.glassfish.jersey.server.internal.inject.MultivaluedParameterExtractorFactory(org.glassfish.jersey.server.internal.inject.ParamConverterFactory)=org.jvnet.hk2.internal.SoftAnnotatedElementAnnotationInfo@324c3c6c, public org.glassfish.jersey.jaxb.internal.XmlCollectionJaxbProvider$App(org.glassfish.hk2.api.Factory,javax.ws.rs.ext.Providers)=org.jvnet.hk2.internal.SoftAnnotatedElementAnnotationInfo@28c6f429, public org.glassfish.jersey.jaxb.internal.JaxbStringReaderProvider$RootElementProvider(javax.inject.Provider,javax.ws.rs.ext.Providers)=org.jvnet.hk2.internal.SoftAnnotatedElementAnnotationInfo@1d201ee2, public org.glassfish.jersey.server.internal.inject.DelegatedInjectionValueFactoryProvider(org.glassfish.hk2.api.ServiceLocator)=org.jvnet.hk2.internal.SoftAnnotatedElementAnnotationInfo@1eabb2ce, public org.glassfish.jersey.server.internal.inject.QueryParamValueFactoryProvider(org.glassfish.jersey.server.internal.inject.MultivaluedParameterExtractorProvider,org.glassfish.hk2.api.ServiceLocator)=org.jvnet.hk2.internal.SoftAnnotatedElementAnnotationInfo@4dd7422b, public org.glassfish.jersey.internal.ExceptionMapperFactory(org.glassfish.hk2.api.ServiceLocator)=org.jvnet.hk2.internal.SoftAnnotatedElementAnnotationInfo@52af8004, public org.glassfish.jersey.server.internal.inject.MatrixParamValueFactoryProvider(org.glassfish.jersey.server.internal.inject.MultivaluedParameterExtractorProvider,org.glassfish.hk2.api.ServiceLocator)=org.jvnet.hk2.internal.SoftAnnotatedElementAnnotationInfo@4f6543bd, private javax.inject.Provider org.glassfish.jersey.internal.JaxrsProviders.mappers=org.jvnet.hk2.internal.SoftAnnotatedElementAnnotationInfo@c1ba55d, public org.glassfish.jersey.server.internal.inject.PathParamValueFactoryProvider(org.glassfish.jersey.server.internal.inject.MultivaluedParameterExtractorProvider,org.glassfish.hk2.api.ServiceLocator)=org.jvnet.hk2.internal.SoftAnnotatedElementAnnotationInfo@7baa68ef, private javax.inject.Provider org.glassfish.jersey.internal.JaxrsProviders.resolvers=org.jvnet.hk2.internal.SoftAnnotatedElementAnnotationInfo@55ab783e, private org.jvnet.hk2.internal.DynamicConfigurationServiceImpl(org.glassfish.hk2.api.ServiceLocator)=org.jvnet.hk2.internal.SoftAnnotatedElementAnnotationInfo@3036a19d, private org.glassfish.hk2.api.ServiceLocator org.glassfish.jersey.internal.inject.ContextInjectionResolver.serviceLocator=org.jvnet.hk2.internal.SoftAnnotatedElementAnnotationInfo@6156cb8b, public org.glassfish.jersey.jaxb.internal.XmlRootObjectJaxbProvider$General(org.glassfish.hk2.api.Factory,javax.ws.rs.ext.Providers)=org.jvnet.hk2.internal.SoftAnnotatedElementAnnotationInfo@49132a5e, public org.glassfish.jersey.jaxb.internal.XmlCollectionJaxbProvider$Text(org.glassfish.hk2.api.Factory,javax.ws.rs.ext.Providers)=org.jvnet.hk2.internal.SoftAnnotatedElementAnnotationInfo@4777c1ca, org.glassfish.jersey.internal.inject.JerseyClassAnalyzer(org.glassfish.hk2.api.ClassAnalyzer,org.glassfish.hk2.api.IterableProvider)=org.jvnet.hk2.internal.SoftAnnotatedElementAnnotationInfo@4248baf0, org.glassfish.jersey.server.internal.inject.ParamConverterFactory(org.glassfish.hk2.api.ServiceLocator)=org.jvnet.hk2.internal.SoftAnnotatedElementAnnotationInfo@15152ba1, public void org.glassfish.jersey.jaxb.internal.AbstractJaxbProvider.setConfiguration(javax.ws.rs.core.Configuration)=org.jvnet.hk2.internal.SoftAnnotatedElementAnnotationInfo@4584b287, private javax.inject.Provider org.glassfish.jersey.server.model.ResourceMethodInvoker$Builder.validatorProvider=org.jvnet.hk2.internal.SoftAnnotatedElementAnnotationInfo@3c04426c, org.glassfish.jersey.server.internal.inject.EntityParamValueFactoryProvider(org.glassfish.jersey.server.internal.inject.MultivaluedParameterExtractorProvider,org.glassfish.hk2.api.ServiceLocator)=org.jvnet.hk2.internal.SoftAnnotatedElementAnnotationInfo@3b9ce026, public org.glassfish.jersey.server.internal.process.ServerManagedAsyncExecutorFactory(org.glassfish.hk2.api.ServiceLocator)=org.jvnet.hk2.internal.SoftAnnotatedElementAnnotationInfo@7688cd7, private org.glassfish.jersey.server.model.internal.ResourceMethodInvocationHandlerFactory org.glassfish.jersey.server.model.ResourceMethodInvoker$Builder.invocationHandlerProviderFactory=org.jvnet.hk2.internal.SoftAnnotatedElementAnnotationInfo@67980637, public org.glassfish.jersey.server.internal.inject.CookieParamValueFactoryProvider(org.glassfish.jersey.server.internal.inject.MultivaluedParameterExtractorProvider,org.glassfish.hk2.api.ServiceLocator)=org.jvnet.hk2.internal.SoftAnnotatedElementAnnotationInfo@79913f8a, public org.glassfish.jersey.message.internal.MessageBodyFactory(org.glassfish.hk2.api.ServiceLocator,javax.ws.rs.core.Configuration)=org.jvnet.hk2.internal.SoftAnnotatedElementAnnotationInfo@25d07d4e, public org.glassfish.jersey.jaxb.internal.XmlJaxbElementProvider$App(org.glassfish.hk2.api.Factory,javax.ws.rs.ext.Providers)=org.jvnet.hk2.internal.SoftAnnotatedElementAnnotationInfo@661d5317, org.glassfish.jersey.server.internal.process.ReferencesInitializer(org.glassfish.hk2.api.ServiceLocator,javax.inject.Provider)=org.jvnet.hk2.internal.SoftAnnotatedElementAnnotationInfo@4113485d, private javax.ws.rs.core.Configuration org.glassfish.jersey.server.model.ResourceMethodInvoker$Builder.globalConfig=org.jvnet.hk2.internal.SoftAnnotatedElementAnnotationInfo@318e529a, private org.glassfish.hk2.api.ServiceLocator org.glassfish.jersey.server.ServerRuntime$Builder.locator=org.jvnet.hk2.internal.SoftAnnotatedElementAnnotationInfo@179263e8, public org.glassfish.jersey.jaxb.internal.XmlRootElementJaxbProvider$Text(org.glassfish.hk2.api.Factory,javax.ws.rs.ext.Providers)=org.jvnet.hk2.internal.SoftAnnotatedElementAnnotationInfo@1b9b0fe6, public org.glassfish.jersey.jaxb.internal.XmlCollectionJaxbProvider$General(org.glassfish.hk2.api.Factory,javax.ws.rs.ext.Providers)=org.jvnet.hk2.internal.SoftAnnotatedElementAnnotationInfo@4091ed68}]) but failed to remove it when the web application was stopped. Threads are going to be renewed over time to try and avoid a probable memory leak.
19-May-2016 09:21:34.554 SEVERE [localhost-startStop-1] org.apache.catalina.loader.WebappClassLoaderBase.checkThreadLocalMapForLeaks The web application [ROOT] created a ThreadLocal with key of type [org.jvnet.hk2.internal.PerLocatorUtilities$1] (value [org.jvnet.hk2.internal.PerLocatorUtilities$1@3c86d62]) and a value of type [java.util.WeakHashMap] (value [{}]) but failed to remove it when the web application was stopped. Threads are going to be renewed over time to try and avoid a probable memory leak.
19-May-2016 09:21:34.555 SEVERE [localhost-startStop-1] org.apache.catalina.loader.WebappClassLoaderBase.checkThreadLocalMapForLeaks The web application [ROOT] created a ThreadLocal with key of type [org.jvnet.hk2.internal.PerLocatorUtilities$2] (value [org.jvnet.hk2.internal.PerLocatorUtilities$2@7c1d3d0]) and a value of type [java.util.WeakHashMap] (value [{public org.glassfish.jersey.jaxb.internal.XmlRootObjectJaxbProvider$Text(org.glassfish.hk2.api.Factory,javax.ws.rs.ext.Providers)=org.jvnet.hk2.internal.SoftAnnotatedElementAnnotationInfo@446608f1, public org.glassfish.jersey.server.internal.inject.BeanParamValueFactoryProvider(org.glassfish.jersey.server.internal.inject.MultivaluedParameterExtractorProvider,org.glassfish.hk2.api.ServiceLocator)=org.jvnet.hk2.internal.SoftAnnotatedElementAnnotationInfo@bd357b8, private javax.ws.rs.container.ResourceContext org.glassfish.jersey.server.model.internal.VoidVoidDispatcherProvider.resourceContext=org.jvnet.hk2.internal.SoftAnnotatedElementAnnotationInfo@4bb088dd, private org.glassfish.jersey.server.model.internal.ResourceMethodDispatcherFactory org.glassfish.jersey.server.model.ResourceMethodInvoker$Builder.dispatcherProviderFactory=org.jvnet.hk2.internal.SoftAnnotatedElementAnnotationInfo@42e69d28, public org.glassfish.jersey.server.internal.inject.HeaderParamValueFactoryProvider(org.glassfish.jersey.server.internal.inject.MultivaluedParameterExtractorProvider,org.glassfish.hk2.api.ServiceLocator)=org.jvnet.hk2.internal.SoftAnnotatedElementAnnotationInfo@36b32405, private org.glassfish.jersey.process.internal.RequestScope org.glassfish.jersey.server.ServerRuntime$Builder.requestScope=org.jvnet.hk2.internal.SoftAnnotatedElementAnnotationInfo@274ccbfc, public org.glassfish.jersey.jaxb.internal.XmlRootObjectJaxbProvider$App(org.glassfish.hk2.api.Factory,javax.ws.rs.ext.Providers)=org.jvnet.hk2.internal.SoftAnnotatedElementAnnotationInfo@68f559a8, public org.glassfish.jersey.message.internal.SourceProvider$SourceWriter(org.glassfish.hk2.api.Factory,org.glassfish.hk2.api.Factory)=org.jvnet.hk2.internal.SoftAnnotatedElementAnnotationInfo@1e0c8643, private org.glassfish.hk2.api.ServiceLocator org.glassfish.jersey.server.model.internal.JavaResourceMethodDispatcherProvider.serviceLocator=org.jvnet.hk2.internal.SoftAnnotatedElementAnnotationInfo@31b00a8b, private javax.inject.Provider org.glassfish.jersey.internal.JaxrsProviders.workers=org.jvnet.hk2.internal.SoftAnnotatedElementAnnotationInfo@70e2246a, public org.glassfish.jersey.server.internal.RuntimeExecutorsBinder$BackgroundSchedulerFactory(org.glassfish.jersey.spi.RuntimeThreadProvider)=org.jvnet.hk2.internal.SoftAnnotatedElementAnnotationInfo@32181bc7, public org.glassfish.jersey.server.internal.inject.FormParamValueFactoryProvider(org.glassfish.jersey.server.internal.inject.MultivaluedParameterExtractorProvider,org.glassfish.hk2.api.ServiceLocator)=org.jvnet.hk2.internal.SoftAnnotatedElementAnnotationInfo@48dcbd59, private javax.inject.Provider org.glassfish.jersey.server.internal.inject.AbstractContainerRequestValueFactory.request=org.jvnet.hk2.internal.SoftAnnotatedElementAnnotationInfo@7909129b, org.glassfish.jersey.server.internal.JerseyResourceContext(org.glassfish.hk2.api.ServiceLocator)=org.jvnet.hk2.internal.SoftAnnotatedElementAnnotationInfo@1829b8a4, public org.glassfish.jersey.server.internal.inject.AsyncResponseValueFactoryProvider(javax.inject.Provider)=org.jvnet.hk2.internal.SoftAnnotatedElementAnnotationInfo@6a1d5e45, public org.glassfish.jersey.server.internal.inject.ParamConverters$AggregatedProvider(org.glassfish.hk2.api.ServiceLocator)=org.jvnet.hk2.internal.SoftAnnotatedElementAnnotationInfo@4706002a, public org.glassfish.jersey.jaxb.internal.XmlRootElementJaxbProvider$General(org.glassfish.hk2.api.Factory,javax.ws.rs.ext.Providers)=org.jvnet.hk2.internal.SoftAnnotatedElementAnnotationInfo@762a4f9b, private org.glassfish.hk2.api.ServiceLocator org.glassfish.jersey.server.internal.inject.ParamInjectionResolver.locator=org.jvnet.hk2.internal.SoftAnnotatedElementAnnotationInfo@23933562, private org.glassfish.hk2.api.ServiceLocator org.glassfish.jersey.server.internal.inject.BeanParamValueFactoryProvider.locator=org.jvnet.hk2.internal.SoftAnnotatedElementAnnotationInfo@237ca823, private javax.ws.rs.core.Configuration org.glassfish.jersey.server.ServerRuntime$Builder.configuration=org.jvnet.hk2.internal.SoftAnnotatedElementAnnotationInfo@548cfb36, private org.glassfish.jersey.server.spi.ExternalRequestScope org.glassfish.jersey.server.ServerRuntime$Builder.externalRequestScope=org.jvnet.hk2.internal.SoftAnnotatedElementAnnotationInfo@70fe20ab, private org.glassfish.hk2.api.ServiceLocator org.glassfish.jersey.server.model.ResourceMethodInvoker$Builder.locator=org.jvnet.hk2.internal.SoftAnnotatedElementAnnotationInfo@4a7c23f3, private org.glassfish.jersey.spi.ExceptionMappers org.glassfish.jersey.server.ServerRuntime$Builder.exceptionMappers=org.jvnet.hk2.internal.SoftAnnotatedElementAnnotationInfo@c87a72f, public org.glassfish.jersey.message.internal.SourceProvider$DomSourceReader(org.glassfish.hk2.api.Factory)=org.jvnet.hk2.internal.SoftAnnotatedElementAnnotationInfo@3f61a8c2, org.glassfish.jersey.server.model.internal.ResourceMethodDispatcherFactory(org.glassfish.hk2.api.ServiceLocator)=org.jvnet.hk2.internal.SoftAnnotatedElementAnnotationInfo@3e9b2cfd, org.glassfish.hk2.api.ServiceLocator org.glassfish.jersey.jaxb.internal.JaxbAutoDiscoverable.locator=org.jvnet.hk2.internal.SoftAnnotatedElementAnnotationInfo@1553f366, private javax.inject.Provider org.glassfish.jersey.server.internal.JsonWithPaddingInterceptor.containerRequestProvider=org.jvnet.hk2.internal.SoftAnnotatedElementAnnotationInfo@245c803c, public org.glassfish.jersey.jaxb.internal.XmlJaxbElementProvider$Text(org.glassfish.hk2.api.Factory,javax.ws.rs.ext.Providers)=org.jvnet.hk2.internal.SoftAnnotatedElementAnnotationInfo@16491bcd, private javax.inject.Provider org.glassfish.jersey.jaxb.internal.DocumentProvider.dbf=org.jvnet.hk2.internal.SoftAnnotatedElementAnnotationInfo@7152213d, public org.glassfish.jersey.jaxb.internal.XmlRootElementJaxbProvider$App(org.glassfish.hk2.api.Factory,javax.ws.rs.ext.Providers)=org.jvnet.hk2.internal.SoftAnnotatedElementAnnotationInfo@7b9034b2, private javax.inject.Provider org.glassfish.jersey.jaxb.internal.DocumentProvider.tf=org.jvnet.hk2.internal.SoftAnnotatedElementAnnotationInfo@3b0d169c, private org.glassfish.jersey.process.internal.RequestExecutorFactory org.glassfish.jersey.server.ServerRuntime$Builder.asyncExecutorFactory=org.jvnet.hk2.internal.SoftAnnotatedElementAnnotationInfo@65c4f543, public org.glassfish.jersey.server.internal.inject.WebTargetValueFactoryProvider(org.glassfish.hk2.api.ServiceLocator,javax.ws.rs.core.Configuration)=org.jvnet.hk2.internal.SoftAnnotatedElementAnnotationInfo@5ff6b0f, public org.glassfish.jersey.jaxb.internal.XmlJaxbElementProvider$General(org.glassfish.hk2.api.Factory,javax.ws.rs.ext.Providers)=org.jvnet.hk2.internal.SoftAnnotatedElementAnnotationInfo@7fb0faa6, public org.glassfish.jersey.message.internal.SourceProvider$SaxSourceReader(javax.inject.Provider)=org.jvnet.hk2.internal.SoftAnnotatedElementAnnotationInfo@2c5aba3a, private java.util.concurrent.ScheduledExecutorService org.glassfish.jersey.server.ServerRuntime$Builder.backgroundScheduler=org.jvnet.hk2.internal.SoftAnnotatedElementAnnotationInfo@6e763c1f, org.glassfish.jersey.server.model.internal.ResourceMethodInvocationHandlerFactory(org.glassfish.hk2.api.ServiceLocator)=org.jvnet.hk2.internal.SoftAnnotatedElementAnnotationInfo@102f85cd, public org.glassfish.jersey.server.internal.inject.MultivaluedParameterExtractorFactory(org.glassfish.jersey.server.internal.inject.ParamConverterFactory)=org.jvnet.hk2.internal.SoftAnnotatedElementAnnotationInfo@68b238a4, public org.glassfish.jersey.jaxb.internal.XmlCollectionJaxbProvider$App(org.glassfish.hk2.api.Factory,javax.ws.rs.ext.Providers)=org.jvnet.hk2.internal.SoftAnnotatedElementAnnotationInfo@11c0d4e2, public org.glassfish.jersey.jaxb.internal.JaxbStringReaderProvider$RootElementProvider(javax.inject.Provider,javax.ws.rs.ext.Providers)=org.jvnet.hk2.internal.SoftAnnotatedElementAnnotationInfo@4e899401, public org.glassfish.jersey.server.internal.inject.DelegatedInjectionValueFactoryProvider(org.glassfish.hk2.api.ServiceLocator)=org.jvnet.hk2.internal.SoftAnnotatedElementAnnotationInfo@226471f0, public org.glassfish.jersey.server.internal.inject.QueryParamValueFactoryProvider(org.glassfish.jersey.server.internal.inject.MultivaluedParameterExtractorProvider,org.glassfish.hk2.api.ServiceLocator)=org.jvnet.hk2.internal.SoftAnnotatedElementAnnotationInfo@5bea0a00, public org.glassfish.jersey.internal.ExceptionMapperFactory(org.glassfish.hk2.api.ServiceLocator)=org.jvnet.hk2.internal.SoftAnnotatedElementAnnotationInfo@4c1aa25b, public org.glassfish.jersey.server.internal.inject.MatrixParamValueFactoryProvider(org.glassfish.jersey.server.internal.inject.MultivaluedParameterExtractorProvider,org.glassfish.hk2.api.ServiceLocator)=org.jvnet.hk2.internal.SoftAnnotatedElementAnnotationInfo@4e310e45, private javax.inject.Provider org.glassfish.jersey.internal.JaxrsProviders.mappers=org.jvnet.hk2.internal.SoftAnnotatedElementAnnotationInfo@4f5b0d82, public org.glassfish.jersey.server.internal.inject.PathParamValueFactoryProvider(org.glassfish.jersey.server.internal.inject.MultivaluedParameterExtractorProvider,org.glassfish.hk2.api.ServiceLocator)=org.jvnet.hk2.internal.SoftAnnotatedElementAnnotationInfo@44eab463, private javax.inject.Provider org.glassfish.jersey.internal.JaxrsProviders.resolvers=org.jvnet.hk2.internal.SoftAnnotatedElementAnnotationInfo@5dfbcedf, private org.jvnet.hk2.internal.DynamicConfigurationServiceImpl(org.glassfish.hk2.api.ServiceLocator)=org.jvnet.hk2.internal.SoftAnnotatedElementAnnotationInfo@1bfea003, private org.glassfish.hk2.api.ServiceLocator org.glassfish.jersey.internal.inject.ContextInjectionResolver.serviceLocator=org.jvnet.hk2.internal.SoftAnnotatedElementAnnotationInfo@c5e89e3, public org.glassfish.jersey.jaxb.internal.XmlRootObjectJaxbProvider$General(org.glassfish.hk2.api.Factory,javax.ws.rs.ext.Providers)=org.jvnet.hk2.internal.SoftAnnotatedElementAnnotationInfo@1d067da7, public org.glassfish.jersey.jaxb.internal.XmlCollectionJaxbProvider$Text(org.glassfish.hk2.api.Factory,javax.ws.rs.ext.Providers)=org.jvnet.hk2.internal.SoftAnnotatedElementAnnotationInfo@1e08d5ee, org.glassfish.jersey.internal.inject.JerseyClassAnalyzer(org.glassfish.hk2.api.ClassAnalyzer,org.glassfish.hk2.api.IterableProvider)=org.jvnet.hk2.internal.SoftAnnotatedElementAnnotationInfo@70189094, org.glassfish.jersey.server.internal.inject.ParamConverterFactory(org.glassfish.hk2.api.ServiceLocator)=org.jvnet.hk2.internal.SoftAnnotatedElementAnnotationInfo@8710ee5, public void org.glassfish.jersey.jaxb.internal.AbstractJaxbProvider.setConfiguration(javax.ws.rs.core.Configuration)=org.jvnet.hk2.internal.SoftAnnotatedElementAnnotationInfo@2634b109, private javax.inject.Provider org.glassfish.jersey.server.model.ResourceMethodInvoker$Builder.validatorProvider=org.jvnet.hk2.internal.SoftAnnotatedElementAnnotationInfo@7ecbb784, org.glassfish.jersey.server.internal.inject.EntityParamValueFactoryProvider(org.glassfish.jersey.server.internal.inject.MultivaluedParameterExtractorProvider,org.glassfish.hk2.api.ServiceLocator)=org.jvnet.hk2.internal.SoftAnnotatedElementAnnotationInfo@4a6314f9, public org.glassfish.jersey.server.internal.process.ServerManagedAsyncExecutorFactory(org.glassfish.hk2.api.ServiceLocator)=org.jvnet.hk2.internal.SoftAnnotatedElementAnnotationInfo@4a653d76, private org.glassfish.jersey.server.model.internal.ResourceMethodInvocationHandlerFactory org.glassfish.jersey.server.model.ResourceMethodInvoker$Builder.invocationHandlerProviderFactory=org.jvnet.hk2.internal.SoftAnnotatedElementAnnotationInfo@495a71ca, public org.glassfish.jersey.server.internal.inject.CookieParamValueFactoryProvider(org.glassfish.jersey.server.internal.inject.MultivaluedParameterExtractorProvider,org.glassfish.hk2.api.ServiceLocator)=org.jvnet.hk2.internal.SoftAnnotatedElementAnnotationInfo@6a0e88f2, public org.glassfish.jersey.message.internal.MessageBodyFactory(org.glassfish.hk2.api.ServiceLocator,javax.ws.rs.core.Configuration)=org.jvnet.hk2.internal.SoftAnnotatedElementAnnotationInfo@38988d96, public org.glassfish.jersey.jaxb.internal.XmlJaxbElementProvider$App(org.glassfish.hk2.api.Factory,javax.ws.rs.ext.Providers)=org.jvnet.hk2.internal.SoftAnnotatedElementAnnotationInfo@5b75997e, org.glassfish.jersey.server.internal.process.ReferencesInitializer(org.glassfish.hk2.api.ServiceLocator,javax.inject.Provider)=org.jvnet.hk2.internal.SoftAnnotatedElementAnnotationInfo@41bb77fb, private javax.ws.rs.core.Configuration org.glassfish.jersey.server.model.ResourceMethodInvoker$Builder.globalConfig=org.jvnet.hk2.internal.SoftAnnotatedElementAnnotationInfo@5f6c3e26, private org.glassfish.hk2.api.ServiceLocator org.glassfish.jersey.server.ServerRuntime$Builder.locator=org.jvnet.hk2.internal.SoftAnnotatedElementAnnotationInfo@23e4fc60, public org.glassfish.jersey.jaxb.internal.XmlRootElementJaxbProvider$Text(org.glassfish.hk2.api.Factory,javax.ws.rs.ext.Providers)=org.jvnet.hk2.internal.SoftAnnotatedElementAnnotationInfo@542d2f0b, public org.glassfish.jersey.jaxb.internal.XmlCollectionJaxbProvider$General(org.glassfish.hk2.api.Factory,javax.ws.rs.ext.Providers)=org.jvnet.hk2.internal.SoftAnnotatedElementAnnotationInfo@4e338eda}]) but failed to remove it when the web application was stopped. Threads are going to be renewed over time to try and avoid a probable memory leak.
19-May-2016 09:21:34.563 INFO [main] org.apache.coyote.AbstractProtocol.stop Stopping ProtocolHandler ["http-nio-8080"]
19-May-2016 09:21:34.563 INFO [main] org.apache.coyote.AbstractProtocol.destroy Destroying ProtocolHandler ["http-nio-8080"]
19-May-2016 09:21:34.563 INFO [main] org.apache.coyote.AbstractProtocol.stop Stopping ProtocolHandler ["ajp-nio-8009"]
19-May-2016 09:21:34.564 INFO [main] org.apache.coyote.AbstractProtocol.destroy Destroying ProtocolHandler ["ajp-nio-8009"]
19-May-2016 09:21:47.322 INFO [main] org.apache.catalina.core.StandardServer.await A valid shutdown command was received via the shutdown port. Stopping the Server instance.
19-May-2016 09:21:47.323 INFO [main] org.apache.coyote.AbstractProtocol.pause Pausing ProtocolHandler ["http-nio-8080"]
19-May-2016 09:21:47.378 INFO [main] org.apache.coyote.AbstractProtocol.pause Pausing ProtocolHandler ["ajp-nio-8009"]
19-May-2016 09:21:47.431 INFO [main] org.apache.catalina.core.StandardService.stopInternal Stopping service Catalina
19-May-2016 09:21:47.434 INFO [main] org.apache.coyote.AbstractProtocol.stop Stopping ProtocolHandler ["http-nio-8080"]
19-May-2016 09:21:47.438 INFO [main] org.apache.coyote.AbstractProtocol.stop Stopping ProtocolHandler ["ajp-nio-8009"]
19-May-2016 09:21:47.439 INFO [main] org.apache.coyote.AbstractProtocol.destroy Destroying ProtocolHandler ["http-nio-8080"]
19-May-2016 09:21:47.441 INFO [main] org.apache.coyote.AbstractProtocol.destroy Destroying ProtocolHandler ["ajp-nio-8009"]
19-May-2016 09:21:58.486 INFO [main] org.apache.catalina.startup.VersionLoggerListener.log Server version:        Apache Tomcat/8.0.15
19-May-2016 09:21:58.488 INFO [main] org.apache.catalina.startup.VersionLoggerListener.log Server built:          Nov 2 2014 19:25:20 UTC
19-May-2016 09:21:58.488 INFO [main] org.apache.catalina.startup.VersionLoggerListener.log Server number:         8.0.15.0
19-May-2016 09:21:58.489 INFO [main] org.apache.catalina.startup.VersionLoggerListener.log OS Name:               Mac OS X
19-May-2016 09:21:58.489 INFO [main] org.apache.catalina.startup.VersionLoggerListener.log OS Version:            10.11.2
19-May-2016 09:21:58.489 INFO [main] org.apache.catalina.startup.VersionLoggerListener.log Architecture:          x86_64
19-May-2016 09:21:58.489 INFO [main] org.apache.catalina.startup.VersionLoggerListener.log JAVA_HOME:             /Library/Java/JavaVirtualMachines/jdk1.8.0_40.jdk/Contents/Home/jre
19-May-2016 09:21:58.489 INFO [main] org.apache.catalina.startup.VersionLoggerListener.log JVM Version:           1.8.0_40-b27
19-May-2016 09:21:58.489 INFO [main] org.apache.catalina.startup.VersionLoggerListener.log JVM Vendor:            Oracle Corporation
19-May-2016 09:21:58.489 INFO [main] org.apache.catalina.startup.VersionLoggerListener.log CATALINA_BASE:         /Users/tkk/Development/Kredible/tomcatPer
19-May-2016 09:21:58.489 INFO [main] org.apache.catalina.startup.VersionLoggerListener.log CATALINA_HOME:         /Users/tkk/Development/Kredible/tomcatPer
19-May-2016 09:21:58.491 INFO [main] org.apache.catalina.startup.VersionLoggerListener.log Command line argument: -Djava.util.logging.config.file=/Users/tkk/Development/Kredible/tomcatPer/conf/logging.properties
19-May-2016 09:21:58.491 INFO [main] org.apache.catalina.startup.VersionLoggerListener.log Command line argument: -Djava.util.logging.manager=org.apache.juli.ClassLoaderLogManager
19-May-2016 09:21:58.491 INFO [main] org.apache.catalina.startup.VersionLoggerListener.log Command line argument: -Djava.endorsed.dirs=/Users/tkk/Development/Kredible/tomcatPer/endorsed
19-May-2016 09:21:58.491 INFO [main] org.apache.catalina.startup.VersionLoggerListener.log Command line argument: -Dcatalina.base=/Users/tkk/Development/Kredible/tomcatPer
19-May-2016 09:21:58.491 INFO [main] org.apache.catalina.startup.VersionLoggerListener.log Command line argument: -Dcatalina.home=/Users/tkk/Development/Kredible/tomcatPer
19-May-2016 09:21:58.491 INFO [main] org.apache.catalina.startup.VersionLoggerListener.log Command line argument: -Djava.io.tmpdir=/Users/tkk/Development/Kredible/tomcatPer/temp
19-May-2016 09:21:58.491 INFO [main] org.apache.catalina.core.AprLifecycleListener.lifecycleEvent The APR based Apache Tomcat Native library which allows optimal performance in production environments was not found on the java.library.path: /Users/tkk/Library/Java/Extensions:/Library/Java/Extensions:/Network/Library/Java/Extensions:/System/Library/Java/Extensions:/usr/lib/java:.
19-May-2016 09:21:58.622 INFO [main] org.apache.coyote.AbstractProtocol.init Initializing ProtocolHandler ["http-nio-8080"]
19-May-2016 09:21:58.659 INFO [main] org.apache.tomcat.util.net.NioSelectorPool.getSharedSelector Using a shared selector for servlet write/read
19-May-2016 09:21:58.662 INFO [main] org.apache.coyote.AbstractProtocol.init Initializing ProtocolHandler ["ajp-nio-8009"]
19-May-2016 09:21:58.665 INFO [main] org.apache.tomcat.util.net.NioSelectorPool.getSharedSelector Using a shared selector for servlet write/read
19-May-2016 09:21:58.665 INFO [main] org.apache.catalina.startup.Catalina.load Initialization processed in 612 ms
19-May-2016 09:21:58.691 INFO [main] org.apache.catalina.core.StandardService.startInternal Starting service Catalina
19-May-2016 09:21:58.692 INFO [main] org.apache.catalina.core.StandardEngine.startInternal Starting Servlet Engine: Apache Tomcat/8.0.15
19-May-2016 09:22:02.357 WARNING [localhost-startStop-1] org.apache.tomcat.jdbc.pool.ConnectionPool.init initialSize is larger than maxActive, setting initialSize to: 5
19-May-2016 09:22:02.357 WARNING [localhost-startStop-1] org.apache.tomcat.jdbc.pool.ConnectionPool.init minIdle is larger than maxActive, setting minIdle to: 5
19-May-2016 09:22:02.358 WARNING [localhost-startStop-1] org.apache.tomcat.jdbc.pool.ConnectionPool.init maxIdle is smaller than minIdle, setting maxIdle to: 5
19-May-2016 09:22:04.446 WARNING [localhost-startStop-1] null.null The following warnings have been detected: HINT: A HTTP GET method, public void com.kredible.services.MembersService.getUrlAuthRedirect(java.lang.String) throws java.lang.Exception, returns a void type. It can be intentional and perfectly fine, but it is a little uncommon that GET method returns always "204 No Content".

19-May-2016 09:22:04.519 WARNING [localhost-startStop-1] org.glassfish.jersey.internal.Errors.logErrors The following warnings have been detected: HINT: A HTTP GET method, public void com.kredible.services_links.LinksService.processLink(java.lang.String) throws java.lang.Exception, returns a void type. It can be intentional and perfectly fine, but it is a little uncommon that GET method returns always "204 No Content".

19-May-2016 09:22:04.538 INFO [main] org.apache.coyote.AbstractProtocol.start Starting ProtocolHandler ["http-nio-8080"]
19-May-2016 09:22:04.545 INFO [main] org.apache.coyote.AbstractProtocol.start Starting ProtocolHandler ["ajp-nio-8009"]
19-May-2016 09:22:04.546 INFO [main] org.apache.catalina.startup.Catalina.start Server startup in 5880 ms
19-May-2016 11:34:30.617 INFO [ContainerBackgroundProcessor[StandardEngine[Catalina]]] org.apache.catalina.core.StandardContext.reload Reloading Context with name [] has started
19-May-2016 11:34:30.642 WARNING [ContainerBackgroundProcessor[StandardEngine[Catalina]]] org.apache.catalina.loader.WebappClassLoaderBase.clearReferencesThreads The web application [ROOT] appears to have started a thread named [Abandoned connection cleanup thread] but has failed to stop it. This is very likely to create a memory leak. Stack trace of thread:
 java.lang.Object.wait(Native Method)
 java.lang.ref.ReferenceQueue.remove(ReferenceQueue.java:143)
 com.mysql.jdbc.AbandonedConnectionCleanupThread.run(AbandonedConnectionCleanupThread.java:43)
19-May-2016 11:34:30.642 WARNING [ContainerBackgroundProcessor[StandardEngine[Catalina]]] org.apache.catalina.loader.WebappClassLoaderBase.clearReferencesThreads The web application [ROOT] appears to have started a thread named [Abandoned connection cleanup thread] but has failed to stop it. This is very likely to create a memory leak. Stack trace of thread:
 java.lang.Object.wait(Native Method)
 java.lang.ref.ReferenceQueue.remove(ReferenceQueue.java:143)
 com.mysql.jdbc.AbandonedConnectionCleanupThread.run(AbandonedConnectionCleanupThread.java:43)
19-May-2016 11:34:30.643 SEVERE [ContainerBackgroundProcessor[StandardEngine[Catalina]]] org.apache.catalina.loader.WebappClassLoaderBase.checkThreadLocalMapForLeaks The web application [ROOT] created a ThreadLocal with key of type [org.jvnet.hk2.internal.PerLocatorUtilities$1] (value [org.jvnet.hk2.internal.PerLocatorUtilities$1@42e2bec6]) and a value of type [java.util.WeakHashMap] (value [{}]) but failed to remove it when the web application was stopped. Threads are going to be renewed over time to try and avoid a probable memory leak.
19-May-2016 11:34:30.643 SEVERE [ContainerBackgroundProcessor[StandardEngine[Catalina]]] org.apache.catalina.loader.WebappClassLoaderBase.checkThreadLocalMapForLeaks The web application [ROOT] created a ThreadLocal with key of type [org.jvnet.hk2.internal.PerLocatorUtilities$2] (value [org.jvnet.hk2.internal.PerLocatorUtilities$2@898557c]) and a value of type [java.util.WeakHashMap] (value [{javax.servlet.http.HttpServletRequest com.kredible.services.FactorsService.hsr=org.jvnet.hk2.internal.SoftAnnotatedElementAnnotationInfo@6989256c}]) but failed to remove it when the web application was stopped. Threads are going to be renewed over time to try and avoid a probable memory leak.
19-May-2016 11:34:30.643 SEVERE [ContainerBackgroundProcessor[StandardEngine[Catalina]]] org.apache.catalina.loader.WebappClassLoaderBase.checkThreadLocalMapForLeaks The web application [ROOT] created a ThreadLocal with key of type [org.jvnet.hk2.internal.PerLocatorUtilities$1] (value [org.jvnet.hk2.internal.PerLocatorUtilities$1@42e2bec6]) and a value of type [java.util.WeakHashMap] (value [{}]) but failed to remove it when the web application was stopped. Threads are going to be renewed over time to try and avoid a probable memory leak.
19-May-2016 11:34:30.644 SEVERE [ContainerBackgroundProcessor[StandardEngine[Catalina]]] org.apache.catalina.loader.WebappClassLoaderBase.checkThreadLocalMapForLeaks The web application [ROOT] created a ThreadLocal with key of type [org.jvnet.hk2.internal.PerLocatorUtilities$1] (value [org.jvnet.hk2.internal.PerLocatorUtilities$1@42e2bec6]) and a value of type [java.util.WeakHashMap] (value [{}]) but failed to remove it when the web application was stopped. Threads are going to be renewed over time to try and avoid a probable memory leak.
19-May-2016 11:34:30.644 SEVERE [ContainerBackgroundProcessor[StandardEngine[Catalina]]] org.apache.catalina.loader.WebappClassLoaderBase.checkThreadLocalMapForLeaks The web application [ROOT] created a ThreadLocal with key of type [org.jvnet.hk2.internal.PerLocatorUtilities$2] (value [org.jvnet.hk2.internal.PerLocatorUtilities$2@898557c]) and a value of type [java.util.WeakHashMap] (value [{javax.servlet.http.HttpServletRequest com.kredible.services.KeywordsService.hsr=org.jvnet.hk2.internal.SoftAnnotatedElementAnnotationInfo@32dc55ec}]) but failed to remove it when the web application was stopped. Threads are going to be renewed over time to try and avoid a probable memory leak.
19-May-2016 11:34:30.644 SEVERE [ContainerBackgroundProcessor[StandardEngine[Catalina]]] org.apache.catalina.loader.WebappClassLoaderBase.checkThreadLocalMapForLeaks The web application [ROOT] created a ThreadLocal with key of type [org.jvnet.hk2.internal.PerLocatorUtilities$1] (value [org.jvnet.hk2.internal.PerLocatorUtilities$1@42e2bec6]) and a value of type [java.util.WeakHashMap] (value [{}]) but failed to remove it when the web application was stopped. Threads are going to be renewed over time to try and avoid a probable memory leak.
19-May-2016 11:34:30.644 SEVERE [ContainerBackgroundProcessor[StandardEngine[Catalina]]] org.apache.catalina.loader.WebappClassLoaderBase.checkThreadLocalMapForLeaks The web application [ROOT] created a ThreadLocal with key of type [org.jvnet.hk2.internal.PerLocatorUtilities$1] (value [org.jvnet.hk2.internal.PerLocatorUtilities$1@42e2bec6]) and a value of type [java.util.WeakHashMap] (value [{}]) but failed to remove it when the web application was stopped. Threads are going to be renewed over time to try and avoid a probable memory leak.
19-May-2016 11:34:30.644 SEVERE [ContainerBackgroundProcessor[StandardEngine[Catalina]]] org.apache.catalina.loader.WebappClassLoaderBase.checkThreadLocalMapForLeaks The web application [ROOT] created a ThreadLocal with key of type [org.jvnet.hk2.internal.PerLocatorUtilities$1] (value [org.jvnet.hk2.internal.PerLocatorUtilities$1@42e2bec6]) and a value of type [java.util.WeakHashMap] (value [{}]) but failed to remove it when the web application was stopped. Threads are going to be renewed over time to try and avoid a probable memory leak.
19-May-2016 11:34:30.644 SEVERE [ContainerBackgroundProcessor[StandardEngine[Catalina]]] org.apache.catalina.loader.WebappClassLoaderBase.checkThreadLocalMapForLeaks The web application [ROOT] created a ThreadLocal with key of type [org.jvnet.hk2.internal.PerLocatorUtilities$1] (value [org.jvnet.hk2.internal.PerLocatorUtilities$1@42e2bec6]) and a value of type [java.util.WeakHashMap] (value [{}]) but failed to remove it when the web application was stopped. Threads are going to be renewed over time to try and avoid a probable memory leak.
19-May-2016 11:34:30.644 SEVERE [ContainerBackgroundProcessor[StandardEngine[Catalina]]] org.apache.catalina.loader.WebappClassLoaderBase.checkThreadLocalMapForLeaks The web application [ROOT] created a ThreadLocal with key of type [org.jvnet.hk2.internal.PerLocatorUtilities$1] (value [org.jvnet.hk2.internal.PerLocatorUtilities$1@42e2bec6]) and a value of type [java.util.WeakHashMap] (value [{}]) but failed to remove it when the web application was stopped. Threads are going to be renewed over time to try and avoid a probable memory leak.
19-May-2016 11:34:30.645 SEVERE [ContainerBackgroundProcessor[StandardEngine[Catalina]]] org.apache.catalina.loader.WebappClassLoaderBase.checkThreadLocalMapForLeaks The web application [ROOT] created a ThreadLocal with key of type [org.jvnet.hk2.internal.PerLocatorUtilities$2] (value [org.jvnet.hk2.internal.PerLocatorUtilities$2@898557c]) and a value of type [java.util.WeakHashMap] (value [{javax.servlet.http.HttpServletRequest com.kredible.services.MembersService.hsr=org.jvnet.hk2.internal.SoftAnnotatedElementAnnotationInfo@659fc9ff, javax.servlet.http.HttpServletResponse com.kredible.services.MembersService.hsp=org.jvnet.hk2.internal.SoftAnnotatedElementAnnotationInfo@2fe64385, public org.glassfish.jersey.servlet.WebComponent$HttpServletResponseReferencingFactory(javax.inject.Provider)=org.jvnet.hk2.internal.SoftAnnotatedElementAnnotationInfo@f64a150, public org.glassfish.jersey.servlet.WebComponent$HttpServletRequestReferencingFactory(javax.inject.Provider)=org.jvnet.hk2.internal.SoftAnnotatedElementAnnotationInfo@5fc7e665}]) but failed to remove it when the web application was stopped. Threads are going to be renewed over time to try and avoid a probable memory leak.
19-May-2016 11:34:30.645 SEVERE [ContainerBackgroundProcessor[StandardEngine[Catalina]]] org.apache.catalina.loader.WebappClassLoaderBase.checkThreadLocalMapForLeaks The web application [ROOT] created a ThreadLocal with key of type [org.jvnet.hk2.internal.PerLocatorUtilities$1] (value [org.jvnet.hk2.internal.PerLocatorUtilities$1@42e2bec6]) and a value of type [java.util.WeakHashMap] (value [{}]) but failed to remove it when the web application was stopped. Threads are going to be renewed over time to try and avoid a probable memory leak.
19-May-2016 11:34:30.645 SEVERE [ContainerBackgroundProcessor[StandardEngine[Catalina]]] org.apache.catalina.loader.WebappClassLoaderBase.checkThreadLocalMapForLeaks The web application [ROOT] created a ThreadLocal with key of type [org.jvnet.hk2.internal.PerLocatorUtilities$1] (value [org.jvnet.hk2.internal.PerLocatorUtilities$1@42e2bec6]) and a value of type [java.util.WeakHashMap] (value [{}]) but failed to remove it when the web application was stopped. Threads are going to be renewed over time to try and avoid a probable memory leak.
19-May-2016 11:34:30.645 SEVERE [ContainerBackgroundProcessor[StandardEngine[Catalina]]] org.apache.catalina.loader.WebappClassLoaderBase.checkThreadLocalMapForLeaks The web application [ROOT] created a ThreadLocal with key of type [org.jvnet.hk2.internal.PerLocatorUtilities$2] (value [org.jvnet.hk2.internal.PerLocatorUtilities$2@898557c]) and a value of type [java.util.WeakHashMap] (value [{protected org.glassfish.jersey.server.internal.process.ServerProcessingBinder$ContainerRequestFactory(javax.inject.Provider)=org.jvnet.hk2.internal.SoftAnnotatedElementAnnotationInfo@448c1c53}]) but failed to remove it when the web application was stopped. Threads are going to be renewed over time to try and avoid a probable memory leak.
19-May-2016 11:34:33.242 SEVERE [ContainerBackgroundProcessor[StandardEngine[Catalina]]] org.apache.catalina.core.StandardContext.startInternal Error filterStart
19-May-2016 11:34:33.242 SEVERE [ContainerBackgroundProcessor[StandardEngine[Catalina]]] org.apache.catalina.core.StandardContext.startInternal Context [] startup failed due to previous errors
19-May-2016 11:34:33.249 WARNING [ContainerBackgroundProcessor[StandardEngine[Catalina]]] org.apache.catalina.loader.WebappClassLoaderBase.clearReferencesThreads The web application [ROOT] appears to have started a thread named [Abandoned connection cleanup thread] but has failed to stop it. This is very likely to create a memory leak. Stack trace of thread:
 java.lang.Object.wait(Native Method)
 java.lang.ref.ReferenceQueue.remove(ReferenceQueue.java:143)
 com.mysql.jdbc.AbandonedConnectionCleanupThread.run(AbandonedConnectionCleanupThread.java:43)
19-May-2016 11:34:33.251 INFO [ContainerBackgroundProcessor[StandardEngine[Catalina]]] org.apache.catalina.core.StandardContext.reload Reloading Context with name [] is completed
