30-Jun-2020 22:53:12.513 INFO [main] org.apache.catalina.startup.VersionLoggerListener.log Server version:        Apache Tomcat/8.0.15
30-Jun-2020 22:53:12.517 INFO [main] org.apache.catalina.startup.VersionLoggerListener.log Server built:          Nov 2 2014 19:25:20 UTC
30-Jun-2020 22:53:12.517 INFO [main] org.apache.catalina.startup.VersionLoggerListener.log Server number:         8.0.15.0
30-Jun-2020 22:53:12.518 INFO [main] org.apache.catalina.startup.VersionLoggerListener.log OS Name:               Linux
30-Jun-2020 22:53:12.518 INFO [main] org.apache.catalina.startup.VersionLoggerListener.log OS Version:            2.6.32-52-server
30-Jun-2020 22:53:12.518 INFO [main] org.apache.catalina.startup.VersionLoggerListener.log Architecture:          amd64
30-Jun-2020 22:53:12.518 INFO [main] org.apache.catalina.startup.VersionLoggerListener.log JAVA_HOME:             /usr/local/jdk1.8.0_101/jre
30-Jun-2020 22:53:12.519 INFO [main] org.apache.catalina.startup.VersionLoggerListener.log JVM Version:           1.8.0_101-b13
30-Jun-2020 22:53:12.519 INFO [main] org.apache.catalina.startup.VersionLoggerListener.log JVM Vendor:            Oracle Corporation
30-Jun-2020 22:53:12.522 INFO [main] org.apache.catalina.startup.VersionLoggerListener.log CATALINA_BASE:         /www/live/ECS/tomcat
30-Jun-2020 22:53:12.522 INFO [main] org.apache.catalina.startup.VersionLoggerListener.log CATALINA_HOME:         /www/live/ECS/tomcat
30-Jun-2020 22:53:12.523 INFO [main] org.apache.catalina.startup.VersionLoggerListener.log Command line argument: -Djava.util.logging.config.file=/www/live/ECS/tomcat/conf/logging.properties
30-Jun-2020 22:53:12.523 INFO [main] org.apache.catalina.startup.VersionLoggerListener.log Command line argument: -Djava.util.logging.manager=org.apache.juli.ClassLoaderLogManager
30-Jun-2020 22:53:12.523 INFO [main] org.apache.catalina.startup.VersionLoggerListener.log Command line argument: -Djava.endorsed.dirs=/www/live/ECS/tomcat/endorsed
30-Jun-2020 22:53:12.523 INFO [main] org.apache.catalina.startup.VersionLoggerListener.log Command line argument: -Dcatalina.base=/www/live/ECS/tomcat
30-Jun-2020 22:53:12.523 INFO [main] org.apache.catalina.startup.VersionLoggerListener.log Command line argument: -Dcatalina.home=/www/live/ECS/tomcat
30-Jun-2020 22:53:12.523 INFO [main] org.apache.catalina.startup.VersionLoggerListener.log Command line argument: -Djava.io.tmpdir=/www/live/ECS/tomcat/temp
30-Jun-2020 22:53:12.524 INFO [main] org.apache.catalina.core.AprLifecycleListener.lifecycleEvent The APR based Apache Tomcat Native library which allows optimal performance in production environments was not found on the java.library.path: /usr/java/packages/lib/amd64:/usr/lib64:/lib64:/lib:/usr/lib
30-Jun-2020 22:53:12.733 INFO [main] org.apache.coyote.AbstractProtocol.init Initializing ProtocolHandler ["http-nio-8080"]
30-Jun-2020 22:53:12.762 INFO [main] org.apache.tomcat.util.net.NioSelectorPool.getSharedSelector Using a shared selector for servlet write/read
30-Jun-2020 22:53:12.764 INFO [main] org.apache.catalina.startup.Catalina.load Initialization processed in 894 ms
30-Jun-2020 22:53:12.792 INFO [main] org.apache.catalina.core.StandardService.startInternal Starting service Catalina
30-Jun-2020 22:53:12.792 INFO [main] org.apache.catalina.core.StandardEngine.startInternal Starting Servlet Engine: Apache Tomcat/8.0.15
30-Jun-2020 22:53:12.839 SEVERE [Catalina-startStop-1] org.apache.catalina.core.ContainerBase.startInternal A child container failed during start
 java.util.concurrent.ExecutionException: org.apache.catalina.LifecycleException: Failed to start component [StandardEngine[Catalina].StandardHost[localhost].StandardContext[]]
	at java.util.concurrent.FutureTask.report(FutureTask.java:122)
	at java.util.concurrent.FutureTask.get(FutureTask.java:192)
	at org.apache.catalina.core.ContainerBase.startInternal(ContainerBase.java:917)
	at org.apache.catalina.core.StandardHost.startInternal(StandardHost.java:868)
	at org.apache.catalina.util.LifecycleBase.start(LifecycleBase.java:150)
	at org.apache.catalina.core.ContainerBase$StartChild.call(ContainerBase.java:1409)
	at org.apache.catalina.core.ContainerBase$StartChild.call(ContainerBase.java:1399)
	at java.util.concurrent.FutureTask.run(FutureTask.java:266)
	at java.util.concurrent.ThreadPoolExecutor.runWorker(ThreadPoolExecutor.java:1142)
	at java.util.concurrent.ThreadPoolExecutor$Worker.run(ThreadPoolExecutor.java:617)
	at java.lang.Thread.run(Thread.java:745)
Caused by: org.apache.catalina.LifecycleException: Failed to start component [StandardEngine[Catalina].StandardHost[localhost].StandardContext[]]
	at org.apache.catalina.util.LifecycleBase.start(LifecycleBase.java:154)
	... 6 more
Caused by: org.apache.catalina.LifecycleException: Failed to start component [org.apache.catalina.webresources.StandardRoot@5219e3c4]
	at org.apache.catalina.util.LifecycleBase.start(LifecycleBase.java:154)
	at org.apache.catalina.core.StandardContext.resourcesStart(StandardContext.java:4875)
	at org.apache.catalina.core.StandardContext.startInternal(StandardContext.java:5004)
	at org.apache.catalina.util.LifecycleBase.start(LifecycleBase.java:150)
	... 6 more
Caused by: java.lang.IllegalArgumentException: The main resource set specified [/www/develop/ECS/web] is not valid
	at org.apache.catalina.webresources.StandardRoot.startInternal(StandardRoot.java:670)
	at org.apache.catalina.util.LifecycleBase.start(LifecycleBase.java:150)
	... 9 more

30-Jun-2020 22:53:12.841 SEVERE [main] org.apache.catalina.core.ContainerBase.startInternal A child container failed during start
 java.util.concurrent.ExecutionException: org.apache.catalina.LifecycleException: Failed to start component [StandardEngine[Catalina].StandardHost[localhost]]
	at java.util.concurrent.FutureTask.report(FutureTask.java:122)
	at java.util.concurrent.FutureTask.get(FutureTask.java:192)
	at org.apache.catalina.core.ContainerBase.startInternal(ContainerBase.java:917)
	at org.apache.catalina.core.StandardEngine.startInternal(StandardEngine.java:262)
	at org.apache.catalina.util.LifecycleBase.start(LifecycleBase.java:150)
	at org.apache.catalina.core.StandardService.startInternal(StandardService.java:439)
	at org.apache.catalina.util.LifecycleBase.start(LifecycleBase.java:150)
	at org.apache.catalina.core.StandardServer.startInternal(StandardServer.java:760)
	at org.apache.catalina.util.LifecycleBase.start(LifecycleBase.java:150)
	at org.apache.catalina.startup.Catalina.start(Catalina.java:625)
	at sun.reflect.NativeMethodAccessorImpl.invoke0(Native Method)
	at sun.reflect.NativeMethodAccessorImpl.invoke(NativeMethodAccessorImpl.java:62)
	at sun.reflect.DelegatingMethodAccessorImpl.invoke(DelegatingMethodAccessorImpl.java:43)
	at java.lang.reflect.Method.invoke(Method.java:498)
	at org.apache.catalina.startup.Bootstrap.start(Bootstrap.java:351)
	at org.apache.catalina.startup.Bootstrap.main(Bootstrap.java:485)
Caused by: org.apache.catalina.LifecycleException: Failed to start component [StandardEngine[Catalina].StandardHost[localhost]]
	at org.apache.catalina.util.LifecycleBase.start(LifecycleBase.java:154)
	at org.apache.catalina.core.ContainerBase$StartChild.call(ContainerBase.java:1409)
	at org.apache.catalina.core.ContainerBase$StartChild.call(ContainerBase.java:1399)
	at java.util.concurrent.FutureTask.run(FutureTask.java:266)
	at java.util.concurrent.ThreadPoolExecutor.runWorker(ThreadPoolExecutor.java:1142)
	at java.util.concurrent.ThreadPoolExecutor$Worker.run(ThreadPoolExecutor.java:617)
	at java.lang.Thread.run(Thread.java:745)
Caused by: org.apache.catalina.LifecycleException: A child container failed during start
	at org.apache.catalina.core.ContainerBase.startInternal(ContainerBase.java:925)
	at org.apache.catalina.core.StandardHost.startInternal(StandardHost.java:868)
	at org.apache.catalina.util.LifecycleBase.start(LifecycleBase.java:150)
	... 6 more

30-Jun-2020 22:53:12.841 SEVERE [main] org.apache.catalina.startup.Catalina.start The required Server component failed to start so Tomcat is unable to start.
 org.apache.catalina.LifecycleException: Failed to start component [StandardServer[9005]]
	at org.apache.catalina.util.LifecycleBase.start(LifecycleBase.java:154)
	at org.apache.catalina.startup.Catalina.start(Catalina.java:625)
	at sun.reflect.NativeMethodAccessorImpl.invoke0(Native Method)
	at sun.reflect.NativeMethodAccessorImpl.invoke(NativeMethodAccessorImpl.java:62)
	at sun.reflect.DelegatingMethodAccessorImpl.invoke(DelegatingMethodAccessorImpl.java:43)
	at java.lang.reflect.Method.invoke(Method.java:498)
	at org.apache.catalina.startup.Bootstrap.start(Bootstrap.java:351)
	at org.apache.catalina.startup.Bootstrap.main(Bootstrap.java:485)
Caused by: org.apache.catalina.LifecycleException: Failed to start component [StandardService[Catalina]]
	at org.apache.catalina.util.LifecycleBase.start(LifecycleBase.java:154)
	at org.apache.catalina.core.StandardServer.startInternal(StandardServer.java:760)
	at org.apache.catalina.util.LifecycleBase.start(LifecycleBase.java:150)
	... 7 more
Caused by: org.apache.catalina.LifecycleException: Failed to start component [StandardEngine[Catalina]]
	at org.apache.catalina.util.LifecycleBase.start(LifecycleBase.java:154)
	at org.apache.catalina.core.StandardService.startInternal(StandardService.java:439)
	at org.apache.catalina.util.LifecycleBase.start(LifecycleBase.java:150)
	... 9 more
Caused by: org.apache.catalina.LifecycleException: A child container failed during start
	at org.apache.catalina.core.ContainerBase.startInternal(ContainerBase.java:925)
	at org.apache.catalina.core.StandardEngine.startInternal(StandardEngine.java:262)
	at org.apache.catalina.util.LifecycleBase.start(LifecycleBase.java:150)
	... 11 more

30-Jun-2020 22:53:12.842 INFO [main] org.apache.coyote.AbstractProtocol.pause Pausing ProtocolHandler ["http-nio-8080"]
30-Jun-2020 22:53:12.842 INFO [main] org.apache.catalina.core.StandardService.stopInternal Stopping service Catalina
30-Jun-2020 22:53:12.843 INFO [main] org.apache.coyote.AbstractProtocol.destroy Destroying ProtocolHandler ["http-nio-8080"]
30-Jun-2020 22:53:12.844 SEVERE [main] org.apache.coyote.AbstractProtocol.destroy Failed to destroy end point associated with ProtocolHandler ["http-nio-8080"]
 java.lang.NullPointerException
	at org.apache.tomcat.util.net.NioEndpoint.releaseCaches(NioEndpoint.java:307)
	at org.apache.tomcat.util.net.NioEndpoint.unbind(NioEndpoint.java:482)
	at org.apache.tomcat.util.net.AbstractEndpoint.destroy(AbstractEndpoint.java:795)
	at org.apache.coyote.AbstractProtocol.destroy(AbstractProtocol.java:531)
	at org.apache.catalina.connector.Connector.destroyInternal(Connector.java:1023)
	at org.apache.catalina.util.LifecycleBase.destroy(LifecycleBase.java:305)
	at org.apache.catalina.core.StandardService.destroyInternal(StandardService.java:588)
	at org.apache.catalina.util.LifecycleBase.destroy(LifecycleBase.java:305)
	at org.apache.catalina.core.StandardServer.destroyInternal(StandardServer.java:850)
	at org.apache.catalina.util.LifecycleBase.destroy(LifecycleBase.java:305)
	at org.apache.catalina.startup.Catalina.start(Catalina.java:629)
	at sun.reflect.NativeMethodAccessorImpl.invoke0(Native Method)
	at sun.reflect.NativeMethodAccessorImpl.invoke(NativeMethodAccessorImpl.java:62)
	at sun.reflect.DelegatingMethodAccessorImpl.invoke(DelegatingMethodAccessorImpl.java:43)
	at java.lang.reflect.Method.invoke(Method.java:498)
	at org.apache.catalina.startup.Bootstrap.start(Bootstrap.java:351)
	at org.apache.catalina.startup.Bootstrap.main(Bootstrap.java:485)

30-Jun-2020 22:53:12.845 WARNING [main] org.apache.catalina.deploy.NamingResourcesImpl.cleanUp Failed to retrieve JNDI naming context for container [StandardEngine[Catalina].StandardHost[localhost].StandardContext[]] so no cleanup was performed for that container
 javax.naming.NamingException: No naming context bound to this class loader
	at org.apache.naming.ContextBindings.getClassLoader(ContextBindings.java:258)
	at org.apache.catalina.deploy.NamingResourcesImpl.cleanUp(NamingResourcesImpl.java:992)
	at org.apache.catalina.deploy.NamingResourcesImpl.stopInternal(NamingResourcesImpl.java:975)
	at org.apache.catalina.util.LifecycleBase.stop(LifecycleBase.java:232)
	at org.apache.catalina.core.StandardContext.stopInternal(StandardContext.java:5427)
	at org.apache.catalina.util.LifecycleBase.stop(LifecycleBase.java:232)
	at org.apache.catalina.util.LifecycleBase.destroy(LifecycleBase.java:272)
	at org.apache.catalina.core.ContainerBase.removeChild(ContainerBase.java:841)
	at org.apache.catalina.core.ContainerBase.destroyInternal(ContainerBase.java:1014)
	at org.apache.catalina.util.LifecycleBase.destroy(LifecycleBase.java:305)
	at org.apache.catalina.core.ContainerBase.removeChild(ContainerBase.java:841)
	at org.apache.catalina.core.ContainerBase.destroyInternal(ContainerBase.java:1014)
	at org.apache.catalina.util.LifecycleBase.destroy(LifecycleBase.java:305)
	at org.apache.catalina.core.StandardService.destroyInternal(StandardService.java:603)
	at org.apache.catalina.util.LifecycleBase.destroy(LifecycleBase.java:305)
	at org.apache.catalina.core.StandardServer.destroyInternal(StandardServer.java:850)
	at org.apache.catalina.util.LifecycleBase.destroy(LifecycleBase.java:305)
	at org.apache.catalina.startup.Catalina.start(Catalina.java:629)
	at sun.reflect.NativeMethodAccessorImpl.invoke0(Native Method)
	at sun.reflect.NativeMethodAccessorImpl.invoke(NativeMethodAccessorImpl.java:62)
	at sun.reflect.DelegatingMethodAccessorImpl.invoke(DelegatingMethodAccessorImpl.java:43)
	at java.lang.reflect.Method.invoke(Method.java:498)
	at org.apache.catalina.startup.Bootstrap.start(Bootstrap.java:351)
	at org.apache.catalina.startup.Bootstrap.main(Bootstrap.java:485)

30-Jun-2020 23:06:06.106 INFO [main] org.apache.catalina.startup.VersionLoggerListener.log Server version:        Apache Tomcat/8.0.15
30-Jun-2020 23:06:06.107 INFO [main] org.apache.catalina.startup.VersionLoggerListener.log Server built:          Nov 2 2014 19:25:20 UTC
30-Jun-2020 23:06:06.108 INFO [main] org.apache.catalina.startup.VersionLoggerListener.log Server number:         8.0.15.0
30-Jun-2020 23:06:06.108 INFO [main] org.apache.catalina.startup.VersionLoggerListener.log OS Name:               Linux
30-Jun-2020 23:06:06.108 INFO [main] org.apache.catalina.startup.VersionLoggerListener.log OS Version:            2.6.32-52-server
30-Jun-2020 23:06:06.108 INFO [main] org.apache.catalina.startup.VersionLoggerListener.log Architecture:          amd64
30-Jun-2020 23:06:06.108 INFO [main] org.apache.catalina.startup.VersionLoggerListener.log JAVA_HOME:             /usr/local/jdk1.8.0_101/jre
30-Jun-2020 23:06:06.108 INFO [main] org.apache.catalina.startup.VersionLoggerListener.log JVM Version:           1.8.0_101-b13
30-Jun-2020 23:06:06.108 INFO [main] org.apache.catalina.startup.VersionLoggerListener.log JVM Vendor:            Oracle Corporation
30-Jun-2020 23:06:06.116 INFO [main] org.apache.catalina.startup.VersionLoggerListener.log CATALINA_BASE:         /www/live/ECS/tomcat
30-Jun-2020 23:06:06.117 INFO [main] org.apache.catalina.startup.VersionLoggerListener.log CATALINA_HOME:         /www/live/ECS/tomcat
30-Jun-2020 23:06:06.117 INFO [main] org.apache.catalina.startup.VersionLoggerListener.log Command line argument: -Djava.util.logging.config.file=/www/live/ECS/tomcat/conf/logging.properties
30-Jun-2020 23:06:06.117 INFO [main] org.apache.catalina.startup.VersionLoggerListener.log Command line argument: -Djava.util.logging.manager=org.apache.juli.ClassLoaderLogManager
30-Jun-2020 23:06:06.117 INFO [main] org.apache.catalina.startup.VersionLoggerListener.log Command line argument: -Djava.endorsed.dirs=/www/live/ECS/tomcat/endorsed
30-Jun-2020 23:06:06.118 INFO [main] org.apache.catalina.startup.VersionLoggerListener.log Command line argument: -Dcatalina.base=/www/live/ECS/tomcat
30-Jun-2020 23:06:06.118 INFO [main] org.apache.catalina.startup.VersionLoggerListener.log Command line argument: -Dcatalina.home=/www/live/ECS/tomcat
30-Jun-2020 23:06:06.118 INFO [main] org.apache.catalina.startup.VersionLoggerListener.log Command line argument: -Djava.io.tmpdir=/www/live/ECS/tomcat/temp
30-Jun-2020 23:06:06.118 INFO [main] org.apache.catalina.core.AprLifecycleListener.lifecycleEvent The APR based Apache Tomcat Native library which allows optimal performance in production environments was not found on the java.library.path: /usr/java/packages/lib/amd64:/usr/lib64:/lib64:/lib:/usr/lib
30-Jun-2020 23:06:06.259 INFO [main] org.apache.coyote.AbstractProtocol.init Initializing ProtocolHandler ["http-nio-8080"]
30-Jun-2020 23:06:06.280 INFO [main] org.apache.tomcat.util.net.NioSelectorPool.getSharedSelector Using a shared selector for servlet write/read
30-Jun-2020 23:06:06.282 INFO [main] org.apache.catalina.startup.Catalina.load Initialization processed in 659 ms
30-Jun-2020 23:06:06.306 INFO [main] org.apache.catalina.core.StandardService.startInternal Starting service Catalina
30-Jun-2020 23:06:06.306 INFO [main] org.apache.catalina.core.StandardEngine.startInternal Starting Servlet Engine: Apache Tomcat/8.0.15
30-Jun-2020 23:06:06.369 SEVERE [Catalina-startStop-1] org.apache.catalina.core.ContainerBase.startInternal A child container failed during start
 java.util.concurrent.ExecutionException: org.apache.catalina.LifecycleException: Failed to start component [StandardEngine[Catalina].StandardHost[localhost].StandardContext[]]
	at java.util.concurrent.FutureTask.report(FutureTask.java:122)
	at java.util.concurrent.FutureTask.get(FutureTask.java:192)
	at org.apache.catalina.core.ContainerBase.startInternal(ContainerBase.java:917)
	at org.apache.catalina.core.StandardHost.startInternal(StandardHost.java:868)
	at org.apache.catalina.util.LifecycleBase.start(LifecycleBase.java:150)
	at org.apache.catalina.core.ContainerBase$StartChild.call(ContainerBase.java:1409)
	at org.apache.catalina.core.ContainerBase$StartChild.call(ContainerBase.java:1399)
	at java.util.concurrent.FutureTask.run(FutureTask.java:266)
	at java.util.concurrent.ThreadPoolExecutor.runWorker(ThreadPoolExecutor.java:1142)
	at java.util.concurrent.ThreadPoolExecutor$Worker.run(ThreadPoolExecutor.java:617)
	at java.lang.Thread.run(Thread.java:745)
Caused by: org.apache.catalina.LifecycleException: Failed to start component [StandardEngine[Catalina].StandardHost[localhost].StandardContext[]]
	at org.apache.catalina.util.LifecycleBase.start(LifecycleBase.java:154)
	... 6 more
Caused by: org.apache.catalina.LifecycleException: Failed to start component [org.apache.catalina.webresources.StandardRoot@1206db4e]
	at org.apache.catalina.util.LifecycleBase.start(LifecycleBase.java:154)
	at org.apache.catalina.core.StandardContext.resourcesStart(StandardContext.java:4875)
	at org.apache.catalina.core.StandardContext.startInternal(StandardContext.java:5004)
	at org.apache.catalina.util.LifecycleBase.start(LifecycleBase.java:150)
	... 6 more
Caused by: java.lang.IllegalArgumentException: The main resource set specified [/www/develop/ECS/web] is not valid
	at org.apache.catalina.webresources.StandardRoot.startInternal(StandardRoot.java:670)
	at org.apache.catalina.util.LifecycleBase.start(LifecycleBase.java:150)
	... 9 more

30-Jun-2020 23:06:06.371 SEVERE [main] org.apache.catalina.core.ContainerBase.startInternal A child container failed during start
 java.util.concurrent.ExecutionException: org.apache.catalina.LifecycleException: Failed to start component [StandardEngine[Catalina].StandardHost[localhost]]
	at java.util.concurrent.FutureTask.report(FutureTask.java:122)
	at java.util.concurrent.FutureTask.get(FutureTask.java:192)
	at org.apache.catalina.core.ContainerBase.startInternal(ContainerBase.java:917)
	at org.apache.catalina.core.StandardEngine.startInternal(StandardEngine.java:262)
	at org.apache.catalina.util.LifecycleBase.start(LifecycleBase.java:150)
	at org.apache.catalina.core.StandardService.startInternal(StandardService.java:439)
	at org.apache.catalina.util.LifecycleBase.start(LifecycleBase.java:150)
	at org.apache.catalina.core.StandardServer.startInternal(StandardServer.java:760)
	at org.apache.catalina.util.LifecycleBase.start(LifecycleBase.java:150)
	at org.apache.catalina.startup.Catalina.start(Catalina.java:625)
	at sun.reflect.NativeMethodAccessorImpl.invoke0(Native Method)
	at sun.reflect.NativeMethodAccessorImpl.invoke(NativeMethodAccessorImpl.java:62)
	at sun.reflect.DelegatingMethodAccessorImpl.invoke(DelegatingMethodAccessorImpl.java:43)
	at java.lang.reflect.Method.invoke(Method.java:498)
	at org.apache.catalina.startup.Bootstrap.start(Bootstrap.java:351)
	at org.apache.catalina.startup.Bootstrap.main(Bootstrap.java:485)
Caused by: org.apache.catalina.LifecycleException: Failed to start component [StandardEngine[Catalina].StandardHost[localhost]]
	at org.apache.catalina.util.LifecycleBase.start(LifecycleBase.java:154)
	at org.apache.catalina.core.ContainerBase$StartChild.call(ContainerBase.java:1409)
	at org.apache.catalina.core.ContainerBase$StartChild.call(ContainerBase.java:1399)
	at java.util.concurrent.FutureTask.run(FutureTask.java:266)
	at java.util.concurrent.ThreadPoolExecutor.runWorker(ThreadPoolExecutor.java:1142)
	at java.util.concurrent.ThreadPoolExecutor$Worker.run(ThreadPoolExecutor.java:617)
	at java.lang.Thread.run(Thread.java:745)
Caused by: org.apache.catalina.LifecycleException: A child container failed during start
	at org.apache.catalina.core.ContainerBase.startInternal(ContainerBase.java:925)
	at org.apache.catalina.core.StandardHost.startInternal(StandardHost.java:868)
	at org.apache.catalina.util.LifecycleBase.start(LifecycleBase.java:150)
	... 6 more

30-Jun-2020 23:06:06.372 SEVERE [main] org.apache.catalina.startup.Catalina.start The required Server component failed to start so Tomcat is unable to start.
 org.apache.catalina.LifecycleException: Failed to start component [StandardServer[9005]]
	at org.apache.catalina.util.LifecycleBase.start(LifecycleBase.java:154)
	at org.apache.catalina.startup.Catalina.start(Catalina.java:625)
	at sun.reflect.NativeMethodAccessorImpl.invoke0(Native Method)
	at sun.reflect.NativeMethodAccessorImpl.invoke(NativeMethodAccessorImpl.java:62)
	at sun.reflect.DelegatingMethodAccessorImpl.invoke(DelegatingMethodAccessorImpl.java:43)
	at java.lang.reflect.Method.invoke(Method.java:498)
	at org.apache.catalina.startup.Bootstrap.start(Bootstrap.java:351)
	at org.apache.catalina.startup.Bootstrap.main(Bootstrap.java:485)
Caused by: org.apache.catalina.LifecycleException: Failed to start component [StandardService[Catalina]]
	at org.apache.catalina.util.LifecycleBase.start(LifecycleBase.java:154)
	at org.apache.catalina.core.StandardServer.startInternal(StandardServer.java:760)
	at org.apache.catalina.util.LifecycleBase.start(LifecycleBase.java:150)
	... 7 more
Caused by: org.apache.catalina.LifecycleException: Failed to start component [StandardEngine[Catalina]]
	at org.apache.catalina.util.LifecycleBase.start(LifecycleBase.java:154)
	at org.apache.catalina.core.StandardService.startInternal(StandardService.java:439)
	at org.apache.catalina.util.LifecycleBase.start(LifecycleBase.java:150)
	... 9 more
Caused by: org.apache.catalina.LifecycleException: A child container failed during start
	at org.apache.catalina.core.ContainerBase.startInternal(ContainerBase.java:925)
	at org.apache.catalina.core.StandardEngine.startInternal(StandardEngine.java:262)
	at org.apache.catalina.util.LifecycleBase.start(LifecycleBase.java:150)
	... 11 more

30-Jun-2020 23:06:06.372 INFO [main] org.apache.coyote.AbstractProtocol.pause Pausing ProtocolHandler ["http-nio-8080"]
30-Jun-2020 23:06:06.372 INFO [main] org.apache.catalina.core.StandardService.stopInternal Stopping service Catalina
30-Jun-2020 23:06:06.373 INFO [main] org.apache.coyote.AbstractProtocol.destroy Destroying ProtocolHandler ["http-nio-8080"]
30-Jun-2020 23:06:06.374 SEVERE [main] org.apache.coyote.AbstractProtocol.destroy Failed to destroy end point associated with ProtocolHandler ["http-nio-8080"]
 java.lang.NullPointerException
	at org.apache.tomcat.util.net.NioEndpoint.releaseCaches(NioEndpoint.java:307)
	at org.apache.tomcat.util.net.NioEndpoint.unbind(NioEndpoint.java:482)
	at org.apache.tomcat.util.net.AbstractEndpoint.destroy(AbstractEndpoint.java:795)
	at org.apache.coyote.AbstractProtocol.destroy(AbstractProtocol.java:531)
	at org.apache.catalina.connector.Connector.destroyInternal(Connector.java:1023)
	at org.apache.catalina.util.LifecycleBase.destroy(LifecycleBase.java:305)
	at org.apache.catalina.core.StandardService.destroyInternal(StandardService.java:588)
	at org.apache.catalina.util.LifecycleBase.destroy(LifecycleBase.java:305)
	at org.apache.catalina.core.StandardServer.destroyInternal(StandardServer.java:850)
	at org.apache.catalina.util.LifecycleBase.destroy(LifecycleBase.java:305)
	at org.apache.catalina.startup.Catalina.start(Catalina.java:629)
	at sun.reflect.NativeMethodAccessorImpl.invoke0(Native Method)
	at sun.reflect.NativeMethodAccessorImpl.invoke(NativeMethodAccessorImpl.java:62)
	at sun.reflect.DelegatingMethodAccessorImpl.invoke(DelegatingMethodAccessorImpl.java:43)
	at java.lang.reflect.Method.invoke(Method.java:498)
	at org.apache.catalina.startup.Bootstrap.start(Bootstrap.java:351)
	at org.apache.catalina.startup.Bootstrap.main(Bootstrap.java:485)

30-Jun-2020 23:06:06.375 WARNING [main] org.apache.catalina.deploy.NamingResourcesImpl.cleanUp Failed to retrieve JNDI naming context for container [StandardEngine[Catalina].StandardHost[localhost].StandardContext[]] so no cleanup was performed for that container
 javax.naming.NamingException: No naming context bound to this class loader
	at org.apache.naming.ContextBindings.getClassLoader(ContextBindings.java:258)
	at org.apache.catalina.deploy.NamingResourcesImpl.cleanUp(NamingResourcesImpl.java:992)
	at org.apache.catalina.deploy.NamingResourcesImpl.stopInternal(NamingResourcesImpl.java:975)
	at org.apache.catalina.util.LifecycleBase.stop(LifecycleBase.java:232)
	at org.apache.catalina.core.StandardContext.stopInternal(StandardContext.java:5427)
	at org.apache.catalina.util.LifecycleBase.stop(LifecycleBase.java:232)
	at org.apache.catalina.util.LifecycleBase.destroy(LifecycleBase.java:272)
	at org.apache.catalina.core.ContainerBase.removeChild(ContainerBase.java:841)
	at org.apache.catalina.core.ContainerBase.destroyInternal(ContainerBase.java:1014)
	at org.apache.catalina.util.LifecycleBase.destroy(LifecycleBase.java:305)
	at org.apache.catalina.core.ContainerBase.removeChild(ContainerBase.java:841)
	at org.apache.catalina.core.ContainerBase.destroyInternal(ContainerBase.java:1014)
	at org.apache.catalina.util.LifecycleBase.destroy(LifecycleBase.java:305)
	at org.apache.catalina.core.StandardService.destroyInternal(StandardService.java:603)
	at org.apache.catalina.util.LifecycleBase.destroy(LifecycleBase.java:305)
	at org.apache.catalina.core.StandardServer.destroyInternal(StandardServer.java:850)
	at org.apache.catalina.util.LifecycleBase.destroy(LifecycleBase.java:305)
	at org.apache.catalina.startup.Catalina.start(Catalina.java:629)
	at sun.reflect.NativeMethodAccessorImpl.invoke0(Native Method)
	at sun.reflect.NativeMethodAccessorImpl.invoke(NativeMethodAccessorImpl.java:62)
	at sun.reflect.DelegatingMethodAccessorImpl.invoke(DelegatingMethodAccessorImpl.java:43)
	at java.lang.reflect.Method.invoke(Method.java:498)
	at org.apache.catalina.startup.Bootstrap.start(Bootstrap.java:351)
	at org.apache.catalina.startup.Bootstrap.main(Bootstrap.java:485)

