11-Feb-2016 12:39:00.415 INFO [main] org.apache.catalina.core.StandardServer.await A valid shutdown command was received via the shutdown port. Stopping the Server instance.
11-Feb-2016 12:39:00.425 INFO [main] org.apache.coyote.AbstractProtocol.pause Pausing ProtocolHandler ["http-nio-8080"]
11-Feb-2016 12:39:00.490 INFO [main] org.apache.coyote.AbstractProtocol.pause Pausing ProtocolHandler ["ajp-nio-8009"]
11-Feb-2016 12:39:00.541 INFO [main] org.apache.catalina.core.StandardService.stopInternal Stopping service Catalina
11-Feb-2016 12:39:00.568 INFO [main] org.apache.coyote.AbstractProtocol.stop Stopping ProtocolHandler ["http-nio-8080"]
11-Feb-2016 12:39:00.579 INFO [main] org.apache.coyote.AbstractProtocol.stop Stopping ProtocolHandler ["ajp-nio-8009"]
11-Feb-2016 12:39:00.581 INFO [main] org.apache.coyote.AbstractProtocol.destroy Destroying ProtocolHandler ["http-nio-8080"]
11-Feb-2016 12:39:00.582 INFO [main] org.apache.coyote.AbstractProtocol.destroy Destroying ProtocolHandler ["ajp-nio-8009"]
11-Feb-2016 12:39:04.796 INFO [main] org.apache.catalina.startup.VersionLoggerListener.log Server version:        Apache Tomcat/8.0.15
11-Feb-2016 12:39:04.798 INFO [main] org.apache.catalina.startup.VersionLoggerListener.log Server built:          Nov 2 2014 19:25:20 UTC
11-Feb-2016 12:39:04.798 INFO [main] org.apache.catalina.startup.VersionLoggerListener.log Server number:         8.0.15.0
11-Feb-2016 12:39:04.798 INFO [main] org.apache.catalina.startup.VersionLoggerListener.log OS Name:               Mac OS X
11-Feb-2016 12:39:04.798 INFO [main] org.apache.catalina.startup.VersionLoggerListener.log OS Version:            10.11.2
11-Feb-2016 12:39:04.798 INFO [main] org.apache.catalina.startup.VersionLoggerListener.log Architecture:          x86_64
11-Feb-2016 12:39:04.798 INFO [main] org.apache.catalina.startup.VersionLoggerListener.log JAVA_HOME:             /Library/Java/JavaVirtualMachines/jdk1.8.0_40.jdk/Contents/Home/jre
11-Feb-2016 12:39:04.798 INFO [main] org.apache.catalina.startup.VersionLoggerListener.log JVM Version:           1.8.0_40-b27
11-Feb-2016 12:39:04.799 INFO [main] org.apache.catalina.startup.VersionLoggerListener.log JVM Vendor:            Oracle Corporation
11-Feb-2016 12:39:04.799 INFO [main] org.apache.catalina.startup.VersionLoggerListener.log CATALINA_BASE:         /Users/tkk/Development/Kredible/tomcatPer
11-Feb-2016 12:39:04.799 INFO [main] org.apache.catalina.startup.VersionLoggerListener.log CATALINA_HOME:         /Users/tkk/Development/Kredible/tomcatPer
11-Feb-2016 12:39:04.800 INFO [main] org.apache.catalina.startup.VersionLoggerListener.log Command line argument: -Djava.util.logging.config.file=/Users/tkk/Development/Kredible/tomcatPer/conf/logging.properties
11-Feb-2016 12:39:04.800 INFO [main] org.apache.catalina.startup.VersionLoggerListener.log Command line argument: -Djava.util.logging.manager=org.apache.juli.ClassLoaderLogManager
11-Feb-2016 12:39:04.800 INFO [main] org.apache.catalina.startup.VersionLoggerListener.log Command line argument: -Djava.endorsed.dirs=/Users/tkk/Development/Kredible/tomcatPer/endorsed
11-Feb-2016 12:39:04.800 INFO [main] org.apache.catalina.startup.VersionLoggerListener.log Command line argument: -Dcatalina.base=/Users/tkk/Development/Kredible/tomcatPer
11-Feb-2016 12:39:04.800 INFO [main] org.apache.catalina.startup.VersionLoggerListener.log Command line argument: -Dcatalina.home=/Users/tkk/Development/Kredible/tomcatPer
11-Feb-2016 12:39:04.800 INFO [main] org.apache.catalina.startup.VersionLoggerListener.log Command line argument: -Djava.io.tmpdir=/Users/tkk/Development/Kredible/tomcatPer/temp
11-Feb-2016 12:39:04.801 INFO [main] org.apache.catalina.core.AprLifecycleListener.lifecycleEvent The APR based Apache Tomcat Native library which allows optimal performance in production environments was not found on the java.library.path: /Users/tkk/Library/Java/Extensions:/Library/Java/Extensions:/Network/Library/Java/Extensions:/System/Library/Java/Extensions:/usr/lib/java:.
11-Feb-2016 12:39:05.008 INFO [main] org.apache.coyote.AbstractProtocol.init Initializing ProtocolHandler ["http-nio-8080"]
11-Feb-2016 12:39:05.046 INFO [main] org.apache.tomcat.util.net.NioSelectorPool.getSharedSelector Using a shared selector for servlet write/read
11-Feb-2016 12:39:05.049 INFO [main] org.apache.coyote.AbstractProtocol.init Initializing ProtocolHandler ["ajp-nio-8009"]
11-Feb-2016 12:39:05.053 INFO [main] org.apache.tomcat.util.net.NioSelectorPool.getSharedSelector Using a shared selector for servlet write/read
11-Feb-2016 12:39:05.054 INFO [main] org.apache.catalina.startup.Catalina.load Initialization processed in 741 ms
11-Feb-2016 12:39:05.084 INFO [main] org.apache.catalina.core.StandardService.startInternal Starting service Catalina
11-Feb-2016 12:39:05.085 INFO [main] org.apache.catalina.core.StandardEngine.startInternal Starting Servlet Engine: Apache Tomcat/8.0.15
11-Feb-2016 12:39:09.390 WARNING [localhost-startStop-1] org.apache.tomcat.jdbc.pool.ConnectionPool.init initialSize is larger than maxActive, setting initialSize to: 5
11-Feb-2016 12:39:09.391 WARNING [localhost-startStop-1] org.apache.tomcat.jdbc.pool.ConnectionPool.init minIdle is larger than maxActive, setting minIdle to: 5
11-Feb-2016 12:39:09.391 WARNING [localhost-startStop-1] org.apache.tomcat.jdbc.pool.ConnectionPool.init maxIdle is smaller than minIdle, setting maxIdle to: 5
11-Feb-2016 12:39:11.502 WARNING [localhost-startStop-1] null.null The following warnings have been detected: HINT: A HTTP GET method, public void com.kredible.services.MembersService.getUrlAuthRedirect(java.lang.String) throws java.lang.Exception, returns a void type. It can be intentional and perfectly fine, but it is a little uncommon that GET method returns always "204 No Content".

11-Feb-2016 12:39:11.540 INFO [main] org.apache.coyote.AbstractProtocol.start Starting ProtocolHandler ["http-nio-8080"]
11-Feb-2016 12:39:11.678 INFO [main] org.apache.coyote.AbstractProtocol.start Starting ProtocolHandler ["ajp-nio-8009"]
11-Feb-2016 12:39:11.679 INFO [main] org.apache.catalina.startup.Catalina.start Server startup in 6624 ms
11-Feb-2016 12:42:22.553 WARNING [http-nio-8080-exec-10] org.glassfish.jersey.internal.Errors.logErrors The following warnings have been detected: WARNING: Unknown HK2 failure detected:
MultiException stack 1 of 2
java.lang.IllegalArgumentException: The Connection was null. Ugh!
	at com.monumental.trampoline.datasources.DbProcessor.open(Unknown Source)
	at com.monumental.trampoline.datasources.DbProcessor.<init>(Unknown Source)
	at com.monumental.trampoline.component.CompDbBridge.<init>(Unknown Source)
	at com.monumental.trampoline.component.CompDbController.newCompBridge(Unknown Source)
	at com.monumental.trampoline.component.CompDbController.<init>(Unknown Source)
	at com.monumental.trampoline.component.CompManager.newCompController(Unknown Source)
	at com.monumental.trampoline.component.CompManager.init(Unknown Source)
	at com.monumental.trampoline.component.CompManager.init(Unknown Source)
	at com.kredible.services.MembersService.<init>(MembersService.java:33)
	at sun.reflect.GeneratedConstructorAccessor37.newInstance(Unknown Source)
	at sun.reflect.DelegatingConstructorAccessorImpl.newInstance(DelegatingConstructorAccessorImpl.java:45)
	at java.lang.reflect.Constructor.newInstance(Constructor.java:422)
	at org.glassfish.hk2.utilities.reflection.ReflectionHelper.makeMe(ReflectionHelper.java:1129)
	at org.jvnet.hk2.internal.ClazzCreator.createMe(ClazzCreator.java:274)
	at org.jvnet.hk2.internal.ClazzCreator.create(ClazzCreator.java:368)
	at org.jvnet.hk2.internal.SystemDescriptor.create(SystemDescriptor.java:471)
	at org.glassfish.jersey.process.internal.RequestScope.findOrCreate(RequestScope.java:162)
	at org.jvnet.hk2.internal.Utilities.createService(Utilities.java:2064)
	at org.jvnet.hk2.internal.ServiceLocatorImpl.internalGetService(ServiceLocatorImpl.java:711)
	at org.jvnet.hk2.internal.ServiceLocatorImpl.getService(ServiceLocatorImpl.java:653)
	at org.glassfish.jersey.internal.inject.Injections.getOrCreate(Injections.java:169)
	at org.glassfish.jersey.server.model.MethodHandler$ClassBasedMethodHandler.getInstance(MethodHandler.java:185)
	at org.glassfish.jersey.server.internal.routing.PushMethodHandlerRouter.apply(PushMethodHandlerRouter.java:74)
	at org.glassfish.jersey.server.internal.routing.RoutingStage._apply(RoutingStage.java:109)
	at org.glassfish.jersey.server.internal.routing.RoutingStage._apply(RoutingStage.java:112)
	at org.glassfish.jersey.server.internal.routing.RoutingStage._apply(RoutingStage.java:112)
	at org.glassfish.jersey.server.internal.routing.RoutingStage._apply(RoutingStage.java:112)
	at org.glassfish.jersey.server.internal.routing.RoutingStage._apply(RoutingStage.java:112)
	at org.glassfish.jersey.server.internal.routing.RoutingStage.apply(RoutingStage.java:92)
	at org.glassfish.jersey.server.internal.routing.RoutingStage.apply(RoutingStage.java:61)
	at org.glassfish.jersey.process.internal.Stages.process(Stages.java:197)
	at org.glassfish.jersey.server.ServerRuntime$2.run(ServerRuntime.java:297)
	at org.glassfish.jersey.internal.Errors$1.call(Errors.java:271)
	at org.glassfish.jersey.internal.Errors$1.call(Errors.java:267)
	at org.glassfish.jersey.internal.Errors.process(Errors.java:315)
	at org.glassfish.jersey.internal.Errors.process(Errors.java:297)
	at org.glassfish.jersey.internal.Errors.process(Errors.java:267)
	at org.glassfish.jersey.process.internal.RequestScope.runInScope(RequestScope.java:317)
	at org.glassfish.jersey.server.ServerRuntime.process(ServerRuntime.java:288)
	at org.glassfish.jersey.server.ApplicationHandler.handle(ApplicationHandler.java:1110)
	at org.glassfish.jersey.servlet.WebComponent.service(WebComponent.java:401)
	at org.glassfish.jersey.servlet.ServletContainer.service(ServletContainer.java:386)
	at org.glassfish.jersey.servlet.ServletContainer.service(ServletContainer.java:335)
	at org.glassfish.jersey.servlet.ServletContainer.service(ServletContainer.java:222)
	at org.apache.catalina.core.ApplicationFilterChain.internalDoFilter(ApplicationFilterChain.java:291)
	at org.apache.catalina.core.ApplicationFilterChain.doFilter(ApplicationFilterChain.java:206)
	at org.apache.tomcat.websocket.server.WsFilter.doFilter(WsFilter.java:52)
	at org.apache.catalina.core.ApplicationFilterChain.internalDoFilter(ApplicationFilterChain.java:239)
	at org.apache.catalina.core.ApplicationFilterChain.doFilter(ApplicationFilterChain.java:206)
	at com.kredible.services.AuthenticationFilter.doFilter(AuthenticationFilter.java:43)
	at org.apache.catalina.core.ApplicationFilterChain.internalDoFilter(ApplicationFilterChain.java:239)
	at org.apache.catalina.core.ApplicationFilterChain.doFilter(ApplicationFilterChain.java:206)
	at com.thetransactioncompany.cors.CORSFilter.doFilter(CORSFilter.java:208)
	at com.thetransactioncompany.cors.CORSFilter.doFilter(CORSFilter.java:274)
	at org.apache.catalina.core.ApplicationFilterChain.internalDoFilter(ApplicationFilterChain.java:239)
	at org.apache.catalina.core.ApplicationFilterChain.doFilter(ApplicationFilterChain.java:206)
	at org.apache.catalina.core.StandardWrapperValve.invoke(StandardWrapperValve.java:219)
	at org.apache.catalina.core.StandardContextValve.invoke(StandardContextValve.java:106)
	at org.apache.catalina.authenticator.AuthenticatorBase.invoke(AuthenticatorBase.java:501)
	at org.apache.catalina.core.StandardHostValve.invoke(StandardHostValve.java:142)
	at org.apache.catalina.valves.ErrorReportValve.invoke(ErrorReportValve.java:79)
	at org.apache.catalina.core.StandardEngineValve.invoke(StandardEngineValve.java:88)
	at org.apache.catalina.connector.CoyoteAdapter.service(CoyoteAdapter.java:537)
	at org.apache.coyote.http11.AbstractHttp11Processor.process(AbstractHttp11Processor.java:1085)
	at org.apache.coyote.AbstractProtocol$AbstractConnectionHandler.process(AbstractProtocol.java:658)
	at org.apache.coyote.http11.Http11NioProtocol$Http11ConnectionHandler.process(Http11NioProtocol.java:222)
	at org.apache.tomcat.util.net.NioEndpoint$SocketProcessor.doRun(NioEndpoint.java:1556)
	at org.apache.tomcat.util.net.NioEndpoint$SocketProcessor.run(NioEndpoint.java:1513)
	at java.util.concurrent.ThreadPoolExecutor.runWorker(ThreadPoolExecutor.java:1142)
	at java.util.concurrent.ThreadPoolExecutor$Worker.run(ThreadPoolExecutor.java:617)
	at org.apache.tomcat.util.threads.TaskThread$WrappingRunnable.run(TaskThread.java:61)
	at java.lang.Thread.run(Thread.java:745)
MultiException stack 2 of 2
java.lang.IllegalStateException: Unable to perform operation: create on com.kredible.services.MembersService
	at org.jvnet.hk2.internal.ClazzCreator.create(ClazzCreator.java:395)
	at org.jvnet.hk2.internal.SystemDescriptor.create(SystemDescriptor.java:471)
	at org.glassfish.jersey.process.internal.RequestScope.findOrCreate(RequestScope.java:162)
	at org.jvnet.hk2.internal.Utilities.createService(Utilities.java:2064)
	at org.jvnet.hk2.internal.ServiceLocatorImpl.internalGetService(ServiceLocatorImpl.java:711)
	at org.jvnet.hk2.internal.ServiceLocatorImpl.getService(ServiceLocatorImpl.java:653)
	at org.glassfish.jersey.internal.inject.Injections.getOrCreate(Injections.java:169)
	at org.glassfish.jersey.server.model.MethodHandler$ClassBasedMethodHandler.getInstance(MethodHandler.java:185)
	at org.glassfish.jersey.server.internal.routing.PushMethodHandlerRouter.apply(PushMethodHandlerRouter.java:74)
	at org.glassfish.jersey.server.internal.routing.RoutingStage._apply(RoutingStage.java:109)
	at org.glassfish.jersey.server.internal.routing.RoutingStage._apply(RoutingStage.java:112)
	at org.glassfish.jersey.server.internal.routing.RoutingStage._apply(RoutingStage.java:112)
	at org.glassfish.jersey.server.internal.routing.RoutingStage._apply(RoutingStage.java:112)
	at org.glassfish.jersey.server.internal.routing.RoutingStage._apply(RoutingStage.java:112)
	at org.glassfish.jersey.server.internal.routing.RoutingStage.apply(RoutingStage.java:92)
	at org.glassfish.jersey.server.internal.routing.RoutingStage.apply(RoutingStage.java:61)
	at org.glassfish.jersey.process.internal.Stages.process(Stages.java:197)
	at org.glassfish.jersey.server.ServerRuntime$2.run(ServerRuntime.java:297)
	at org.glassfish.jersey.internal.Errors$1.call(Errors.java:271)
	at org.glassfish.jersey.internal.Errors$1.call(Errors.java:267)
	at org.glassfish.jersey.internal.Errors.process(Errors.java:315)
	at org.glassfish.jersey.internal.Errors.process(Errors.java:297)
	at org.glassfish.jersey.internal.Errors.process(Errors.java:267)
	at org.glassfish.jersey.process.internal.RequestScope.runInScope(RequestScope.java:317)
	at org.glassfish.jersey.server.ServerRuntime.process(ServerRuntime.java:288)
	at org.glassfish.jersey.server.ApplicationHandler.handle(ApplicationHandler.java:1110)
	at org.glassfish.jersey.servlet.WebComponent.service(WebComponent.java:401)
	at org.glassfish.jersey.servlet.ServletContainer.service(ServletContainer.java:386)
	at org.glassfish.jersey.servlet.ServletContainer.service(ServletContainer.java:335)
	at org.glassfish.jersey.servlet.ServletContainer.service(ServletContainer.java:222)
	at org.apache.catalina.core.ApplicationFilterChain.internalDoFilter(ApplicationFilterChain.java:291)
	at org.apache.catalina.core.ApplicationFilterChain.doFilter(ApplicationFilterChain.java:206)
	at org.apache.tomcat.websocket.server.WsFilter.doFilter(WsFilter.java:52)
	at org.apache.catalina.core.ApplicationFilterChain.internalDoFilter(ApplicationFilterChain.java:239)
	at org.apache.catalina.core.ApplicationFilterChain.doFilter(ApplicationFilterChain.java:206)
	at com.kredible.services.AuthenticationFilter.doFilter(AuthenticationFilter.java:43)
	at org.apache.catalina.core.ApplicationFilterChain.internalDoFilter(ApplicationFilterChain.java:239)
	at org.apache.catalina.core.ApplicationFilterChain.doFilter(ApplicationFilterChain.java:206)
	at com.thetransactioncompany.cors.CORSFilter.doFilter(CORSFilter.java:208)
	at com.thetransactioncompany.cors.CORSFilter.doFilter(CORSFilter.java:274)
	at org.apache.catalina.core.ApplicationFilterChain.internalDoFilter(ApplicationFilterChain.java:239)
	at org.apache.catalina.core.ApplicationFilterChain.doFilter(ApplicationFilterChain.java:206)
	at org.apache.catalina.core.StandardWrapperValve.invoke(StandardWrapperValve.java:219)
	at org.apache.catalina.core.StandardContextValve.invoke(StandardContextValve.java:106)
	at org.apache.catalina.authenticator.AuthenticatorBase.invoke(AuthenticatorBase.java:501)
	at org.apache.catalina.core.StandardHostValve.invoke(StandardHostValve.java:142)
	at org.apache.catalina.valves.ErrorReportValve.invoke(ErrorReportValve.java:79)
	at org.apache.catalina.core.StandardEngineValve.invoke(StandardEngineValve.java:88)
	at org.apache.catalina.connector.CoyoteAdapter.service(CoyoteAdapter.java:537)
	at org.apache.coyote.http11.AbstractHttp11Processor.process(AbstractHttp11Processor.java:1085)
	at org.apache.coyote.AbstractProtocol$AbstractConnectionHandler.process(AbstractProtocol.java:658)
	at org.apache.coyote.http11.Http11NioProtocol$Http11ConnectionHandler.process(Http11NioProtocol.java:222)
	at org.apache.tomcat.util.net.NioEndpoint$SocketProcessor.doRun(NioEndpoint.java:1556)
	at org.apache.tomcat.util.net.NioEndpoint$SocketProcessor.run(NioEndpoint.java:1513)
	at java.util.concurrent.ThreadPoolExecutor.runWorker(ThreadPoolExecutor.java:1142)
	at java.util.concurrent.ThreadPoolExecutor$Worker.run(ThreadPoolExecutor.java:617)
	at org.apache.tomcat.util.threads.TaskThread$WrappingRunnable.run(TaskThread.java:61)
	at java.lang.Thread.run(Thread.java:745)


11-Feb-2016 12:42:22.558 WARNING [http-nio-8080-exec-1] null.null The following warnings have been detected: WARNING: Unknown HK2 failure detected:
MultiException stack 1 of 2
java.lang.IllegalArgumentException: The Connection was null. Ugh!
	at com.monumental.trampoline.datasources.DbProcessor.open(Unknown Source)
	at com.monumental.trampoline.datasources.DbProcessor.<init>(Unknown Source)
	at com.monumental.trampoline.component.CompDbBridge.<init>(Unknown Source)
	at com.monumental.trampoline.component.CompDbController.newCompBridge(Unknown Source)
	at com.monumental.trampoline.component.CompDbController.<init>(Unknown Source)
	at com.monumental.trampoline.component.CompManager.newCompController(Unknown Source)
	at com.monumental.trampoline.component.CompManager.init(Unknown Source)
	at com.monumental.trampoline.component.CompManager.init(Unknown Source)
	at com.kredible.services.MembersService.<init>(MembersService.java:33)
	at sun.reflect.GeneratedConstructorAccessor37.newInstance(Unknown Source)
	at sun.reflect.DelegatingConstructorAccessorImpl.newInstance(DelegatingConstructorAccessorImpl.java:45)
	at java.lang.reflect.Constructor.newInstance(Constructor.java:422)
	at org.glassfish.hk2.utilities.reflection.ReflectionHelper.makeMe(ReflectionHelper.java:1129)
	at org.jvnet.hk2.internal.ClazzCreator.createMe(ClazzCreator.java:274)
	at org.jvnet.hk2.internal.ClazzCreator.create(ClazzCreator.java:368)
	at org.jvnet.hk2.internal.SystemDescriptor.create(SystemDescriptor.java:471)
	at org.glassfish.jersey.process.internal.RequestScope.findOrCreate(RequestScope.java:162)
	at org.jvnet.hk2.internal.Utilities.createService(Utilities.java:2064)
	at org.jvnet.hk2.internal.ServiceLocatorImpl.internalGetService(ServiceLocatorImpl.java:711)
	at org.jvnet.hk2.internal.ServiceLocatorImpl.getService(ServiceLocatorImpl.java:653)
	at org.glassfish.jersey.internal.inject.Injections.getOrCreate(Injections.java:169)
	at org.glassfish.jersey.server.model.MethodHandler$ClassBasedMethodHandler.getInstance(MethodHandler.java:185)
	at org.glassfish.jersey.server.internal.routing.PushMethodHandlerRouter.apply(PushMethodHandlerRouter.java:74)
	at org.glassfish.jersey.server.internal.routing.RoutingStage._apply(RoutingStage.java:109)
	at org.glassfish.jersey.server.internal.routing.RoutingStage._apply(RoutingStage.java:112)
	at org.glassfish.jersey.server.internal.routing.RoutingStage._apply(RoutingStage.java:112)
	at org.glassfish.jersey.server.internal.routing.RoutingStage._apply(RoutingStage.java:112)
	at org.glassfish.jersey.server.internal.routing.RoutingStage._apply(RoutingStage.java:112)
	at org.glassfish.jersey.server.internal.routing.RoutingStage.apply(RoutingStage.java:92)
	at org.glassfish.jersey.server.internal.routing.RoutingStage.apply(RoutingStage.java:61)
	at org.glassfish.jersey.process.internal.Stages.process(Stages.java:197)
	at org.glassfish.jersey.server.ServerRuntime$2.run(ServerRuntime.java:297)
	at org.glassfish.jersey.internal.Errors$1.call(Errors.java:271)
	at org.glassfish.jersey.internal.Errors$1.call(Errors.java:267)
	at org.glassfish.jersey.internal.Errors.process(Errors.java:315)
	at org.glassfish.jersey.internal.Errors.process(Errors.java:297)
	at org.glassfish.jersey.internal.Errors.process(Errors.java:267)
	at org.glassfish.jersey.process.internal.RequestScope.runInScope(RequestScope.java:317)
	at org.glassfish.jersey.server.ServerRuntime.process(ServerRuntime.java:288)
	at org.glassfish.jersey.server.ApplicationHandler.handle(ApplicationHandler.java:1110)
	at org.glassfish.jersey.servlet.WebComponent.service(WebComponent.java:401)
	at org.glassfish.jersey.servlet.ServletContainer.service(ServletContainer.java:386)
	at org.glassfish.jersey.servlet.ServletContainer.service(ServletContainer.java:335)
	at org.glassfish.jersey.servlet.ServletContainer.service(ServletContainer.java:222)
	at org.apache.catalina.core.ApplicationFilterChain.internalDoFilter(ApplicationFilterChain.java:291)
	at org.apache.catalina.core.ApplicationFilterChain.doFilter(ApplicationFilterChain.java:206)
	at org.apache.tomcat.websocket.server.WsFilter.doFilter(WsFilter.java:52)
	at org.apache.catalina.core.ApplicationFilterChain.internalDoFilter(ApplicationFilterChain.java:239)
	at org.apache.catalina.core.ApplicationFilterChain.doFilter(ApplicationFilterChain.java:206)
	at com.kredible.services.AuthenticationFilter.doFilter(AuthenticationFilter.java:32)
	at org.apache.catalina.core.ApplicationFilterChain.internalDoFilter(ApplicationFilterChain.java:239)
	at org.apache.catalina.core.ApplicationFilterChain.doFilter(ApplicationFilterChain.java:206)
	at com.thetransactioncompany.cors.CORSFilter.doFilter(CORSFilter.java:208)
	at com.thetransactioncompany.cors.CORSFilter.doFilter(CORSFilter.java:274)
	at org.apache.catalina.core.ApplicationFilterChain.internalDoFilter(ApplicationFilterChain.java:239)
	at org.apache.catalina.core.ApplicationFilterChain.doFilter(ApplicationFilterChain.java:206)
	at org.apache.catalina.core.StandardWrapperValve.invoke(StandardWrapperValve.java:219)
	at org.apache.catalina.core.StandardContextValve.invoke(StandardContextValve.java:106)
	at org.apache.catalina.authenticator.AuthenticatorBase.invoke(AuthenticatorBase.java:501)
	at org.apache.catalina.core.StandardHostValve.invoke(StandardHostValve.java:142)
	at org.apache.catalina.valves.ErrorReportValve.invoke(ErrorReportValve.java:79)
	at org.apache.catalina.core.StandardEngineValve.invoke(StandardEngineValve.java:88)
	at org.apache.catalina.connector.CoyoteAdapter.service(CoyoteAdapter.java:537)
	at org.apache.coyote.http11.AbstractHttp11Processor.process(AbstractHttp11Processor.java:1085)
	at org.apache.coyote.AbstractProtocol$AbstractConnectionHandler.process(AbstractProtocol.java:658)
	at org.apache.coyote.http11.Http11NioProtocol$Http11ConnectionHandler.process(Http11NioProtocol.java:222)
	at org.apache.tomcat.util.net.NioEndpoint$SocketProcessor.doRun(NioEndpoint.java:1556)
	at org.apache.tomcat.util.net.NioEndpoint$SocketProcessor.run(NioEndpoint.java:1513)
	at java.util.concurrent.ThreadPoolExecutor.runWorker(ThreadPoolExecutor.java:1142)
	at java.util.concurrent.ThreadPoolExecutor$Worker.run(ThreadPoolExecutor.java:617)
	at org.apache.tomcat.util.threads.TaskThread$WrappingRunnable.run(TaskThread.java:61)
	at java.lang.Thread.run(Thread.java:745)
MultiException stack 2 of 2
java.lang.IllegalStateException: Unable to perform operation: create on com.kredible.services.MembersService
	at org.jvnet.hk2.internal.ClazzCreator.create(ClazzCreator.java:395)
	at org.jvnet.hk2.internal.SystemDescriptor.create(SystemDescriptor.java:471)
	at org.glassfish.jersey.process.internal.RequestScope.findOrCreate(RequestScope.java:162)
	at org.jvnet.hk2.internal.Utilities.createService(Utilities.java:2064)
	at org.jvnet.hk2.internal.ServiceLocatorImpl.internalGetService(ServiceLocatorImpl.java:711)
	at org.jvnet.hk2.internal.ServiceLocatorImpl.getService(ServiceLocatorImpl.java:653)
	at org.glassfish.jersey.internal.inject.Injections.getOrCreate(Injections.java:169)
	at org.glassfish.jersey.server.model.MethodHandler$ClassBasedMethodHandler.getInstance(MethodHandler.java:185)
	at org.glassfish.jersey.server.internal.routing.PushMethodHandlerRouter.apply(PushMethodHandlerRouter.java:74)
	at org.glassfish.jersey.server.internal.routing.RoutingStage._apply(RoutingStage.java:109)
	at org.glassfish.jersey.server.internal.routing.RoutingStage._apply(RoutingStage.java:112)
	at org.glassfish.jersey.server.internal.routing.RoutingStage._apply(RoutingStage.java:112)
	at org.glassfish.jersey.server.internal.routing.RoutingStage._apply(RoutingStage.java:112)
	at org.glassfish.jersey.server.internal.routing.RoutingStage._apply(RoutingStage.java:112)
	at org.glassfish.jersey.server.internal.routing.RoutingStage.apply(RoutingStage.java:92)
	at org.glassfish.jersey.server.internal.routing.RoutingStage.apply(RoutingStage.java:61)
	at org.glassfish.jersey.process.internal.Stages.process(Stages.java:197)
	at org.glassfish.jersey.server.ServerRuntime$2.run(ServerRuntime.java:297)
	at org.glassfish.jersey.internal.Errors$1.call(Errors.java:271)
	at org.glassfish.jersey.internal.Errors$1.call(Errors.java:267)
	at org.glassfish.jersey.internal.Errors.process(Errors.java:315)
	at org.glassfish.jersey.internal.Errors.process(Errors.java:297)
	at org.glassfish.jersey.internal.Errors.process(Errors.java:267)
	at org.glassfish.jersey.process.internal.RequestScope.runInScope(RequestScope.java:317)
	at org.glassfish.jersey.server.ServerRuntime.process(ServerRuntime.java:288)
	at org.glassfish.jersey.server.ApplicationHandler.handle(ApplicationHandler.java:1110)
	at org.glassfish.jersey.servlet.WebComponent.service(WebComponent.java:401)
	at org.glassfish.jersey.servlet.ServletContainer.service(ServletContainer.java:386)
	at org.glassfish.jersey.servlet.ServletContainer.service(ServletContainer.java:335)
	at org.glassfish.jersey.servlet.ServletContainer.service(ServletContainer.java:222)
	at org.apache.catalina.core.ApplicationFilterChain.internalDoFilter(ApplicationFilterChain.java:291)
	at org.apache.catalina.core.ApplicationFilterChain.doFilter(ApplicationFilterChain.java:206)
	at org.apache.tomcat.websocket.server.WsFilter.doFilter(WsFilter.java:52)
	at org.apache.catalina.core.ApplicationFilterChain.internalDoFilter(ApplicationFilterChain.java:239)
	at org.apache.catalina.core.ApplicationFilterChain.doFilter(ApplicationFilterChain.java:206)
	at com.kredible.services.AuthenticationFilter.doFilter(AuthenticationFilter.java:32)
	at org.apache.catalina.core.ApplicationFilterChain.internalDoFilter(ApplicationFilterChain.java:239)
	at org.apache.catalina.core.ApplicationFilterChain.doFilter(ApplicationFilterChain.java:206)
	at com.thetransactioncompany.cors.CORSFilter.doFilter(CORSFilter.java:208)
	at com.thetransactioncompany.cors.CORSFilter.doFilter(CORSFilter.java:274)
	at org.apache.catalina.core.ApplicationFilterChain.internalDoFilter(ApplicationFilterChain.java:239)
	at org.apache.catalina.core.ApplicationFilterChain.doFilter(ApplicationFilterChain.java:206)
	at org.apache.catalina.core.StandardWrapperValve.invoke(StandardWrapperValve.java:219)
	at org.apache.catalina.core.StandardContextValve.invoke(StandardContextValve.java:106)
	at org.apache.catalina.authenticator.AuthenticatorBase.invoke(AuthenticatorBase.java:501)
	at org.apache.catalina.core.StandardHostValve.invoke(StandardHostValve.java:142)
	at org.apache.catalina.valves.ErrorReportValve.invoke(ErrorReportValve.java:79)
	at org.apache.catalina.core.StandardEngineValve.invoke(StandardEngineValve.java:88)
	at org.apache.catalina.connector.CoyoteAdapter.service(CoyoteAdapter.java:537)
	at org.apache.coyote.http11.AbstractHttp11Processor.process(AbstractHttp11Processor.java:1085)
	at org.apache.coyote.AbstractProtocol$AbstractConnectionHandler.process(AbstractProtocol.java:658)
	at org.apache.coyote.http11.Http11NioProtocol$Http11ConnectionHandler.process(Http11NioProtocol.java:222)
	at org.apache.tomcat.util.net.NioEndpoint$SocketProcessor.doRun(NioEndpoint.java:1556)
	at org.apache.tomcat.util.net.NioEndpoint$SocketProcessor.run(NioEndpoint.java:1513)
	at java.util.concurrent.ThreadPoolExecutor.runWorker(ThreadPoolExecutor.java:1142)
	at java.util.concurrent.ThreadPoolExecutor$Worker.run(ThreadPoolExecutor.java:617)
	at org.apache.tomcat.util.threads.TaskThread$WrappingRunnable.run(TaskThread.java:61)
	at java.lang.Thread.run(Thread.java:745)


11-Feb-2016 12:45:31.161 INFO [main] org.apache.catalina.core.StandardServer.await A valid shutdown command was received via the shutdown port. Stopping the Server instance.
11-Feb-2016 12:45:31.162 INFO [main] org.apache.coyote.AbstractProtocol.pause Pausing ProtocolHandler ["http-nio-8080"]
11-Feb-2016 12:45:31.216 INFO [main] org.apache.coyote.AbstractProtocol.pause Pausing ProtocolHandler ["ajp-nio-8009"]
11-Feb-2016 12:45:31.268 INFO [main] org.apache.catalina.core.StandardService.stopInternal Stopping service Catalina
11-Feb-2016 12:45:31.296 WARNING [localhost-startStop-2] org.apache.catalina.loader.WebappClassLoaderBase.clearReferencesThreads The web application [ROOT] appears to have started a thread named [Abandoned connection cleanup thread] but has failed to stop it. This is very likely to create a memory leak. Stack trace of thread:
 java.lang.Object.wait(Native Method)
 java.lang.ref.ReferenceQueue.remove(ReferenceQueue.java:143)
 com.mysql.jdbc.AbandonedConnectionCleanupThread.run(AbandonedConnectionCleanupThread.java:43)
11-Feb-2016 12:45:31.297 WARNING [localhost-startStop-2] org.apache.catalina.loader.WebappClassLoaderBase.clearReferencesThreads The web application [ROOT] appears to have started a thread named [Abandoned connection cleanup thread] but has failed to stop it. This is very likely to create a memory leak. Stack trace of thread:
 java.lang.Object.wait(Native Method)
 java.lang.ref.ReferenceQueue.remove(ReferenceQueue.java:143)
 com.mysql.jdbc.AbandonedConnectionCleanupThread.run(AbandonedConnectionCleanupThread.java:43)
11-Feb-2016 12:45:31.298 SEVERE [localhost-startStop-2] org.apache.catalina.loader.WebappClassLoaderBase.checkThreadLocalMapForLeaks The web application [ROOT] created a ThreadLocal with key of type [org.jvnet.hk2.internal.PerLocatorUtilities$1] (value [org.jvnet.hk2.internal.PerLocatorUtilities$1@1fc2aae5]) and a value of type [java.util.WeakHashMap] (value [{}]) but failed to remove it when the web application was stopped. Threads are going to be renewed over time to try and avoid a probable memory leak.
11-Feb-2016 12:45:31.298 SEVERE [localhost-startStop-2] org.apache.catalina.loader.WebappClassLoaderBase.checkThreadLocalMapForLeaks The web application [ROOT] created a ThreadLocal with key of type [org.jvnet.hk2.internal.PerLocatorUtilities$1] (value [org.jvnet.hk2.internal.PerLocatorUtilities$1@1fc2aae5]) and a value of type [java.util.WeakHashMap] (value [{}]) but failed to remove it when the web application was stopped. Threads are going to be renewed over time to try and avoid a probable memory leak.
11-Feb-2016 12:45:31.298 SEVERE [localhost-startStop-2] org.apache.catalina.loader.WebappClassLoaderBase.checkThreadLocalMapForLeaks The web application [ROOT] created a ThreadLocal with key of type [org.jvnet.hk2.internal.PerLocatorUtilities$2] (value [org.jvnet.hk2.internal.PerLocatorUtilities$2@4fc02f0a]) and a value of type [java.util.WeakHashMap] (value [{javax.servlet.http.HttpServletResponse com.kredible.services.MembersService.hsp=org.jvnet.hk2.internal.SoftAnnotatedElementAnnotationInfo@38ed973d, public org.glassfish.jersey.servlet.WebComponent$HttpServletResponseReferencingFactory(javax.inject.Provider)=org.jvnet.hk2.internal.SoftAnnotatedElementAnnotationInfo@51920fce}]) but failed to remove it when the web application was stopped. Threads are going to be renewed over time to try and avoid a probable memory leak.
11-Feb-2016 12:45:31.299 SEVERE [localhost-startStop-2] org.apache.catalina.loader.WebappClassLoaderBase.checkThreadLocalMapForLeaks The web application [ROOT] created a ThreadLocal with key of type [org.jvnet.hk2.internal.PerLocatorUtilities$1] (value [org.jvnet.hk2.internal.PerLocatorUtilities$1@1fc2aae5]) and a value of type [java.util.WeakHashMap] (value [{}]) but failed to remove it when the web application was stopped. Threads are going to be renewed over time to try and avoid a probable memory leak.
11-Feb-2016 12:45:31.299 SEVERE [localhost-startStop-2] org.apache.catalina.loader.WebappClassLoaderBase.checkThreadLocalMapForLeaks The web application [ROOT] created a ThreadLocal with key of type [org.jvnet.hk2.internal.PerLocatorUtilities$2] (value [org.jvnet.hk2.internal.PerLocatorUtilities$2@4fc02f0a]) and a value of type [java.util.WeakHashMap] (value [{javax.servlet.http.HttpServletRequest com.kredible.services.MembersService.hsr=org.jvnet.hk2.internal.SoftAnnotatedElementAnnotationInfo@5b8d129b, public org.glassfish.jersey.servlet.WebComponent$HttpServletRequestReferencingFactory(javax.inject.Provider)=org.jvnet.hk2.internal.SoftAnnotatedElementAnnotationInfo@157bce9f}]) but failed to remove it when the web application was stopped. Threads are going to be renewed over time to try and avoid a probable memory leak.
11-Feb-2016 12:45:31.299 SEVERE [localhost-startStop-2] org.apache.catalina.loader.WebappClassLoaderBase.checkThreadLocalMapForLeaks The web application [ROOT] created a ThreadLocal with key of type [org.jvnet.hk2.internal.PerLocatorUtilities$1] (value [org.jvnet.hk2.internal.PerLocatorUtilities$1@1fc2aae5]) and a value of type [java.util.WeakHashMap] (value [{}]) but failed to remove it when the web application was stopped. Threads are going to be renewed over time to try and avoid a probable memory leak.
11-Feb-2016 12:45:31.299 SEVERE [localhost-startStop-2] org.apache.catalina.loader.WebappClassLoaderBase.checkThreadLocalMapForLeaks The web application [ROOT] created a ThreadLocal with key of type [org.jvnet.hk2.internal.PerLocatorUtilities$1] (value [org.jvnet.hk2.internal.PerLocatorUtilities$1@1fc2aae5]) and a value of type [java.util.WeakHashMap] (value [{}]) but failed to remove it when the web application was stopped. Threads are going to be renewed over time to try and avoid a probable memory leak.
11-Feb-2016 12:45:31.299 SEVERE [localhost-startStop-2] org.apache.catalina.loader.WebappClassLoaderBase.checkThreadLocalMapForLeaks The web application [ROOT] created a ThreadLocal with key of type [org.jvnet.hk2.internal.PerLocatorUtilities$2] (value [org.jvnet.hk2.internal.PerLocatorUtilities$2@4fc02f0a]) and a value of type [java.util.WeakHashMap] (value [{protected org.glassfish.jersey.server.internal.process.ServerProcessingBinder$ContainerRequestFactory(javax.inject.Provider)=org.jvnet.hk2.internal.SoftAnnotatedElementAnnotationInfo@41fbf772}]) but failed to remove it when the web application was stopped. Threads are going to be renewed over time to try and avoid a probable memory leak.
11-Feb-2016 12:45:31.299 SEVERE [localhost-startStop-2] org.apache.catalina.loader.WebappClassLoaderBase.checkThreadLocalMapForLeaks The web application [ROOT] created a ThreadLocal with key of type [org.jvnet.hk2.internal.PerLocatorUtilities$1] (value [org.jvnet.hk2.internal.PerLocatorUtilities$1@1fc2aae5]) and a value of type [java.util.WeakHashMap] (value [{}]) but failed to remove it when the web application was stopped. Threads are going to be renewed over time to try and avoid a probable memory leak.
11-Feb-2016 12:45:31.300 SEVERE [localhost-startStop-2] org.apache.catalina.loader.WebappClassLoaderBase.checkThreadLocalMapForLeaks The web application [ROOT] created a ThreadLocal with key of type [org.jvnet.hk2.internal.PerLocatorUtilities$1] (value [org.jvnet.hk2.internal.PerLocatorUtilities$1@1fc2aae5]) and a value of type [java.util.WeakHashMap] (value [{}]) but failed to remove it when the web application was stopped. Threads are going to be renewed over time to try and avoid a probable memory leak.
11-Feb-2016 12:45:31.300 SEVERE [localhost-startStop-2] org.apache.catalina.loader.WebappClassLoaderBase.checkThreadLocalMapForLeaks The web application [ROOT] created a ThreadLocal with key of type [org.jvnet.hk2.internal.PerLocatorUtilities$1] (value [org.jvnet.hk2.internal.PerLocatorUtilities$1@1fc2aae5]) and a value of type [java.util.WeakHashMap] (value [{}]) but failed to remove it when the web application was stopped. Threads are going to be renewed over time to try and avoid a probable memory leak.
11-Feb-2016 12:45:31.300 SEVERE [localhost-startStop-2] org.apache.catalina.loader.WebappClassLoaderBase.checkThreadLocalMapForLeaks The web application [ROOT] created a ThreadLocal with key of type [org.jvnet.hk2.internal.PerLocatorUtilities$1] (value [org.jvnet.hk2.internal.PerLocatorUtilities$1@1fc2aae5]) and a value of type [java.util.WeakHashMap] (value [{}]) but failed to remove it when the web application was stopped. Threads are going to be renewed over time to try and avoid a probable memory leak.
11-Feb-2016 12:45:31.300 SEVERE [localhost-startStop-2] org.apache.catalina.loader.WebappClassLoaderBase.checkThreadLocalMapForLeaks The web application [ROOT] created a ThreadLocal with key of type [org.jvnet.hk2.internal.PerLocatorUtilities$1] (value [org.jvnet.hk2.internal.PerLocatorUtilities$1@1fc2aae5]) and a value of type [java.util.WeakHashMap] (value [{}]) but failed to remove it when the web application was stopped. Threads are going to be renewed over time to try and avoid a probable memory leak.
11-Feb-2016 12:45:31.305 INFO [main] org.apache.coyote.AbstractProtocol.stop Stopping ProtocolHandler ["http-nio-8080"]
11-Feb-2016 12:45:31.307 INFO [main] org.apache.coyote.AbstractProtocol.stop Stopping ProtocolHandler ["ajp-nio-8009"]
11-Feb-2016 12:45:31.307 INFO [main] org.apache.coyote.AbstractProtocol.destroy Destroying ProtocolHandler ["http-nio-8080"]
11-Feb-2016 12:45:31.308 INFO [main] org.apache.coyote.AbstractProtocol.destroy Destroying ProtocolHandler ["ajp-nio-8009"]
11-Feb-2016 12:45:34.539 INFO [main] org.apache.catalina.startup.VersionLoggerListener.log Server version:        Apache Tomcat/8.0.15
11-Feb-2016 12:45:34.541 INFO [main] org.apache.catalina.startup.VersionLoggerListener.log Server built:          Nov 2 2014 19:25:20 UTC
11-Feb-2016 12:45:34.541 INFO [main] org.apache.catalina.startup.VersionLoggerListener.log Server number:         8.0.15.0
11-Feb-2016 12:45:34.541 INFO [main] org.apache.catalina.startup.VersionLoggerListener.log OS Name:               Mac OS X
11-Feb-2016 12:45:34.541 INFO [main] org.apache.catalina.startup.VersionLoggerListener.log OS Version:            10.11.2
11-Feb-2016 12:45:34.541 INFO [main] org.apache.catalina.startup.VersionLoggerListener.log Architecture:          x86_64
11-Feb-2016 12:45:34.542 INFO [main] org.apache.catalina.startup.VersionLoggerListener.log JAVA_HOME:             /Library/Java/JavaVirtualMachines/jdk1.8.0_40.jdk/Contents/Home/jre
11-Feb-2016 12:45:34.542 INFO [main] org.apache.catalina.startup.VersionLoggerListener.log JVM Version:           1.8.0_40-b27
11-Feb-2016 12:45:34.542 INFO [main] org.apache.catalina.startup.VersionLoggerListener.log JVM Vendor:            Oracle Corporation
11-Feb-2016 12:45:34.542 INFO [main] org.apache.catalina.startup.VersionLoggerListener.log CATALINA_BASE:         /Users/tkk/Development/Kredible/tomcatPer
11-Feb-2016 12:45:34.542 INFO [main] org.apache.catalina.startup.VersionLoggerListener.log CATALINA_HOME:         /Users/tkk/Development/Kredible/tomcatPer
11-Feb-2016 12:45:34.543 INFO [main] org.apache.catalina.startup.VersionLoggerListener.log Command line argument: -Djava.util.logging.config.file=/Users/tkk/Development/Kredible/tomcatPer/conf/logging.properties
11-Feb-2016 12:45:34.543 INFO [main] org.apache.catalina.startup.VersionLoggerListener.log Command line argument: -Djava.util.logging.manager=org.apache.juli.ClassLoaderLogManager
11-Feb-2016 12:45:34.543 INFO [main] org.apache.catalina.startup.VersionLoggerListener.log Command line argument: -Djava.endorsed.dirs=/Users/tkk/Development/Kredible/tomcatPer/endorsed
11-Feb-2016 12:45:34.543 INFO [main] org.apache.catalina.startup.VersionLoggerListener.log Command line argument: -Dcatalina.base=/Users/tkk/Development/Kredible/tomcatPer
11-Feb-2016 12:45:34.543 INFO [main] org.apache.catalina.startup.VersionLoggerListener.log Command line argument: -Dcatalina.home=/Users/tkk/Development/Kredible/tomcatPer
11-Feb-2016 12:45:34.543 INFO [main] org.apache.catalina.startup.VersionLoggerListener.log Command line argument: -Djava.io.tmpdir=/Users/tkk/Development/Kredible/tomcatPer/temp
11-Feb-2016 12:45:34.543 INFO [main] org.apache.catalina.core.AprLifecycleListener.lifecycleEvent The APR based Apache Tomcat Native library which allows optimal performance in production environments was not found on the java.library.path: /Users/tkk/Library/Java/Extensions:/Library/Java/Extensions:/Network/Library/Java/Extensions:/System/Library/Java/Extensions:/usr/lib/java:.
11-Feb-2016 12:45:34.677 INFO [main] org.apache.coyote.AbstractProtocol.init Initializing ProtocolHandler ["http-nio-8080"]
11-Feb-2016 12:45:34.711 INFO [main] org.apache.tomcat.util.net.NioSelectorPool.getSharedSelector Using a shared selector for servlet write/read
11-Feb-2016 12:45:34.713 INFO [main] org.apache.coyote.AbstractProtocol.init Initializing ProtocolHandler ["ajp-nio-8009"]
11-Feb-2016 12:45:34.717 INFO [main] org.apache.tomcat.util.net.NioSelectorPool.getSharedSelector Using a shared selector for servlet write/read
11-Feb-2016 12:45:34.717 INFO [main] org.apache.catalina.startup.Catalina.load Initialization processed in 600 ms
11-Feb-2016 12:45:34.744 INFO [main] org.apache.catalina.core.StandardService.startInternal Starting service Catalina
11-Feb-2016 12:45:34.744 INFO [main] org.apache.catalina.core.StandardEngine.startInternal Starting Servlet Engine: Apache Tomcat/8.0.15
11-Feb-2016 12:45:38.886 WARNING [localhost-startStop-1] org.apache.tomcat.jdbc.pool.ConnectionPool.init initialSize is larger than maxActive, setting initialSize to: 5
11-Feb-2016 12:45:38.886 WARNING [localhost-startStop-1] org.apache.tomcat.jdbc.pool.ConnectionPool.init minIdle is larger than maxActive, setting minIdle to: 5
11-Feb-2016 12:45:38.886 WARNING [localhost-startStop-1] org.apache.tomcat.jdbc.pool.ConnectionPool.init maxIdle is smaller than minIdle, setting maxIdle to: 5
11-Feb-2016 12:45:40.932 WARNING [localhost-startStop-1] null.null The following warnings have been detected: HINT: A HTTP GET method, public void com.kredible.services.MembersService.getUrlAuthRedirect(java.lang.String) throws java.lang.Exception, returns a void type. It can be intentional and perfectly fine, but it is a little uncommon that GET method returns always "204 No Content".

11-Feb-2016 12:45:40.968 INFO [main] org.apache.coyote.AbstractProtocol.start Starting ProtocolHandler ["http-nio-8080"]
11-Feb-2016 12:45:40.973 INFO [main] org.apache.coyote.AbstractProtocol.start Starting ProtocolHandler ["ajp-nio-8009"]
11-Feb-2016 12:45:40.974 INFO [main] org.apache.catalina.startup.Catalina.start Server startup in 6256 ms
11-Feb-2016 13:59:37.733 INFO [ContainerBackgroundProcessor[StandardEngine[Catalina]]] org.apache.catalina.core.StandardContext.reload Reloading Context with name [] has started
11-Feb-2016 13:59:37.765 WARNING [ContainerBackgroundProcessor[StandardEngine[Catalina]]] org.apache.catalina.loader.WebappClassLoaderBase.clearReferencesThreads The web application [ROOT] appears to have started a thread named [Abandoned connection cleanup thread] but has failed to stop it. This is very likely to create a memory leak. Stack trace of thread:
 java.lang.Object.wait(Native Method)
 java.lang.ref.ReferenceQueue.remove(ReferenceQueue.java:143)
 com.mysql.jdbc.AbandonedConnectionCleanupThread.run(AbandonedConnectionCleanupThread.java:43)
11-Feb-2016 13:59:37.765 WARNING [ContainerBackgroundProcessor[StandardEngine[Catalina]]] org.apache.catalina.loader.WebappClassLoaderBase.clearReferencesThreads The web application [ROOT] appears to have started a thread named [Abandoned connection cleanup thread] but has failed to stop it. This is very likely to create a memory leak. Stack trace of thread:
 java.lang.Object.wait(Native Method)
 java.lang.ref.ReferenceQueue.remove(ReferenceQueue.java:143)
 com.mysql.jdbc.AbandonedConnectionCleanupThread.run(AbandonedConnectionCleanupThread.java:43)
11-Feb-2016 13:59:37.767 SEVERE [ContainerBackgroundProcessor[StandardEngine[Catalina]]] org.apache.catalina.loader.WebappClassLoaderBase.checkThreadLocalMapForLeaks The web application [ROOT] created a ThreadLocal with key of type [org.jvnet.hk2.internal.PerLocatorUtilities$1] (value [org.jvnet.hk2.internal.PerLocatorUtilities$1@63cff560]) and a value of type [java.util.WeakHashMap] (value [{}]) but failed to remove it when the web application was stopped. Threads are going to be renewed over time to try and avoid a probable memory leak.
11-Feb-2016 13:59:37.767 SEVERE [ContainerBackgroundProcessor[StandardEngine[Catalina]]] org.apache.catalina.loader.WebappClassLoaderBase.checkThreadLocalMapForLeaks The web application [ROOT] created a ThreadLocal with key of type [org.jvnet.hk2.internal.PerLocatorUtilities$2] (value [org.jvnet.hk2.internal.PerLocatorUtilities$2@2ef0909c]) and a value of type [java.util.WeakHashMap] (value [{javax.servlet.http.HttpServletRequest com.kredible.services.MembersService.hsr=org.jvnet.hk2.internal.SoftAnnotatedElementAnnotationInfo@29aaf44b, javax.servlet.http.HttpServletResponse com.kredible.services.MembersService.hsp=org.jvnet.hk2.internal.SoftAnnotatedElementAnnotationInfo@358532f1, public org.glassfish.jersey.servlet.WebComponent$HttpServletResponseReferencingFactory(javax.inject.Provider)=org.jvnet.hk2.internal.SoftAnnotatedElementAnnotationInfo@297db5d4, public org.glassfish.jersey.servlet.WebComponent$HttpServletRequestReferencingFactory(javax.inject.Provider)=org.jvnet.hk2.internal.SoftAnnotatedElementAnnotationInfo@3a3b417}]) but failed to remove it when the web application was stopped. Threads are going to be renewed over time to try and avoid a probable memory leak.
11-Feb-2016 13:59:37.767 SEVERE [ContainerBackgroundProcessor[StandardEngine[Catalina]]] org.apache.catalina.loader.WebappClassLoaderBase.checkThreadLocalMapForLeaks The web application [ROOT] created a ThreadLocal with key of type [org.jvnet.hk2.internal.PerLocatorUtilities$1] (value [org.jvnet.hk2.internal.PerLocatorUtilities$1@63cff560]) and a value of type [java.util.WeakHashMap] (value [{}]) but failed to remove it when the web application was stopped. Threads are going to be renewed over time to try and avoid a probable memory leak.
11-Feb-2016 13:59:37.767 SEVERE [ContainerBackgroundProcessor[StandardEngine[Catalina]]] org.apache.catalina.loader.WebappClassLoaderBase.checkThreadLocalMapForLeaks The web application [ROOT] created a ThreadLocal with key of type [org.jvnet.hk2.internal.PerLocatorUtilities$2] (value [org.jvnet.hk2.internal.PerLocatorUtilities$2@2ef0909c]) and a value of type [java.util.WeakHashMap] (value [{protected org.glassfish.jersey.server.internal.process.ServerProcessingBinder$ContainerRequestFactory(javax.inject.Provider)=org.jvnet.hk2.internal.SoftAnnotatedElementAnnotationInfo@7d550084}]) but failed to remove it when the web application was stopped. Threads are going to be renewed over time to try and avoid a probable memory leak.
11-Feb-2016 13:59:37.767 SEVERE [ContainerBackgroundProcessor[StandardEngine[Catalina]]] org.apache.catalina.loader.WebappClassLoaderBase.checkThreadLocalMapForLeaks The web application [ROOT] created a ThreadLocal with key of type [org.jvnet.hk2.internal.PerLocatorUtilities$1] (value [org.jvnet.hk2.internal.PerLocatorUtilities$1@63cff560]) and a value of type [java.util.WeakHashMap] (value [{}]) but failed to remove it when the web application was stopped. Threads are going to be renewed over time to try and avoid a probable memory leak.
11-Feb-2016 13:59:37.768 SEVERE [ContainerBackgroundProcessor[StandardEngine[Catalina]]] org.apache.catalina.loader.WebappClassLoaderBase.checkThreadLocalMapForLeaks The web application [ROOT] created a ThreadLocal with key of type [org.jvnet.hk2.internal.PerLocatorUtilities$1] (value [org.jvnet.hk2.internal.PerLocatorUtilities$1@63cff560]) and a value of type [java.util.WeakHashMap] (value [{}]) but failed to remove it when the web application was stopped. Threads are going to be renewed over time to try and avoid a probable memory leak.
11-Feb-2016 13:59:37.768 SEVERE [ContainerBackgroundProcessor[StandardEngine[Catalina]]] org.apache.catalina.loader.WebappClassLoaderBase.checkThreadLocalMapForLeaks The web application [ROOT] created a ThreadLocal with key of type [org.jvnet.hk2.internal.PerLocatorUtilities$1] (value [org.jvnet.hk2.internal.PerLocatorUtilities$1@63cff560]) and a value of type [java.util.WeakHashMap] (value [{}]) but failed to remove it when the web application was stopped. Threads are going to be renewed over time to try and avoid a probable memory leak.
11-Feb-2016 13:59:37.768 SEVERE [ContainerBackgroundProcessor[StandardEngine[Catalina]]] org.apache.catalina.loader.WebappClassLoaderBase.checkThreadLocalMapForLeaks The web application [ROOT] created a ThreadLocal with key of type [org.jvnet.hk2.internal.PerLocatorUtilities$1] (value [org.jvnet.hk2.internal.PerLocatorUtilities$1@63cff560]) and a value of type [java.util.WeakHashMap] (value [{}]) but failed to remove it when the web application was stopped. Threads are going to be renewed over time to try and avoid a probable memory leak.
11-Feb-2016 13:59:37.768 SEVERE [ContainerBackgroundProcessor[StandardEngine[Catalina]]] org.apache.catalina.loader.WebappClassLoaderBase.checkThreadLocalMapForLeaks The web application [ROOT] created a ThreadLocal with key of type [org.jvnet.hk2.internal.PerLocatorUtilities$1] (value [org.jvnet.hk2.internal.PerLocatorUtilities$1@63cff560]) and a value of type [java.util.WeakHashMap] (value [{}]) but failed to remove it when the web application was stopped. Threads are going to be renewed over time to try and avoid a probable memory leak.
11-Feb-2016 13:59:37.768 SEVERE [ContainerBackgroundProcessor[StandardEngine[Catalina]]] org.apache.catalina.loader.WebappClassLoaderBase.checkThreadLocalMapForLeaks The web application [ROOT] created a ThreadLocal with key of type [org.jvnet.hk2.internal.PerLocatorUtilities$1] (value [org.jvnet.hk2.internal.PerLocatorUtilities$1@63cff560]) and a value of type [java.util.WeakHashMap] (value [{}]) but failed to remove it when the web application was stopped. Threads are going to be renewed over time to try and avoid a probable memory leak.
11-Feb-2016 13:59:37.769 SEVERE [ContainerBackgroundProcessor[StandardEngine[Catalina]]] org.apache.catalina.loader.WebappClassLoaderBase.checkThreadLocalMapForLeaks The web application [ROOT] created a ThreadLocal with key of type [org.jvnet.hk2.internal.PerLocatorUtilities$1] (value [org.jvnet.hk2.internal.PerLocatorUtilities$1@63cff560]) and a value of type [java.util.WeakHashMap] (value [{}]) but failed to remove it when the web application was stopped. Threads are going to be renewed over time to try and avoid a probable memory leak.
11-Feb-2016 13:59:37.769 SEVERE [ContainerBackgroundProcessor[StandardEngine[Catalina]]] org.apache.catalina.loader.WebappClassLoaderBase.checkThreadLocalMapForLeaks The web application [ROOT] created a ThreadLocal with key of type [org.jvnet.hk2.internal.PerLocatorUtilities$1] (value [org.jvnet.hk2.internal.PerLocatorUtilities$1@63cff560]) and a value of type [java.util.WeakHashMap] (value [{}]) but failed to remove it when the web application was stopped. Threads are going to be renewed over time to try and avoid a probable memory leak.
11-Feb-2016 13:59:42.072 SEVERE [ContainerBackgroundProcessor[StandardEngine[Catalina]]] org.apache.catalina.core.StandardContext.startInternal Error filterStart
11-Feb-2016 13:59:42.073 SEVERE [ContainerBackgroundProcessor[StandardEngine[Catalina]]] org.apache.catalina.core.StandardContext.startInternal Context [] startup failed due to previous errors
11-Feb-2016 13:59:42.082 WARNING [ContainerBackgroundProcessor[StandardEngine[Catalina]]] org.apache.catalina.loader.WebappClassLoaderBase.clearReferencesThreads The web application [ROOT] appears to have started a thread named [Abandoned connection cleanup thread] but has failed to stop it. This is very likely to create a memory leak. Stack trace of thread:
 java.lang.Object.wait(Native Method)
 java.lang.ref.ReferenceQueue.remove(ReferenceQueue.java:143)
 com.mysql.jdbc.AbandonedConnectionCleanupThread.run(AbandonedConnectionCleanupThread.java:43)
11-Feb-2016 13:59:42.085 INFO [ContainerBackgroundProcessor[StandardEngine[Catalina]]] org.apache.catalina.core.StandardContext.reload Reloading Context with name [] is completed
