15-Jun-2016 11:06:20.928 SEVERE [localhost-startStop-1] org.apache.catalina.core.StandardContext.filterStart Exception starting filter AuthenticationFilter
 java.lang.ClassNotFoundException: com.kredible.services.AuthenticationFilter
	at org.apache.catalina.loader.WebappClassLoaderBase.loadClass(WebappClassLoaderBase.java:1295)
	at org.apache.catalina.loader.WebappClassLoaderBase.loadClass(WebappClassLoaderBase.java:1147)
	at org.apache.catalina.core.DefaultInstanceManager.loadClass(DefaultInstanceManager.java:520)
	at org.apache.catalina.core.DefaultInstanceManager.loadClassMaybePrivileged(DefaultInstanceManager.java:501)
	at org.apache.catalina.core.DefaultInstanceManager.newInstance(DefaultInstanceManager.java:120)
	at org.apache.catalina.core.ApplicationFilterConfig.getFilter(ApplicationFilterConfig.java:258)
	at org.apache.catalina.core.ApplicationFilterConfig.<init>(ApplicationFilterConfig.java:105)
	at org.apache.catalina.core.StandardContext.filterStart(StandardContext.java:4615)
	at org.apache.catalina.core.StandardContext.startInternal(StandardContext.java:5222)
	at org.apache.catalina.util.LifecycleBase.start(LifecycleBase.java:150)
	at org.apache.catalina.core.ContainerBase$StartChild.call(ContainerBase.java:1409)
	at org.apache.catalina.core.ContainerBase$StartChild.call(ContainerBase.java:1399)
	at java.util.concurrent.FutureTask.run(FutureTask.java:266)
	at java.util.concurrent.ThreadPoolExecutor.runWorker(ThreadPoolExecutor.java:1142)
	at java.util.concurrent.ThreadPoolExecutor$Worker.run(ThreadPoolExecutor.java:617)
	at java.lang.Thread.run(Thread.java:745)

15-Jun-2016 12:53:03.091 SEVERE [http-nio-8080-exec-9] org.apache.catalina.core.StandardWrapperValve.invoke Servlet.service() for servlet [jsp] in context with path [] threw exception [An exception occurred processing JSP page /trampoline/projects/process.jsp at line 750

747: if(action.equals("test_factor_responses")) {
748: 	Profile profile = new Profile();
749: 	profile.setId(Integer.parseInt(request.getParameter(Profile.PARAM)));
750: 	CFactorProcessor.processAllFactorsForProfile(profile);
751: 	redirect = request.getContextPath() + "/trampoline/projects/profiles.jsp?" + Project.PARAM + "=" + contid;
752: }
753: 


Stacktrace:] with root cause
 java.lang.ClassNotFoundException: net.loomchild.segment.TextIterator
	at org.apache.catalina.loader.WebappClassLoaderBase.loadClass(WebappClassLoaderBase.java:1295)
	at org.apache.catalina.loader.WebappClassLoaderBase.loadClass(WebappClassLoaderBase.java:1147)
	at org.languagetool.tokenizers.SRXSentenceTokenizer.<init>(SRXSentenceTokenizer.java:53)
	at org.languagetool.tokenizers.SimpleSentenceTokenizer.<init>(SimpleSentenceTokenizer.java:37)
	at org.languagetool.Language.<clinit>(Language.java:60)
	at com.kredible.cfactors.CFConditionProcessor.testSpellingAndGrammar(CFConditionProcessor.java:481)
	at com.kredible.cfactors.CFConditionProcessor.testStringSubConditions(CFConditionProcessor.java:343)
	at com.kredible.cfactors.CFConditionProcessor.testCondition(CFConditionProcessor.java:79)
	at com.kredible.cfactors.CFactorProcessorMM.processQuestion(CFactorProcessorMM.java:755)
	at com.kredible.cfactors.CFactorProcessorMM.processFactor(CFactorProcessorMM.java:708)
	at com.kredible.cfactors.CFactorProcessorMM.processAllFactorsForProfile(CFactorProcessorMM.java:462)
	at org.apache.jsp.trampoline.projects.process_jsp._jspService(process_jsp.java:971)
	at org.apache.jasper.runtime.HttpJspBase.service(HttpJspBase.java:70)
	at javax.servlet.http.HttpServlet.service(HttpServlet.java:725)
	at org.apache.jasper.servlet.JspServletWrapper.service(JspServletWrapper.java:432)
	at org.apache.jasper.servlet.JspServlet.serviceJspFile(JspServlet.java:396)
	at org.apache.jasper.servlet.JspServlet.service(JspServlet.java:340)
	at javax.servlet.http.HttpServlet.service(HttpServlet.java:725)
	at org.apache.catalina.core.ApplicationFilterChain.internalDoFilter(ApplicationFilterChain.java:291)
	at org.apache.catalina.core.ApplicationFilterChain.doFilter(ApplicationFilterChain.java:206)
	at org.apache.tomcat.websocket.server.WsFilter.doFilter(WsFilter.java:52)
	at org.apache.catalina.core.ApplicationFilterChain.internalDoFilter(ApplicationFilterChain.java:239)
	at org.apache.catalina.core.ApplicationFilterChain.doFilter(ApplicationFilterChain.java:206)
	at com.monumental.trampoline.utilities.filters.CharsetFilter.doFilter(Unknown Source)
	at org.apache.catalina.core.ApplicationFilterChain.internalDoFilter(ApplicationFilterChain.java:239)
	at org.apache.catalina.core.ApplicationFilterChain.doFilter(ApplicationFilterChain.java:206)
	at org.apache.catalina.core.StandardWrapperValve.invoke(StandardWrapperValve.java:219)
	at org.apache.catalina.core.StandardContextValve.invoke(StandardContextValve.java:106)
	at org.apache.catalina.authenticator.AuthenticatorBase.invoke(AuthenticatorBase.java:501)
	at org.apache.catalina.core.StandardHostValve.invoke(StandardHostValve.java:142)
	at org.apache.catalina.valves.ErrorReportValve.invoke(ErrorReportValve.java:79)
	at org.apache.catalina.core.StandardEngineValve.invoke(StandardEngineValve.java:88)
	at org.apache.catalina.connector.CoyoteAdapter.service(CoyoteAdapter.java:537)
	at org.apache.coyote.http11.AbstractHttp11Processor.process(AbstractHttp11Processor.java:1085)
	at org.apache.coyote.AbstractProtocol$AbstractConnectionHandler.process(AbstractProtocol.java:658)
	at org.apache.coyote.http11.Http11NioProtocol$Http11ConnectionHandler.process(Http11NioProtocol.java:222)
	at org.apache.tomcat.util.net.NioEndpoint$SocketProcessor.doRun(NioEndpoint.java:1556)
	at org.apache.tomcat.util.net.NioEndpoint$SocketProcessor.run(NioEndpoint.java:1513)
	at java.util.concurrent.ThreadPoolExecutor.runWorker(ThreadPoolExecutor.java:1142)
	at java.util.concurrent.ThreadPoolExecutor$Worker.run(ThreadPoolExecutor.java:617)
	at org.apache.tomcat.util.threads.TaskThread$WrappingRunnable.run(TaskThread.java:61)
	at java.lang.Thread.run(Thread.java:745)

15-Jun-2016 13:19:06.014 SEVERE [http-nio-8080-exec-2] org.apache.catalina.core.StandardWrapperValve.invoke Servlet.service() for servlet [jsp] in context with path [] threw exception [javax.servlet.ServletException: java.lang.NoClassDefFoundError: morfologik/fsa/builders/FSABuilder] with root cause
 java.lang.ClassNotFoundException: morfologik.fsa.builders.FSABuilder
	at org.apache.catalina.loader.WebappClassLoaderBase.loadClass(WebappClassLoaderBase.java:1295)
	at org.apache.catalina.loader.WebappClassLoaderBase.loadClass(WebappClassLoaderBase.java:1147)
	at org.languagetool.rules.spelling.morfologik.MorfologikMultiSpeller.getDictionary(MorfologikMultiSpeller.java:113)
	at org.languagetool.rules.spelling.morfologik.MorfologikMultiSpeller.getPlainTextDictSpellerOrNull(MorfologikMultiSpeller.java:90)
	at org.languagetool.rules.spelling.morfologik.MorfologikMultiSpeller.<init>(MorfologikMultiSpeller.java:69)
	at org.languagetool.rules.spelling.morfologik.MorfologikMultiSpeller.<init>(MorfologikMultiSpeller.java:50)
	at org.languagetool.rules.spelling.morfologik.MorfologikSpellerRule.initSpeller(MorfologikSpellerRule.java:133)
	at org.languagetool.rules.spelling.morfologik.MorfologikSpellerRule.match(MorfologikSpellerRule.java:91)
	at org.languagetool.JLanguageTool.checkAnalyzedSentence(JLanguageTool.java:594)
	at org.languagetool.JLanguageTool$TextCheckCallable.call(JLanguageTool.java:945)
	at org.languagetool.JLanguageTool$TextCheckCallable.call(JLanguageTool.java:897)
	at org.languagetool.JLanguageTool.performCheck(JLanguageTool.java:556)
	at org.languagetool.JLanguageTool.check(JLanguageTool.java:511)
	at org.languagetool.JLanguageTool.check(JLanguageTool.java:461)
	at org.languagetool.JLanguageTool.check(JLanguageTool.java:457)
	at com.kredible.cfactors.CFConditionProcessor.testSpellingAndGrammar(CFConditionProcessor.java:489)
	at com.kredible.cfactors.CFConditionProcessor.testStringSubConditions(CFConditionProcessor.java:343)
	at com.kredible.cfactors.CFConditionProcessor.testCondition(CFConditionProcessor.java:79)
	at com.kredible.cfactors.CFactorProcessorMM.processQuestion(CFactorProcessorMM.java:755)
	at com.kredible.cfactors.CFactorProcessorMM.processFactor(CFactorProcessorMM.java:708)
	at com.kredible.cfactors.CFactorProcessorMM.processAllFactorsForProfile(CFactorProcessorMM.java:462)
	at org.apache.jsp.trampoline.projects.process_jsp._jspService(process_jsp.java:971)
	at org.apache.jasper.runtime.HttpJspBase.service(HttpJspBase.java:70)
	at javax.servlet.http.HttpServlet.service(HttpServlet.java:725)
	at org.apache.jasper.servlet.JspServletWrapper.service(JspServletWrapper.java:432)
	at org.apache.jasper.servlet.JspServlet.serviceJspFile(JspServlet.java:396)
	at org.apache.jasper.servlet.JspServlet.service(JspServlet.java:340)
	at javax.servlet.http.HttpServlet.service(HttpServlet.java:725)
	at org.apache.catalina.core.ApplicationFilterChain.internalDoFilter(ApplicationFilterChain.java:291)
	at org.apache.catalina.core.ApplicationFilterChain.doFilter(ApplicationFilterChain.java:206)
	at org.apache.tomcat.websocket.server.WsFilter.doFilter(WsFilter.java:52)
	at org.apache.catalina.core.ApplicationFilterChain.internalDoFilter(ApplicationFilterChain.java:239)
	at org.apache.catalina.core.ApplicationFilterChain.doFilter(ApplicationFilterChain.java:206)
	at com.monumental.trampoline.utilities.filters.CharsetFilter.doFilter(Unknown Source)
	at org.apache.catalina.core.ApplicationFilterChain.internalDoFilter(ApplicationFilterChain.java:239)
	at org.apache.catalina.core.ApplicationFilterChain.doFilter(ApplicationFilterChain.java:206)
	at org.apache.catalina.core.StandardWrapperValve.invoke(StandardWrapperValve.java:219)
	at org.apache.catalina.core.StandardContextValve.invoke(StandardContextValve.java:106)
	at org.apache.catalina.authenticator.AuthenticatorBase.invoke(AuthenticatorBase.java:501)
	at org.apache.catalina.core.StandardHostValve.invoke(StandardHostValve.java:142)
	at org.apache.catalina.valves.ErrorReportValve.invoke(ErrorReportValve.java:79)
	at org.apache.catalina.core.StandardEngineValve.invoke(StandardEngineValve.java:88)
	at org.apache.catalina.connector.CoyoteAdapter.service(CoyoteAdapter.java:537)
	at org.apache.coyote.http11.AbstractHttp11Processor.process(AbstractHttp11Processor.java:1085)
	at org.apache.coyote.AbstractProtocol$AbstractConnectionHandler.process(AbstractProtocol.java:658)
	at org.apache.coyote.http11.Http11NioProtocol$Http11ConnectionHandler.process(Http11NioProtocol.java:222)
	at org.apache.tomcat.util.net.NioEndpoint$SocketProcessor.doRun(NioEndpoint.java:1556)
	at org.apache.tomcat.util.net.NioEndpoint$SocketProcessor.run(NioEndpoint.java:1513)
	at java.util.concurrent.ThreadPoolExecutor.runWorker(ThreadPoolExecutor.java:1142)
	at java.util.concurrent.ThreadPoolExecutor$Worker.run(ThreadPoolExecutor.java:617)
	at org.apache.tomcat.util.threads.TaskThread$WrappingRunnable.run(TaskThread.java:61)
	at java.lang.Thread.run(Thread.java:745)

15-Jun-2016 13:24:51.892 SEVERE [http-nio-8080-exec-6] org.apache.catalina.core.StandardWrapperValve.invoke Servlet.service() for servlet [jsp] in context with path [] threw exception [javax.servlet.ServletException: java.lang.NoClassDefFoundError: morfologik/fsa/builders/FSABuilder] with root cause
 java.lang.ClassNotFoundException: morfologik.fsa.builders.FSABuilder
	at org.apache.catalina.loader.WebappClassLoaderBase.loadClass(WebappClassLoaderBase.java:1295)
	at org.apache.catalina.loader.WebappClassLoaderBase.loadClass(WebappClassLoaderBase.java:1147)
	at org.languagetool.rules.spelling.morfologik.MorfologikMultiSpeller.getDictionary(MorfologikMultiSpeller.java:113)
	at org.languagetool.rules.spelling.morfologik.MorfologikMultiSpeller.getPlainTextDictSpellerOrNull(MorfologikMultiSpeller.java:90)
	at org.languagetool.rules.spelling.morfologik.MorfologikMultiSpeller.<init>(MorfologikMultiSpeller.java:69)
	at org.languagetool.rules.spelling.morfologik.MorfologikMultiSpeller.<init>(MorfologikMultiSpeller.java:50)
	at org.languagetool.rules.spelling.morfologik.MorfologikSpellerRule.initSpeller(MorfologikSpellerRule.java:133)
	at org.languagetool.rules.spelling.morfologik.MorfologikSpellerRule.match(MorfologikSpellerRule.java:91)
	at org.languagetool.JLanguageTool.checkAnalyzedSentence(JLanguageTool.java:594)
	at org.languagetool.JLanguageTool$TextCheckCallable.call(JLanguageTool.java:945)
	at org.languagetool.JLanguageTool$TextCheckCallable.call(JLanguageTool.java:897)
	at org.languagetool.JLanguageTool.performCheck(JLanguageTool.java:556)
	at org.languagetool.JLanguageTool.check(JLanguageTool.java:511)
	at org.languagetool.JLanguageTool.check(JLanguageTool.java:461)
	at org.languagetool.JLanguageTool.check(JLanguageTool.java:457)
	at com.kredible.cfactors.CFConditionProcessor.testSpellingAndGrammar(CFConditionProcessor.java:489)
	at com.kredible.cfactors.CFConditionProcessor.testStringSubConditions(CFConditionProcessor.java:343)
	at com.kredible.cfactors.CFConditionProcessor.testCondition(CFConditionProcessor.java:79)
	at com.kredible.cfactors.CFactorProcessorMM.processQuestion(CFactorProcessorMM.java:755)
	at com.kredible.cfactors.CFactorProcessorMM.processFactor(CFactorProcessorMM.java:708)
	at com.kredible.cfactors.CFactorProcessorMM.processAllFactorsForProfile(CFactorProcessorMM.java:462)
	at org.apache.jsp.trampoline.projects.process_jsp._jspService(process_jsp.java:971)
	at org.apache.jasper.runtime.HttpJspBase.service(HttpJspBase.java:70)
	at javax.servlet.http.HttpServlet.service(HttpServlet.java:725)
	at org.apache.jasper.servlet.JspServletWrapper.service(JspServletWrapper.java:432)
	at org.apache.jasper.servlet.JspServlet.serviceJspFile(JspServlet.java:396)
	at org.apache.jasper.servlet.JspServlet.service(JspServlet.java:340)
	at javax.servlet.http.HttpServlet.service(HttpServlet.java:725)
	at org.apache.catalina.core.ApplicationFilterChain.internalDoFilter(ApplicationFilterChain.java:291)
	at org.apache.catalina.core.ApplicationFilterChain.doFilter(ApplicationFilterChain.java:206)
	at org.apache.tomcat.websocket.server.WsFilter.doFilter(WsFilter.java:52)
	at org.apache.catalina.core.ApplicationFilterChain.internalDoFilter(ApplicationFilterChain.java:239)
	at org.apache.catalina.core.ApplicationFilterChain.doFilter(ApplicationFilterChain.java:206)
	at com.monumental.trampoline.utilities.filters.CharsetFilter.doFilter(Unknown Source)
	at org.apache.catalina.core.ApplicationFilterChain.internalDoFilter(ApplicationFilterChain.java:239)
	at org.apache.catalina.core.ApplicationFilterChain.doFilter(ApplicationFilterChain.java:206)
	at org.apache.catalina.core.StandardWrapperValve.invoke(StandardWrapperValve.java:219)
	at org.apache.catalina.core.StandardContextValve.invoke(StandardContextValve.java:106)
	at org.apache.catalina.authenticator.AuthenticatorBase.invoke(AuthenticatorBase.java:501)
	at org.apache.catalina.core.StandardHostValve.invoke(StandardHostValve.java:142)
	at org.apache.catalina.valves.ErrorReportValve.invoke(ErrorReportValve.java:79)
	at org.apache.catalina.core.StandardEngineValve.invoke(StandardEngineValve.java:88)
	at org.apache.catalina.connector.CoyoteAdapter.service(CoyoteAdapter.java:537)
	at org.apache.coyote.http11.AbstractHttp11Processor.process(AbstractHttp11Processor.java:1085)
	at org.apache.coyote.AbstractProtocol$AbstractConnectionHandler.process(AbstractProtocol.java:658)
	at org.apache.coyote.http11.Http11NioProtocol$Http11ConnectionHandler.process(Http11NioProtocol.java:222)
	at org.apache.tomcat.util.net.NioEndpoint$SocketProcessor.doRun(NioEndpoint.java:1556)
	at org.apache.tomcat.util.net.NioEndpoint$SocketProcessor.run(NioEndpoint.java:1513)
	at java.util.concurrent.ThreadPoolExecutor.runWorker(ThreadPoolExecutor.java:1142)
	at java.util.concurrent.ThreadPoolExecutor$Worker.run(ThreadPoolExecutor.java:617)
	at org.apache.tomcat.util.threads.TaskThread$WrappingRunnable.run(TaskThread.java:61)
	at java.lang.Thread.run(Thread.java:745)

15-Jun-2016 13:26:25.468 SEVERE [http-nio-8080-exec-9] org.apache.catalina.core.StandardWrapperValve.invoke Servlet.service() for servlet [jsp] in context with path [] threw exception [javax.servlet.ServletException: java.lang.NoClassDefFoundError: com/carrotsearch/hppc/IntIntHashMap] with root cause
 java.lang.ClassNotFoundException: com.carrotsearch.hppc.IntIntHashMap
	at org.apache.catalina.loader.WebappClassLoaderBase.loadClass(WebappClassLoaderBase.java:1295)
	at org.apache.catalina.loader.WebappClassLoaderBase.loadClass(WebappClassLoaderBase.java:1147)
	at morfologik.fsa.builders.CFSA2Serializer.<init>(CFSA2Serializer.java:65)
	at org.languagetool.rules.spelling.morfologik.MorfologikMultiSpeller.getDictionary(MorfologikMultiSpeller.java:115)
	at org.languagetool.rules.spelling.morfologik.MorfologikMultiSpeller.getPlainTextDictSpellerOrNull(MorfologikMultiSpeller.java:90)
	at org.languagetool.rules.spelling.morfologik.MorfologikMultiSpeller.<init>(MorfologikMultiSpeller.java:69)
	at org.languagetool.rules.spelling.morfologik.MorfologikMultiSpeller.<init>(MorfologikMultiSpeller.java:50)
	at org.languagetool.rules.spelling.morfologik.MorfologikSpellerRule.initSpeller(MorfologikSpellerRule.java:133)
	at org.languagetool.rules.spelling.morfologik.MorfologikSpellerRule.match(MorfologikSpellerRule.java:91)
	at org.languagetool.JLanguageTool.checkAnalyzedSentence(JLanguageTool.java:594)
	at org.languagetool.JLanguageTool$TextCheckCallable.call(JLanguageTool.java:945)
	at org.languagetool.JLanguageTool$TextCheckCallable.call(JLanguageTool.java:897)
	at org.languagetool.JLanguageTool.performCheck(JLanguageTool.java:556)
	at org.languagetool.JLanguageTool.check(JLanguageTool.java:511)
	at org.languagetool.JLanguageTool.check(JLanguageTool.java:461)
	at org.languagetool.JLanguageTool.check(JLanguageTool.java:457)
	at com.kredible.cfactors.CFConditionProcessor.testSpellingAndGrammar(CFConditionProcessor.java:489)
	at com.kredible.cfactors.CFConditionProcessor.testStringSubConditions(CFConditionProcessor.java:343)
	at com.kredible.cfactors.CFConditionProcessor.testCondition(CFConditionProcessor.java:79)
	at com.kredible.cfactors.CFactorProcessorMM.processQuestion(CFactorProcessorMM.java:755)
	at com.kredible.cfactors.CFactorProcessorMM.processFactor(CFactorProcessorMM.java:708)
	at com.kredible.cfactors.CFactorProcessorMM.processAllFactorsForProfile(CFactorProcessorMM.java:462)
	at org.apache.jsp.trampoline.projects.process_jsp._jspService(process_jsp.java:971)
	at org.apache.jasper.runtime.HttpJspBase.service(HttpJspBase.java:70)
	at javax.servlet.http.HttpServlet.service(HttpServlet.java:725)
	at org.apache.jasper.servlet.JspServletWrapper.service(JspServletWrapper.java:432)
	at org.apache.jasper.servlet.JspServlet.serviceJspFile(JspServlet.java:396)
	at org.apache.jasper.servlet.JspServlet.service(JspServlet.java:340)
	at javax.servlet.http.HttpServlet.service(HttpServlet.java:725)
	at org.apache.catalina.core.ApplicationFilterChain.internalDoFilter(ApplicationFilterChain.java:291)
	at org.apache.catalina.core.ApplicationFilterChain.doFilter(ApplicationFilterChain.java:206)
	at org.apache.tomcat.websocket.server.WsFilter.doFilter(WsFilter.java:52)
	at org.apache.catalina.core.ApplicationFilterChain.internalDoFilter(ApplicationFilterChain.java:239)
	at org.apache.catalina.core.ApplicationFilterChain.doFilter(ApplicationFilterChain.java:206)
	at com.monumental.trampoline.utilities.filters.CharsetFilter.doFilter(Unknown Source)
	at org.apache.catalina.core.ApplicationFilterChain.internalDoFilter(ApplicationFilterChain.java:239)
	at org.apache.catalina.core.ApplicationFilterChain.doFilter(ApplicationFilterChain.java:206)
	at org.apache.catalina.core.StandardWrapperValve.invoke(StandardWrapperValve.java:219)
	at org.apache.catalina.core.StandardContextValve.invoke(StandardContextValve.java:106)
	at org.apache.catalina.authenticator.AuthenticatorBase.invoke(AuthenticatorBase.java:501)
	at org.apache.catalina.core.StandardHostValve.invoke(StandardHostValve.java:142)
	at org.apache.catalina.valves.ErrorReportValve.invoke(ErrorReportValve.java:79)
	at org.apache.catalina.core.StandardEngineValve.invoke(StandardEngineValve.java:88)
	at org.apache.catalina.connector.CoyoteAdapter.service(CoyoteAdapter.java:537)
	at org.apache.coyote.http11.AbstractHttp11Processor.process(AbstractHttp11Processor.java:1085)
	at org.apache.coyote.AbstractProtocol$AbstractConnectionHandler.process(AbstractProtocol.java:658)
	at org.apache.coyote.http11.Http11NioProtocol$Http11ConnectionHandler.process(Http11NioProtocol.java:222)
	at org.apache.tomcat.util.net.NioEndpoint$SocketProcessor.doRun(NioEndpoint.java:1556)
	at org.apache.tomcat.util.net.NioEndpoint$SocketProcessor.run(NioEndpoint.java:1513)
	at java.util.concurrent.ThreadPoolExecutor.runWorker(ThreadPoolExecutor.java:1142)
	at java.util.concurrent.ThreadPoolExecutor$Worker.run(ThreadPoolExecutor.java:617)
	at org.apache.tomcat.util.threads.TaskThread$WrappingRunnable.run(TaskThread.java:61)
	at java.lang.Thread.run(Thread.java:745)

15-Jun-2016 13:55:56.112 SEVERE [http-nio-8080-exec-4] org.apache.catalina.core.StandardWrapperValve.invoke Servlet.service() for servlet [jsp] in context with path [] threw exception [javax.servlet.ServletException: java.lang.NoClassDefFoundError: org/languagetool/language/AmericanEnglish] with root cause
 java.lang.ClassNotFoundException: org.languagetool.language.AmericanEnglish
	at org.apache.catalina.loader.WebappClassLoaderBase.loadClass(WebappClassLoaderBase.java:1295)
	at org.apache.catalina.loader.WebappClassLoaderBase.loadClass(WebappClassLoaderBase.java:1147)
	at com.kredible.cfactors.CFactorProcessorMM.<init>(CFactorProcessorMM.java:50)
	at org.apache.jsp.trampoline.projects.process_jsp._jspService(process_jsp.java:246)
	at org.apache.jasper.runtime.HttpJspBase.service(HttpJspBase.java:70)
	at javax.servlet.http.HttpServlet.service(HttpServlet.java:725)
	at org.apache.jasper.servlet.JspServletWrapper.service(JspServletWrapper.java:432)
	at org.apache.jasper.servlet.JspServlet.serviceJspFile(JspServlet.java:396)
	at org.apache.jasper.servlet.JspServlet.service(JspServlet.java:340)
	at javax.servlet.http.HttpServlet.service(HttpServlet.java:725)
	at org.apache.catalina.core.ApplicationFilterChain.internalDoFilter(ApplicationFilterChain.java:291)
	at org.apache.catalina.core.ApplicationFilterChain.doFilter(ApplicationFilterChain.java:206)
	at org.apache.tomcat.websocket.server.WsFilter.doFilter(WsFilter.java:52)
	at org.apache.catalina.core.ApplicationFilterChain.internalDoFilter(ApplicationFilterChain.java:239)
	at org.apache.catalina.core.ApplicationFilterChain.doFilter(ApplicationFilterChain.java:206)
	at com.monumental.trampoline.utilities.filters.CharsetFilter.doFilter(Unknown Source)
	at org.apache.catalina.core.ApplicationFilterChain.internalDoFilter(ApplicationFilterChain.java:239)
	at org.apache.catalina.core.ApplicationFilterChain.doFilter(ApplicationFilterChain.java:206)
	at org.apache.catalina.core.StandardWrapperValve.invoke(StandardWrapperValve.java:219)
	at org.apache.catalina.core.StandardContextValve.invoke(StandardContextValve.java:106)
	at org.apache.catalina.authenticator.AuthenticatorBase.invoke(AuthenticatorBase.java:501)
	at org.apache.catalina.core.StandardHostValve.invoke(StandardHostValve.java:142)
	at org.apache.catalina.valves.ErrorReportValve.invoke(ErrorReportValve.java:79)
	at org.apache.catalina.core.StandardEngineValve.invoke(StandardEngineValve.java:88)
	at org.apache.catalina.connector.CoyoteAdapter.service(CoyoteAdapter.java:537)
	at org.apache.coyote.http11.AbstractHttp11Processor.process(AbstractHttp11Processor.java:1085)
	at org.apache.coyote.AbstractProtocol$AbstractConnectionHandler.process(AbstractProtocol.java:658)
	at org.apache.coyote.http11.Http11NioProtocol$Http11ConnectionHandler.process(Http11NioProtocol.java:222)
	at org.apache.tomcat.util.net.NioEndpoint$SocketProcessor.doRun(NioEndpoint.java:1556)
	at org.apache.tomcat.util.net.NioEndpoint$SocketProcessor.run(NioEndpoint.java:1513)
	at java.util.concurrent.ThreadPoolExecutor.runWorker(ThreadPoolExecutor.java:1142)
	at java.util.concurrent.ThreadPoolExecutor$Worker.run(ThreadPoolExecutor.java:617)
	at org.apache.tomcat.util.threads.TaskThread$WrappingRunnable.run(TaskThread.java:61)
	at java.lang.Thread.run(Thread.java:745)

15-Jun-2016 15:07:42.286 SEVERE [ContainerBackgroundProcessor[StandardEngine[Catalina]]] org.apache.catalina.core.StandardContext.filterStart Exception starting filter AuthenticationFilter
 java.lang.ClassNotFoundException: com.kredible.services.AuthenticationFilter
	at org.apache.catalina.loader.WebappClassLoaderBase.loadClass(WebappClassLoaderBase.java:1295)
	at org.apache.catalina.loader.WebappClassLoaderBase.loadClass(WebappClassLoaderBase.java:1147)
	at org.apache.catalina.core.DefaultInstanceManager.loadClass(DefaultInstanceManager.java:520)
	at org.apache.catalina.core.DefaultInstanceManager.loadClassMaybePrivileged(DefaultInstanceManager.java:501)
	at org.apache.catalina.core.DefaultInstanceManager.newInstance(DefaultInstanceManager.java:120)
	at org.apache.catalina.core.ApplicationFilterConfig.getFilter(ApplicationFilterConfig.java:258)
	at org.apache.catalina.core.ApplicationFilterConfig.<init>(ApplicationFilterConfig.java:105)
	at org.apache.catalina.core.StandardContext.filterStart(StandardContext.java:4615)
	at org.apache.catalina.core.StandardContext.startInternal(StandardContext.java:5222)
	at org.apache.catalina.util.LifecycleBase.start(LifecycleBase.java:150)
	at org.apache.catalina.core.StandardContext.reload(StandardContext.java:3796)
	at org.apache.catalina.loader.WebappLoader.backgroundProcess(WebappLoader.java:292)
	at org.apache.catalina.core.StandardContext.backgroundProcess(StandardContext.java:5551)
	at org.apache.catalina.core.ContainerBase$ContainerBackgroundProcessor.processChildren(ContainerBase.java:1378)
	at org.apache.catalina.core.ContainerBase$ContainerBackgroundProcessor.processChildren(ContainerBase.java:1382)
	at org.apache.catalina.core.ContainerBase$ContainerBackgroundProcessor.processChildren(ContainerBase.java:1382)
	at org.apache.catalina.core.ContainerBase$ContainerBackgroundProcessor.run(ContainerBase.java:1350)
	at java.lang.Thread.run(Thread.java:745)

