Sep 16, 2013 2:04:29 PM org.apache.catalina.core.ApplicationDispatcher invoke
SEVERE: Servlet.service() for servlet jsp threw exception
org.apache.jasper.JasperException: Unable to compile class for JSP: 

An error occurred at line: [14] in the generated java file: [/Users/tomkat/Development/clients/ECS/Source/trunk/tomcat/work/Catalina/localhost/_/org/apache/jsp/trampoline/common/interface_/modules_jsp.java]
Only a type can be imported. com.kredible.reports.Report resolves to a package

An error occurred at line: [15] in the generated java file: [/Users/tomkat/Development/clients/ECS/Source/trunk/tomcat/work/Catalina/localhost/_/org/apache/jsp/trampoline/common/interface_/modules_jsp.java]
Only a type can be imported. com.kredible.profiles.Profile resolves to a package

An error occurred at line: [16] in the generated java file: [/Users/tomkat/Development/clients/ECS/Source/trunk/tomcat/work/Catalina/localhost/_/org/apache/jsp/trampoline/common/interface_/modules_jsp.java]
Only a type can be imported. com.kredible.projects.Project resolves to a package

An error occurred at line: [17] in the generated java file: [/Users/tomkat/Development/clients/ECS/Source/trunk/tomcat/work/Catalina/localhost/_/org/apache/jsp/trampoline/common/interface_/modules_jsp.java]
Only a type can be imported. com.kredible.liApiFields.LinkedInApiField resolves to a package

An error occurred at line: [18] in the generated java file: [/Users/tomkat/Development/clients/ECS/Source/trunk/tomcat/work/Catalina/localhost/_/org/apache/jsp/trampoline/common/interface_/modules_jsp.java]
Only a type can be imported. com.kredible.pdfInserts.PdfInsertTemplate resolves to a package

An error occurred at line: [19] in the generated java file: [/Users/tomkat/Development/clients/ECS/Source/trunk/tomcat/work/Catalina/localhost/_/org/apache/jsp/trampoline/common/interface_/modules_jsp.java]
Only a type can be imported. com.kredible.manualResponses.ManualResponseTemplate resolves to a package

An error occurred at line: [20] in the generated java file: [/Users/tomkat/Development/clients/ECS/Source/trunk/tomcat/work/Catalina/localhost/_/org/apache/jsp/trampoline/common/interface_/modules_jsp.java]
Only a type can be imported. com.kredible.manualResponses.ManualResponse resolves to a package

An error occurred at line: [21] in the generated java file: [/Users/tomkat/Development/clients/ECS/Source/trunk/tomcat/work/Catalina/localhost/_/org/apache/jsp/trampoline/common/interface_/modules_jsp.java]
Only a type can be imported. com.kredible.grading.GradingTemplate resolves to a package

An error occurred at line: [22] in the generated java file: [/Users/tomkat/Development/clients/ECS/Source/trunk/tomcat/work/Catalina/localhost/_/org/apache/jsp/trampoline/common/interface_/modules_jsp.java]
Only a type can be imported. com.kredible.grading.GradingCategory resolves to a package

Stacktrace:
	at org.apache.jasper.compiler.DefaultErrorHandler.javacError(DefaultErrorHandler.java:103)
	at org.apache.jasper.compiler.ErrorDispatcher.javacError(ErrorDispatcher.java:331)
	at org.apache.jasper.compiler.JDTCompiler.generateClass(JDTCompiler.java:468)
	at org.apache.jasper.compiler.Compiler.compile(Compiler.java:378)
	at org.apache.jasper.compiler.Compiler.compile(Compiler.java:353)
	at org.apache.jasper.compiler.Compiler.compile(Compiler.java:340)
	at org.apache.jasper.JspCompilationContext.compile(JspCompilationContext.java:646)
	at org.apache.jasper.servlet.JspServletWrapper.service(JspServletWrapper.java:357)
	at org.apache.jasper.servlet.JspServlet.serviceJspFile(JspServlet.java:390)
	at org.apache.jasper.servlet.JspServlet.service(JspServlet.java:334)
	at javax.servlet.http.HttpServlet.service(HttpServlet.java:728)
	at org.apache.catalina.core.ApplicationFilterChain.internalDoFilter(ApplicationFilterChain.java:305)
	at org.apache.catalina.core.ApplicationFilterChain.doFilter(ApplicationFilterChain.java:210)
	at org.apache.catalina.core.ApplicationDispatcher.invoke(ApplicationDispatcher.java:749)
	at org.apache.catalina.core.ApplicationDispatcher.doInclude(ApplicationDispatcher.java:605)
	at org.apache.catalina.core.ApplicationDispatcher.include(ApplicationDispatcher.java:544)
	at org.apache.jasper.runtime.JspRuntimeLibrary.include(JspRuntimeLibrary.java:954)
	at org.apache.jsp.trampoline.index_jsp._jspService(index_jsp.java:350)
	at org.apache.jasper.runtime.HttpJspBase.service(HttpJspBase.java:70)
	at javax.servlet.http.HttpServlet.service(HttpServlet.java:728)
	at org.apache.jasper.servlet.JspServletWrapper.service(JspServletWrapper.java:432)
	at org.apache.jasper.servlet.JspServlet.serviceJspFile(JspServlet.java:390)
	at org.apache.jasper.servlet.JspServlet.service(JspServlet.java:334)
	at javax.servlet.http.HttpServlet.service(HttpServlet.java:728)
	at org.apache.catalina.core.ApplicationFilterChain.internalDoFilter(ApplicationFilterChain.java:305)
	at org.apache.catalina.core.ApplicationFilterChain.doFilter(ApplicationFilterChain.java:210)
	at com.monumental.trampoline.utilities.filters.CharsetFilter.doFilter(Unknown Source)
	at org.apache.catalina.core.ApplicationFilterChain.internalDoFilter(ApplicationFilterChain.java:243)
	at org.apache.catalina.core.ApplicationFilterChain.doFilter(ApplicationFilterChain.java:210)
	at org.apache.catalina.core.StandardWrapperValve.invoke(StandardWrapperValve.java:222)
	at org.apache.catalina.core.StandardContextValve.invoke(StandardContextValve.java:123)
	at org.apache.catalina.authenticator.AuthenticatorBase.invoke(AuthenticatorBase.java:472)
	at org.apache.catalina.core.StandardHostValve.invoke(StandardHostValve.java:171)
	at org.apache.catalina.valves.ErrorReportValve.invoke(ErrorReportValve.java:99)
	at org.apache.catalina.core.StandardEngineValve.invoke(StandardEngineValve.java:118)
	at org.apache.catalina.connector.CoyoteAdapter.service(CoyoteAdapter.java:407)
	at org.apache.coyote.http11.AbstractHttp11Processor.process(AbstractHttp11Processor.java:1004)
	at org.apache.coyote.AbstractProtocol$AbstractConnectionHandler.process(AbstractProtocol.java:589)
	at org.apache.tomcat.util.net.JIoEndpoint$SocketProcessor.run(JIoEndpoint.java:312)
	at java.util.concurrent.ThreadPoolExecutor$Worker.runTask(ThreadPoolExecutor.java:886)
	at java.util.concurrent.ThreadPoolExecutor$Worker.run(ThreadPoolExecutor.java:908)
	at java.lang.Thread.run(Thread.java:680)
Sep 16, 2013 2:04:29 PM org.apache.catalina.core.StandardWrapperValve invoke
SEVERE: Servlet.service() for servlet [jsp] in context with path [] threw exception [Unable to compile class for JSP: 

An error occurred at line: [14] in the generated java file: [/Users/tomkat/Development/clients/ECS/Source/trunk/tomcat/work/Catalina/localhost/_/org/apache/jsp/trampoline/common/interface_/modules_jsp.java]
Only a type can be imported. com.kredible.reports.Report resolves to a package

An error occurred at line: [15] in the generated java file: [/Users/tomkat/Development/clients/ECS/Source/trunk/tomcat/work/Catalina/localhost/_/org/apache/jsp/trampoline/common/interface_/modules_jsp.java]
Only a type can be imported. com.kredible.profiles.Profile resolves to a package

An error occurred at line: [16] in the generated java file: [/Users/tomkat/Development/clients/ECS/Source/trunk/tomcat/work/Catalina/localhost/_/org/apache/jsp/trampoline/common/interface_/modules_jsp.java]
Only a type can be imported. com.kredible.projects.Project resolves to a package

An error occurred at line: [17] in the generated java file: [/Users/tomkat/Development/clients/ECS/Source/trunk/tomcat/work/Catalina/localhost/_/org/apache/jsp/trampoline/common/interface_/modules_jsp.java]
Only a type can be imported. com.kredible.liApiFields.LinkedInApiField resolves to a package

An error occurred at line: [18] in the generated java file: [/Users/tomkat/Development/clients/ECS/Source/trunk/tomcat/work/Catalina/localhost/_/org/apache/jsp/trampoline/common/interface_/modules_jsp.java]
Only a type can be imported. com.kredible.pdfInserts.PdfInsertTemplate resolves to a package

An error occurred at line: [19] in the generated java file: [/Users/tomkat/Development/clients/ECS/Source/trunk/tomcat/work/Catalina/localhost/_/org/apache/jsp/trampoline/common/interface_/modules_jsp.java]
Only a type can be imported. com.kredible.manualResponses.ManualResponseTemplate resolves to a package

An error occurred at line: [20] in the generated java file: [/Users/tomkat/Development/clients/ECS/Source/trunk/tomcat/work/Catalina/localhost/_/org/apache/jsp/trampoline/common/interface_/modules_jsp.java]
Only a type can be imported. com.kredible.manualResponses.ManualResponse resolves to a package

An error occurred at line: [21] in the generated java file: [/Users/tomkat/Development/clients/ECS/Source/trunk/tomcat/work/Catalina/localhost/_/org/apache/jsp/trampoline/common/interface_/modules_jsp.java]
Only a type can be imported. com.kredible.grading.GradingTemplate resolves to a package

An error occurred at line: [22] in the generated java file: [/Users/tomkat/Development/clients/ECS/Source/trunk/tomcat/work/Catalina/localhost/_/org/apache/jsp/trampoline/common/interface_/modules_jsp.java]
Only a type can be imported. com.kredible.grading.GradingCategory resolves to a package

Stacktrace:] with root cause
org.apache.jasper.JasperException: Unable to compile class for JSP: 

An error occurred at line: [14] in the generated java file: [/Users/tomkat/Development/clients/ECS/Source/trunk/tomcat/work/Catalina/localhost/_/org/apache/jsp/trampoline/common/interface_/modules_jsp.java]
Only a type can be imported. com.kredible.reports.Report resolves to a package

An error occurred at line: [15] in the generated java file: [/Users/tomkat/Development/clients/ECS/Source/trunk/tomcat/work/Catalina/localhost/_/org/apache/jsp/trampoline/common/interface_/modules_jsp.java]
Only a type can be imported. com.kredible.profiles.Profile resolves to a package

An error occurred at line: [16] in the generated java file: [/Users/tomkat/Development/clients/ECS/Source/trunk/tomcat/work/Catalina/localhost/_/org/apache/jsp/trampoline/common/interface_/modules_jsp.java]
Only a type can be imported. com.kredible.projects.Project resolves to a package

An error occurred at line: [17] in the generated java file: [/Users/tomkat/Development/clients/ECS/Source/trunk/tomcat/work/Catalina/localhost/_/org/apache/jsp/trampoline/common/interface_/modules_jsp.java]
Only a type can be imported. com.kredible.liApiFields.LinkedInApiField resolves to a package

An error occurred at line: [18] in the generated java file: [/Users/tomkat/Development/clients/ECS/Source/trunk/tomcat/work/Catalina/localhost/_/org/apache/jsp/trampoline/common/interface_/modules_jsp.java]
Only a type can be imported. com.kredible.pdfInserts.PdfInsertTemplate resolves to a package

An error occurred at line: [19] in the generated java file: [/Users/tomkat/Development/clients/ECS/Source/trunk/tomcat/work/Catalina/localhost/_/org/apache/jsp/trampoline/common/interface_/modules_jsp.java]
Only a type can be imported. com.kredible.manualResponses.ManualResponseTemplate resolves to a package

An error occurred at line: [20] in the generated java file: [/Users/tomkat/Development/clients/ECS/Source/trunk/tomcat/work/Catalina/localhost/_/org/apache/jsp/trampoline/common/interface_/modules_jsp.java]
Only a type can be imported. com.kredible.manualResponses.ManualResponse resolves to a package

An error occurred at line: [21] in the generated java file: [/Users/tomkat/Development/clients/ECS/Source/trunk/tomcat/work/Catalina/localhost/_/org/apache/jsp/trampoline/common/interface_/modules_jsp.java]
Only a type can be imported. com.kredible.grading.GradingTemplate resolves to a package

An error occurred at line: [22] in the generated java file: [/Users/tomkat/Development/clients/ECS/Source/trunk/tomcat/work/Catalina/localhost/_/org/apache/jsp/trampoline/common/interface_/modules_jsp.java]
Only a type can be imported. com.kredible.grading.GradingCategory resolves to a package

Stacktrace:
	at org.apache.jasper.compiler.DefaultErrorHandler.javacError(DefaultErrorHandler.java:103)
	at org.apache.jasper.compiler.ErrorDispatcher.javacError(ErrorDispatcher.java:331)
	at org.apache.jasper.compiler.JDTCompiler.generateClass(JDTCompiler.java:468)
	at org.apache.jasper.compiler.Compiler.compile(Compiler.java:378)
	at org.apache.jasper.compiler.Compiler.compile(Compiler.java:353)
	at org.apache.jasper.compiler.Compiler.compile(Compiler.java:340)
	at org.apache.jasper.JspCompilationContext.compile(JspCompilationContext.java:646)
	at org.apache.jasper.servlet.JspServletWrapper.service(JspServletWrapper.java:357)
	at org.apache.jasper.servlet.JspServlet.serviceJspFile(JspServlet.java:390)
	at org.apache.jasper.servlet.JspServlet.service(JspServlet.java:334)
	at javax.servlet.http.HttpServlet.service(HttpServlet.java:728)
	at org.apache.catalina.core.ApplicationFilterChain.internalDoFilter(ApplicationFilterChain.java:305)
	at org.apache.catalina.core.ApplicationFilterChain.doFilter(ApplicationFilterChain.java:210)
	at org.apache.catalina.core.ApplicationDispatcher.invoke(ApplicationDispatcher.java:749)
	at org.apache.catalina.core.ApplicationDispatcher.doInclude(ApplicationDispatcher.java:605)
	at org.apache.catalina.core.ApplicationDispatcher.include(ApplicationDispatcher.java:544)
	at org.apache.jasper.runtime.JspRuntimeLibrary.include(JspRuntimeLibrary.java:954)
	at org.apache.jsp.trampoline.index_jsp._jspService(index_jsp.java:350)
	at org.apache.jasper.runtime.HttpJspBase.service(HttpJspBase.java:70)
	at javax.servlet.http.HttpServlet.service(HttpServlet.java:728)
	at org.apache.jasper.servlet.JspServletWrapper.service(JspServletWrapper.java:432)
	at org.apache.jasper.servlet.JspServlet.serviceJspFile(JspServlet.java:390)
	at org.apache.jasper.servlet.JspServlet.service(JspServlet.java:334)
	at javax.servlet.http.HttpServlet.service(HttpServlet.java:728)
	at org.apache.catalina.core.ApplicationFilterChain.internalDoFilter(ApplicationFilterChain.java:305)
	at org.apache.catalina.core.ApplicationFilterChain.doFilter(ApplicationFilterChain.java:210)
	at com.monumental.trampoline.utilities.filters.CharsetFilter.doFilter(Unknown Source)
	at org.apache.catalina.core.ApplicationFilterChain.internalDoFilter(ApplicationFilterChain.java:243)
	at org.apache.catalina.core.ApplicationFilterChain.doFilter(ApplicationFilterChain.java:210)
	at org.apache.catalina.core.StandardWrapperValve.invoke(StandardWrapperValve.java:222)
	at org.apache.catalina.core.StandardContextValve.invoke(StandardContextValve.java:123)
	at org.apache.catalina.authenticator.AuthenticatorBase.invoke(AuthenticatorBase.java:472)
	at org.apache.catalina.core.StandardHostValve.invoke(StandardHostValve.java:171)
	at org.apache.catalina.valves.ErrorReportValve.invoke(ErrorReportValve.java:99)
	at org.apache.catalina.core.StandardEngineValve.invoke(StandardEngineValve.java:118)
	at org.apache.catalina.connector.CoyoteAdapter.service(CoyoteAdapter.java:407)
	at org.apache.coyote.http11.AbstractHttp11Processor.process(AbstractHttp11Processor.java:1004)
	at org.apache.coyote.AbstractProtocol$AbstractConnectionHandler.process(AbstractProtocol.java:589)
	at org.apache.tomcat.util.net.JIoEndpoint$SocketProcessor.run(JIoEndpoint.java:312)
	at java.util.concurrent.ThreadPoolExecutor$Worker.runTask(ThreadPoolExecutor.java:886)
	at java.util.concurrent.ThreadPoolExecutor$Worker.run(ThreadPoolExecutor.java:908)
	at java.lang.Thread.run(Thread.java:680)
